Log file open, 04/29/18 23:34:16
LogWindows: Failed to load 'aqProf.dll' (GetLastError=126)
LogWindows: File 'aqProf.dll' does not exist
LogWindows: Failed to load 'VtuneApi.dll' (GetLastError=126)
LogWindows: File 'VtuneApi.dll' does not exist
LogWindows: Failed to load 'VtuneApi32e.dll' (GetLastError=126)
LogWindows: File 'VtuneApi32e.dll' does not exist
LogInit: Display: Running engine for game: MyProject2
LogPlatformFile: Not using cached read wrapper
LogInit: Display: RandInit(1741742692) SRandInit(1741742692).
LogInit: Read version file with build ID '3944462'
LogInit: Overriding engine version to CL 3989454, compatible CL 3944462
LogInit: Registered custom module enumerator with build ID '3944462'
LogTaskGraph: Started task graph with 5 named threads and 23 total threads with 3 sets of task threads.
LogStats: Stats thread started at 0.242369
LogD3D11RHI: Aftermath initialized
LogICUInternationalization: Display: ICU TimeZone Detection - Raw Offset: +0:00, Platform Override: ''
LogModuleManager: Display: Found up-to-date module file ../../../Engine/Plugins/2D/Paper2D/Binaries/Win64/UE4Editor-Paper2D.dll (API version 3944462).
LogModuleManager: Display: Found up-to-date module file ../../../Engine/Plugins/2D/Paper2D/Binaries/Win64/UE4Editor-Paper2DEditor.dll (API version 3944462).
LogModuleManager: Display: Found up-to-date module file ../../../Engine/Plugins/2D/Paper2D/Binaries/Win64/UE4Editor-PaperSpriteSheetImporter.dll (API version 3944462).
LogModuleManager: Display: Found up-to-date module file ../../../Engine/Plugins/2D/Paper2D/Binaries/Win64/UE4Editor-PaperTiledImporter.dll (API version 3944462).
LogModuleManager: Display: Found up-to-date module file ../../../Engine/Plugins/2D/Paper2D/Binaries/Win64/UE4Editor-SmartSnapping.dll (API version 3944462).
LogModuleManager: Display: Found up-to-date module file ../../../Engine/Plugins/Blendables/LightPropagationVolume/Binaries/Win64/UE4Editor-LightPropagationVolumeRuntime.dll (API version 3944462).
LogModuleManager: Display: Found up-to-date module file ../../../Engine/Plugins/Blendables/LightPropagationVolume/Binaries/Win64/UE4Editor-LightPropagationVolumeEditor.dll (API version 3944462).
LogModuleManager: Display: Found up-to-date module file ../../../Engine/Plugins/Developer/CLionSourceCodeAccess/Binaries/Win64/UE4Editor-CLionSourceCodeAccess.dll (API version 3944462).
LogModuleManager: Display: Found up-to-date module file ../../../Engine/Plugins/Developer/GitSourceControl/Binaries/Win64/UE4Editor-GitSourceControl.dll (API version 3944462).
LogModuleManager: Display: Found up-to-date module file ../../../Engine/Plugins/Developer/PerforceSourceControl/Binaries/Win64/UE4Editor-PerforceSourceControl.dll (API version 3944462).
LogModuleManager: Display: Found up-to-date module file ../../../Engine/Plugins/Developer/SubversionSourceControl/Binaries/Win64/UE4Editor-SubversionSourceControl.dll (API version 3944462).
LogModuleManager: Display: Found up-to-date module file ../../../Engine/Plugins/Developer/UObjectPlugin/Binaries/Win64/UE4Editor-UObjectPlugin.dll (API version 3944462).
LogModuleManager: Display: Found up-to-date module file ../../../Engine/Plugins/Developer/VisualStudioCodeSourceCodeAccess/Binaries/Win64/UE4Editor-VisualStudioCodeSourceCodeAccess.dll (API version 3944462).
LogModuleManager: Display: Found up-to-date module file ../../../Engine/Plugins/Developer/VisualStudioSourceCodeAccess/Binaries/Win64/UE4Editor-VisualStudioSourceCodeAccess.dll (API version 3944462).
LogModuleManager: Display: Found up-to-date module file ../../../Engine/Plugins/Editor/AssetManagerEditor/Binaries/Win64/UE4Editor-AssetManagerEditor.dll (API version 3944462).
LogModuleManager: Display: Found up-to-date module file ../../../Engine/Plugins/Editor/CryptoKeys/Binaries/Win64/UE4Editor-CryptoKeys.dll (API version 3944462).
LogModuleManager: Display: Found up-to-date module file ../../../Engine/Plugins/Editor/CryptoKeys/Binaries/Win64/UE4Editor-CryptoKeysOpenSSL.dll (API version 3944462).
LogModuleManager: Display: Found up-to-date module file ../../../Engine/Plugins/Editor/DataValidation/Binaries/Win64/UE4Editor-DataValidation.dll (API version 3944462).
LogModuleManager: Display: Found up-to-date module file ../../../Engine/Plugins/Editor/FacialAnimation/Binaries/Win64/UE4Editor-FacialAnimation.dll (API version 3944462).
LogModuleManager: Display: Found up-to-date module file ../../../Engine/Plugins/Editor/FacialAnimation/Binaries/Win64/UE4Editor-FacialAnimationEditor.dll (API version 3944462).
LogModuleManager: Display: Found up-to-date module file ../../../Engine/Plugins/Editor/GameplayTagsEditor/Binaries/Win64/UE4Editor-GameplayTagsEditor.dll (API version 3944462).
LogModuleManager: Display: Found up-to-date module file ../../../Engine/Plugins/Editor/MobileLauncherProfileWizard/Binaries/Win64/UE4Editor-MobileLauncherProfileWizard.dll (API version 3944462).
LogModuleManager: Display: Found up-to-date module file ../../../Engine/Plugins/Editor/PluginBrowser/Binaries/Win64/UE4Editor-PluginBrowser.dll (API version 3944462).
LogModuleManager: Display: Found up-to-date module file ../../../Engine/Plugins/Editor/SpeedTreeImporter/Binaries/Win64/UE4Editor-SpeedTreeImporter.dll (API version 3944462).
LogModuleManager: Display: Found up-to-date module file ../../../Engine/Plugins/Enterprise/DatasmithContent/Binaries/Win64/UE4Editor-DatasmithContent.dll (API version 3944462).
LogModuleManager: Display: Found up-to-date module file ../../../Engine/Plugins/Experimental/AlembicImporter/Binaries/Win64/UE4Editor-AlembicImporter.dll (API version 3944462).
LogModuleManager: Display: Found up-to-date module file ../../../Engine/Plugins/Experimental/AlembicImporter/Binaries/Win64/UE4Editor-AlembicLibrary.dll (API version 3944462).
LogModuleManager: Display: Found up-to-date module file ../../../Engine/Plugins/Experimental/CharacterAI/Binaries/Win64/UE4Editor-CharacterAI.dll (API version 3944462).
LogModuleManager: Display: Found up-to-date module file ../../../Engine/Plugins/Experimental/HTML5Networking/Binaries/Win64/UE4Editor-HTML5Networking.dll (API version 3944462).
LogModuleManager: Display: Found up-to-date module file ../../../Engine/Plugins/Media/AndroidMedia/Binaries/Win64/UE4Editor-AndroidMediaEditor.dll (API version 3944462).
LogModuleManager: Display: Found up-to-date module file ../../../Engine/Plugins/Media/AndroidMedia/Binaries/Win64/UE4Editor-AndroidMediaFactory.dll (API version 3944462).
LogModuleManager: Display: Found up-to-date module file ../../../Engine/Plugins/Media/AvfMedia/Binaries/Win64/UE4Editor-AvfMediaEditor.dll (API version 3944462).
LogModuleManager: Display: Found up-to-date module file ../../../Engine/Plugins/Media/AvfMedia/Binaries/Win64/UE4Editor-AvfMediaFactory.dll (API version 3944462).
LogModuleManager: Display: Found up-to-date module file ../../../Engine/Plugins/Media/AvfMedia/Binaries/Win64/UE4Editor-AvfMediaFactory.dll (API version 3944462).
LogModuleManager: Display: Found up-to-date module file ../../../Engine/Plugins/Media/ImgMedia/Binaries/Win64/UE4Editor-ImgMedia.dll (API version 3944462).
LogModuleManager: Display: Found up-to-date module file ../../../Engine/Plugins/Media/ImgMedia/Binaries/Win64/UE4Editor-ImgMediaEditor.dll (API version 3944462).
LogModuleManager: Display: Found up-to-date module file ../../../Engine/Plugins/Media/ImgMedia/Binaries/Win64/UE4Editor-ImgMediaFactory.dll (API version 3944462).
LogModuleManager: Display: Found up-to-date module file ../../../Engine/Plugins/Media/ImgMedia/Binaries/Win64/UE4Editor-ImgMediaFactory.dll (API version 3944462).
LogModuleManager: Display: Found up-to-date module file ../../../Engine/Plugins/Media/ImgMedia/Binaries/Win64/UE4Editor-OpenExrWrapper.dll (API version 3944462).
LogModuleManager: Display: Found up-to-date module file ../../../Engine/Plugins/Media/LinearTimecode/Binaries/Win64/UE4Editor-LinearTimecode.dll (API version 3944462).
LogModuleManager: Display: Found up-to-date module file ../../../Engine/Plugins/Media/MediaCompositing/Binaries/Win64/UE4Editor-MediaCompositing.dll (API version 3944462).
LogModuleManager: Display: Found up-to-date module file ../../../Engine/Plugins/Media/MediaCompositing/Binaries/Win64/UE4Editor-MediaCompositingEditor.dll (API version 3944462).
LogModuleManager: Display: Found up-to-date module file ../../../Engine/Plugins/Media/MediaPlayerEditor/Binaries/Win64/UE4Editor-MediaPlayerEditor.dll (API version 3944462).
LogModuleManager: Display: Found up-to-date module file ../../../Engine/Plugins/Media/WmfMedia/Binaries/Win64/UE4Editor-WmfMedia.dll (API version 3944462).
LogModuleManager: Display: Found up-to-date module file ../../../Engine/Plugins/Media/WmfMedia/Binaries/Win64/UE4Editor-WmfMediaEditor.dll (API version 3944462).
LogModuleManager: Display: Found up-to-date module file ../../../Engine/Plugins/Media/WmfMedia/Binaries/Win64/UE4Editor-WmfMediaFactory.dll (API version 3944462).
LogModuleManager: Display: Found up-to-date module file ../../../Engine/Plugins/Media/WmfMedia/Binaries/Win64/UE4Editor-WmfMediaFactory.dll (API version 3944462).
LogModuleManager: Display: Found up-to-date module file ../../../Engine/Plugins/Messaging/TcpMessaging/Binaries/Win64/UE4Editor-TcpMessaging.dll (API version 3944462).
LogModuleManager: Display: Found up-to-date module file ../../../Engine/Plugins/Messaging/UdpMessaging/Binaries/Win64/UE4Editor-UdpMessaging.dll (API version 3944462).
LogModuleManager: Display: Found up-to-date module file ../../../Engine/Plugins/MovieScene/ActorSequence/Binaries/Win64/UE4Editor-ActorSequence.dll (API version 3944462).
LogModuleManager: Display: Found up-to-date module file ../../../Engine/Plugins/MovieScene/LevelSequenceEditor/Binaries/Win64/UE4Editor-LevelSequenceEditor.dll (API version 3944462).
LogModuleManager: Display: Found up-to-date module file ../../../Engine/Plugins/MovieScene/MatineeToLevelSequence/Binaries/Win64/UE4Editor-MatineeToLevelSequence.dll (API version 3944462).
LogModuleManager: Display: Found up-to-date module file ../../../Engine/Plugins/NetcodeUnitTest/NetcodeUnitTest/Binaries/Win64/UE4Editor-NetcodeUnitTest.dll (API version 3944462).
LogModuleManager: Display: Found up-to-date module file ../../../Engine/Plugins/NetcodeUnitTest/NUTUnrealEngine4/Binaries/Win64/UE4Editor-NUTUnrealEngine4.dll (API version 3944462).
LogModuleManager: Display: Found up-to-date module file ../../../Engine/Plugins/Online/OnlineSubsystem/Binaries/Win64/UE4Editor-OnlineSubsystem.dll (API version 3944462).
LogModuleManager: Display: Found up-to-date module file ../../../Engine/Plugins/Runtime/AndroidPermission/Binaries/Win64/UE4Editor-AndroidPermission.dll (API version 3944462).
LogModuleManager: Display: Found up-to-date module file ../../../Engine/Plugins/Online/OnlineSubsystemNull/Binaries/Win64/UE4Editor-OnlineSubsystemNull.dll (API version 3944462).
LogModuleManager: Display: Found up-to-date module file ../../../Engine/Plugins/Online/OnlineSubsystemUtils/Binaries/Win64/UE4Editor-OnlineSubsystemUtils.dll (API version 3944462).
LogModuleManager: Display: Found up-to-date module file ../../../Engine/Plugins/Online/OnlineSubsystemUtils/Binaries/Win64/UE4Editor-OnlineBlueprintSupport.dll (API version 3944462).
LogModuleManager: Display: Found up-to-date module file ../../../Engine/Plugins/Runtime/AndroidDeviceProfileSelector/Binaries/Win64/UE4Editor-AndroidDeviceProfileSelector.dll (API version 3944462).
LogModuleManager: Display: Found up-to-date module file ../../../Engine/Plugins/Runtime/AppleARKit/Binaries/Win64/UE4Editor-AppleARKit.dll (API version 3944462).
LogModuleManager: Display: Found up-to-date module file ../../../Engine/Plugins/Runtime/ProceduralMeshComponent/Binaries/Win64/UE4Editor-ProceduralMeshComponent.dll (API version 3944462).
LogModuleManager: Display: Found up-to-date module file ../../../Engine/Plugins/Runtime/ProceduralMeshComponent/Binaries/Win64/UE4Editor-ProceduralMeshComponentEditor.dll (API version 3944462).
LogModuleManager: Display: Found up-to-date module file ../../../Engine/Plugins/Animation/LiveLink/Binaries/Win64/UE4Editor-LiveLink.dll (API version 3944462).
LogModuleManager: Display: Found up-to-date module file ../../../Engine/Plugins/Animation/LiveLink/Binaries/Win64/UE4Editor-LiveLinkEditor.dll (API version 3944462).
LogModuleManager: Display: Found up-to-date module file ../../../Engine/Plugins/Runtime/ArchVisCharacter/Binaries/Win64/UE4Editor-ArchVisCharacter.dll (API version 3944462).
LogModuleManager: Display: Found up-to-date module file ../../../Engine/Plugins/Runtime/AudioCapture/Binaries/Win64/UE4Editor-AudioCapture.dll (API version 3944462).
LogModuleManager: Display: Found up-to-date module file ../../../Engine/Plugins/Runtime/AudioCapture/Binaries/Win64/UE4Editor-AudioCaptureEditor.dll (API version 3944462).
LogModuleManager: Display: Found up-to-date module file ../../../Engine/Plugins/Runtime/CableComponent/Binaries/Win64/UE4Editor-CableComponent.dll (API version 3944462).
LogModuleManager: Display: Found up-to-date module file ../../../Engine/Plugins/Runtime/CustomMeshComponent/Binaries/Win64/UE4Editor-CustomMeshComponent.dll (API version 3944462).
LogModuleManager: Display: Found up-to-date module file ../../../Engine/Plugins/Runtime/ExampleDeviceProfileSelector/Binaries/Win64/UE4Editor-ExampleDeviceProfileSelector.dll (API version 3944462).
LogModuleManager: Display: Found up-to-date module file ../../../Engine/Plugins/Runtime/ImmediatePhysics/Binaries/Win64/UE4Editor-ImmediatePhysics.dll (API version 3944462).
LogModuleManager: Display: Found up-to-date module file ../../../Engine/Plugins/Runtime/ImmediatePhysics/Binaries/Win64/UE4Editor-ImmediatePhysicsEditor.dll (API version 3944462).
LogModuleManager: Display: Found up-to-date module file ../../../Engine/Plugins/Runtime/LocationServicesBPLibrary/Binaries/Win64/UE4Editor-LocationServicesBPLibrary.dll (API version 3944462).
LogModuleManager: Display: Found up-to-date module file ../../../Engine/Plugins/Runtime/MobilePatchingUtils/Binaries/Win64/UE4Editor-MobilePatchingUtils.dll (API version 3944462).
LogModuleManager: Display: Found up-to-date module file ../../../Engine/Plugins/Runtime/Oculus/OculusVR/Binaries/Win64/UE4Editor-OculusHMD.dll (API version 3944462).
LogModuleManager: Display: Found up-to-date module file ../../../Engine/Plugins/Runtime/Oculus/OculusVR/Binaries/Win64/UE4Editor-OculusInput.dll (API version 3944462).
LogModuleManager: Display: Found up-to-date module file ../../../Engine/Plugins/Runtime/Oculus/OculusVR/Binaries/Win64/UE4Editor-OculusEditor.dll (API version 3944462).
LogModuleManager: Display: Found up-to-date module file ../../../Engine/Plugins/Runtime/PhysXVehicles/Binaries/Win64/UE4Editor-PhysXVehicles.dll (API version 3944462).
LogModuleManager: Display: Found up-to-date module file ../../../Engine/Plugins/Runtime/PhysXVehicles/Binaries/Win64/UE4Editor-PhysXVehiclesEditor.dll (API version 3944462).
LogModuleManager: Display: Found up-to-date module file ../../../Engine/Plugins/Runtime/RuntimePhysXCooking/Binaries/Win64/UE4Editor-RuntimePhysXCooking.dll (API version 3944462).
LogModuleManager: Display: Found up-to-date module file ../../../Engine/Plugins/Runtime/Steam/SteamVR/Binaries/Win64/UE4Editor-SteamVR.dll (API version 3944462).
LogModuleManager: Display: Found up-to-date module file ../../../Engine/Plugins/Runtime/Steam/SteamVR/Binaries/Win64/UE4Editor-SteamVRController.dll (API version 3944462).
LogModuleManager: Display: Found up-to-date module file ../../../Engine/Plugins/Runtime/WindowsMoviePlayer/Binaries/Win64/UE4Editor-WindowsMoviePlayer.dll (API version 3944462).
LogPluginManager: Mounting plugin Paper2D
LogPluginManager: Mounting plugin LiveLink
LogPluginManager: Mounting plugin LightPropagationVolume
LogPluginManager: Mounting plugin CLionSourceCodeAccess
LogPluginManager: Mounting plugin CodeLiteSourceCodeAccess
LogPluginManager: Mounting plugin GitSourceControl
LogPluginManager: Mounting plugin KDevelopSourceCodeAccess
LogPluginManager: Mounting plugin NullSourceCodeAccess
LogPluginManager: Mounting plugin PerforceSourceControl
LogPluginManager: Mounting plugin SubversionSourceControl
LogPluginManager: Mounting plugin UObjectPlugin
LogPluginManager: Mounting plugin VisualStudioCodeSourceCodeAccess
LogPluginManager: Mounting plugin VisualStudioSourceCodeAccess
LogPluginManager: Mounting plugin XCodeSourceCodeAccess
LogPluginManager: Mounting plugin AssetManagerEditor
LogPluginManager: Mounting plugin CryptoKeys
LogPluginManager: Mounting plugin DataValidation
LogPluginManager: Mounting plugin FacialAnimation
LogPluginManager: Mounting plugin GameplayTagsEditor
LogPluginManager: Mounting plugin MobileLauncherProfileWizard
LogPluginManager: Mounting plugin PluginBrowser
LogPluginManager: Mounting plugin SpeedTreeImporter
LogPluginManager: Mounting plugin DatasmithContent
LogPluginManager: Mounting plugin AlembicImporter
LogPluginManager: Mounting plugin CharacterAI
LogPluginManager: Mounting plugin HTML5Networking
LogPluginManager: Mounting plugin AndroidMedia
LogPluginManager: Mounting plugin AvfMedia
LogPluginManager: Mounting plugin ImgMedia
LogPluginManager: Mounting plugin LinearTimecode
LogPluginManager: Mounting plugin MediaCompositing
LogPluginManager: Mounting plugin MediaPlayerEditor
LogPluginManager: Mounting plugin WmfMedia
LogPluginManager: Mounting plugin TcpMessaging
LogPluginManager: Mounting plugin UdpMessaging
LogPluginManager: Mounting plugin ActorSequence
LogPluginManager: Mounting plugin LevelSequenceEditor
LogPluginManager: Mounting plugin MatineeToLevelSequence
LogPluginManager: Mounting plugin NetcodeUnitTest
LogPluginManager: Mounting plugin NUTUnrealEngine4
LogPluginManager: Mounting plugin OnlineSubsystemGooglePlay
LogPluginManager: Mounting plugin OnlineSubsystemIOS
LogPluginManager: Mounting plugin OnlineSubsystem
LogPluginManager: Mounting plugin OnlineSubsystemNull
LogPluginManager: Mounting plugin OnlineSubsystemUtils
LogPluginManager: Mounting plugin AndroidDeviceProfileSelector
LogPluginManager: Mounting plugin AndroidMoviePlayer
LogPluginManager: Mounting plugin AndroidPermission
LogPluginManager: Mounting plugin AppleARKit
LogPluginManager: Mounting plugin AppleMoviePlayer
LogPluginManager: Mounting plugin ArchVisCharacter
LogPluginManager: Mounting plugin AudioCapture
LogPluginManager: Mounting plugin CableComponent
LogPluginManager: Mounting plugin CustomMeshComponent
LogPluginManager: Mounting plugin ExampleDeviceProfileSelector
LogPluginManager: Mounting plugin GoogleCloudMessaging
LogPluginManager: Mounting plugin ImmediatePhysics
LogPluginManager: Mounting plugin IOSDeviceProfileSelector
LogPluginManager: Mounting plugin LinuxDeviceProfileSelector
LogPluginManager: Mounting plugin LocationServicesBPLibrary
LogPluginManager: Mounting plugin MobilePatchingUtils
LogPluginManager: Mounting plugin OculusVR
LogPluginManager: Plugin shader directory ../../../Engine/Plugins/Runtime/Oculus/OculusVR/Shaders found
LogPluginManager: Mapping shader source directory ../../../Engine/Plugins/Runtime/Oculus/OculusVR/Shaders to virtual directory /Plugin/OculusVR
LogPluginManager: Mounting plugin PhysXVehicles
LogPluginManager: Mounting plugin ProceduralMeshComponent
LogPluginManager: Mounting plugin RuntimePhysXCooking
LogPluginManager: Mounting plugin SteamVR
LogPluginManager: Mounting plugin WindowsMoviePlayer
LogStreaming: Display: Took  0.565s to configure plugins.
LogInit: Using libcurl 7.47.1
LogInit:  - built for x86_64-pc-win32
LogInit:  - supports SSL with OpenSSL/1.0.2g
LogInit:  - supports HTTP deflate (compression) using libz 1.2.8
LogInit:  - other features:
LogInit:      CURL_VERSION_SSL
LogInit:      CURL_VERSION_LIBZ
LogInit:      CURL_VERSION_IPV6
LogInit:      CURL_VERSION_ASYNCHDNS
LogInit:      CURL_VERSION_LARGEFILE
LogInit:      CURL_VERSION_IDN
LogInit:  CurlRequestOptions (configurable via config and command line):
LogInit:  - bVerifyPeer = false  - Libcurl will NOT verify peer certificate
LogInit:  - bUseHttpProxy = false  - Libcurl will NOT use HTTP proxy
LogInit:  - bDontReuseConnections = false  - Libcurl will reuse connections
LogInit:  - CertBundlePath = nullptr  - Libcurl will use whatever was configured at build time.
LogInit:  - MaxHostConnections = 16  - Libcurl will limit the number of connections to a host
LogInit:  - LocalHostAddr = Default
LogInit: WinSock: version 1.1 (2.2), MaxSocks=32767, MaxUdp=65467
LogInit: WinSock: I am DESKTOP-OUUPGS8 (192.168.56.1:0)
LogInit: Build: ++UE4+Release-4.19-CL-3989454
LogInit: Engine Version: 4.19.1-3989454+++UE4+Release-4.19
LogInit: Compatible Engine Version: 4.19.0-3944462+++UE4+Release-4.19
LogInit: Net CL: 3944462
LogDevObjectVersion: Number of dev versions registered: 18
LogDevObjectVersion:   Dev-Blueprints (B0D832E4-1F89-4F0D-ACCF-7EB736FD4AA2): 10
LogDevObjectVersion:   Dev-Build (E1C64328-A22C-4D53-A36C-8E866417BD8C): 0
LogDevObjectVersion:   Dev-Core (375EC13C-06E4-48FB-B500-84F0262A717E): 2
LogDevObjectVersion:   Dev-Editor (E4B068ED-F494-42E9-A231-DA0B2E46BB41): 23
LogDevObjectVersion:   Dev-Framework (CFFC743F-43B0-4480-9391-14DF171D2073): 33
LogDevObjectVersion:   Dev-Mobile (B02B49B5-BB20-44E9-A304-32B752E40360): 2
LogDevObjectVersion:   Dev-Networking (A4E4105C-59A1-49B5-A7C5-40C4547EDFEE): 0
LogDevObjectVersion:   Dev-Online (39C831C9-5AE6-47DC-9A44-9C173E1C8E7C): 0
LogDevObjectVersion:   Dev-Physics (78F01B33-EBEA-4F98-B9B4-84EACCB95AA2): 0
LogDevObjectVersion:   Dev-Platform (6631380F-2D4D-43E0-8009-CF276956A95A): 0
LogDevObjectVersion:   Dev-Rendering (12F88B9F-8875-4AFC-A67C-D90C383ABD29): 25
LogDevObjectVersion:   Dev-Sequencer (7B5AE74C-D270-4C10-A958-57980B212A5A): 6
LogDevObjectVersion:   Dev-VR (D7296918-1DD6-4BDD-9DE2-64A83CC13884): 1
LogDevObjectVersion:   Dev-LoadTimes (C2A15278-BFE7-4AFE-6C17-90FF531DF755): 1
LogDevObjectVersion:   Private-Geometry (6EACA3D4-40EC-4CC1-B786-8BED09428FC5): 2
LogDevObjectVersion:   Dev-AnimPhys (29E575DD-E0A3-4627-9D10-D276232CDCEA): 16
LogDevObjectVersion:   Dev-ReflectionCapture (6B266CEC-1EC7-4B8F-A30B-E4D90942FC07): 1
LogDevObjectVersion:   Dev-Automation (0DF73D61-A23F-47EA-B727-89E90C41499A): 1
LogInit: Compiled (64-bit): Apr  6 2018 12:26:04
LogInit: Compiled with Visual C++: 19.00.24215.01
LogInit: Build Configuration: Development
LogInit: Branch Name: ++UE4+Release-4.19
LogInit: Command Line:  
LogInit: Base Directory: C:/Program Files/Epic Games/UE_4.19/Engine/Binaries/Win64/
LogInit: Installed Engine Build: 1
LogStreaming: Display: Took  0.000s to delete old logs.
LogInit: Presizing for max 8388607 objects, including 0 objects not considered by GC, pre-allocating 0 bytes for permanent pool.
LogInit: Object subsystem initialized
[2018.04.29-22.34.16:876][  0]LogInit: Selected Device Profile: [Windows]
[2018.04.29-22.34.16:876][  0]LogInit: Applying CVar settings loaded from the selected device profile: [Windows]
[2018.04.29-22.34.16:885][  0]LogInit: Computer: DESKTOP-OUUPGS8
[2018.04.29-22.34.16:885][  0]LogInit: User: benra
[2018.04.29-22.34.16:885][  0]LogInit: CPU Page size=4096, Cores=4
[2018.04.29-22.34.16:885][  0]LogInit: High frequency timer resolution =4.101565 MHz
[2018.04.29-22.34.16:885][  0]LogMemory: Memory total: Physical=16.0GB (16GB approx)
[2018.04.29-22.34.16:885][  0]LogMemory: Platform Memory Stats for Windows
[2018.04.29-22.34.16:885][  0]LogMemory: Process Physical Memory: 277.74 MB used, 277.74 MB peak
[2018.04.29-22.34.16:885][  0]LogMemory: Process Virtual Memory: 264.74 MB used, 264.74 MB peak
[2018.04.29-22.34.16:885][  0]LogMemory: Physical Memory: 5044.18 MB used,  11300.06 MB free, 16344.24 MB total
[2018.04.29-22.34.16:885][  0]LogMemory: Virtual Memory: 698.15 MB used,  11300.06 MB free, 134217728.00 MB total
[2018.04.29-22.34.16:911][  0]LogInit: Using OS detected language (en-GB).
[2018.04.29-22.34.16:911][  0]LogInit: Using OS detected locale (en-GB).
[2018.04.29-22.34.16:912][  0]LogTextLocalizationManager: No specific localization for 'en-GB' exists, so the 'en' localization will be used.
[2018.04.29-22.34.17:205][  0]LogStreaming: Display: Took  0.295s to EndInitTextLocalization.
[2018.04.29-22.34.17:205][  0]LogInit: Setting process to per monitor DPI aware
[2018.04.29-22.34.17:226][  0]LogSlate: New Slate User Created.  User Index 0, Is Virtual User: 0
[2018.04.29-22.34.17:226][  0]LogSlate: Slate User Registered.  User Index 0, Is Virtual User: 0
[2018.04.29-22.34.17:344][  0]LogD3D11RHI: D3D11 adapters:
[2018.04.29-22.34.17:374][  0]LogD3D11RHI:    0. 'NVIDIA GeForce GTX 1070' (Feature Level 11_0)
[2018.04.29-22.34.17:374][  0]LogD3D11RHI:       8096/0/8172 MB DedicatedVideo/DedicatedSystem/SharedSystem, Outputs:1, VendorId:0x10de
[2018.04.29-22.34.17:376][  0]LogD3D11RHI:    1. 'Microsoft Basic Render Driver' (Feature Level 11_0)
[2018.04.29-22.34.17:376][  0]LogD3D11RHI:       0/0/8172 MB DedicatedVideo/DedicatedSystem/SharedSystem, Outputs:0, VendorId:0x1414
[2018.04.29-22.34.17:376][  0]LogD3D11RHI: Chosen D3D11 Adapter: 0
[2018.04.29-22.34.17:381][  0]LogD3D11RHI: Creating new Direct3DDevice
[2018.04.29-22.34.17:381][  0]LogD3D11RHI:     GPU DeviceId: 0x1b81 (for the marketing name, search the web for "GPU Device Id")
[2018.04.29-22.34.17:381][  0]LogWindows: EnumDisplayDevices:
[2018.04.29-22.34.17:381][  0]LogWindows:    0. 'NVIDIA GeForce GTX 1070' (P:1 D:1)
[2018.04.29-22.34.17:381][  0]LogWindows:    1. 'NVIDIA GeForce GTX 1070' (P:0 D:0)
[2018.04.29-22.34.17:381][  0]LogWindows:    2. 'NVIDIA GeForce GTX 1070' (P:0 D:0)
[2018.04.29-22.34.17:381][  0]LogWindows:    3. 'NVIDIA GeForce GTX 1070' (P:0 D:0)
[2018.04.29-22.34.17:381][  0]LogWindows: DebugString: GetVideoDriverDetailsInvalid PrimaryIsNotTheChoosenAdapter GetVideoDriverDetailsInvalid PrimaryIsNotTheChoosenAdapter GetVideoDriverDetailsInvalid PrimaryIsNotTheChoosenAdapter GetVideoDriverDetailsInvalid PrimaryIsNotTheChoosenAdapter FoundDriverCount:0 
[2018.04.29-22.34.17:381][  0]LogD3D11RHI:     Adapter Name: NVIDIA GeForce GTX 1070
[2018.04.29-22.34.17:381][  0]LogD3D11RHI:   Driver Version: Unknown (internal:Unknown, unified:Unknown)
[2018.04.29-22.34.17:381][  0]LogD3D11RHI:      Driver Date: Unknown
[2018.04.29-22.34.17:381][  0]LogRHI: Texture pool is 5667 MB (70% of 8096 MB)
[2018.04.29-22.34.17:401][  0]LogD3D11RHI: [Aftermath] Aftermath enabled but failed to initialize
[2018.04.29-22.34.17:401][  0]LogD3D11RHI: [Aftermath] Aftermath enabled and primed
[2018.04.29-22.34.17:401][  0]LogD3D11RHI: Async texture creation enabled
[2018.04.29-22.34.17:540][  0]LogD3D11RHI: GPU Timing Frequency: 1000.000000 (Debug: 2 1)
[2018.04.29-22.34.17:583][  0]LogShaderCompilers: Guid format shader working directory is -27 characters bigger than the processId version (../../../../../../Users/benra/Documents/GitHub/g54gam-car-game/MyProject2/Intermediate/Shaders/WorkingDirectory/8676/).
[2018.04.29-22.34.17:583][  0]LogShaderCompilers: Cleaned the shader compiler working directory 'C:/Users/benra/AppData/Local/Temp/UnrealShaderWorkingDir/A8B83EDD4EEFA6B6CDF0AB879E3E244B/'.
[2018.04.29-22.34.17:763][  0]LogTemp: Display: Loaded TP AllDesktopTargetPlatform
[2018.04.29-22.34.17:772][  0]LogTemp: Display: Loaded TP MacClientTargetPlatform
[2018.04.29-22.34.17:781][  0]LogTemp: Display: Loaded TP MacNoEditorTargetPlatform
[2018.04.29-22.34.17:791][  0]LogTemp: Display: Loaded TP MacServerTargetPlatform
[2018.04.29-22.34.17:800][  0]LogTemp: Display: Loaded TP MacTargetPlatform
[2018.04.29-22.34.17:810][  0]LogTemp: Display: Loaded TP WindowsClientTargetPlatform
[2018.04.29-22.34.17:820][  0]LogTemp: Display: Loaded TP WindowsNoEditorTargetPlatform
[2018.04.29-22.34.17:829][  0]LogTemp: Display: Loaded TP WindowsServerTargetPlatform
[2018.04.29-22.34.17:834][  0]LogTemp: Display: Loaded TP WindowsTargetPlatform
[2018.04.29-22.34.17:842][  0]LogTemp: Display: Loaded TP Android_ASTCTargetPlatform
[2018.04.29-22.34.17:851][  0]LogTemp: Display: Loaded TP Android_ATCTargetPlatform
[2018.04.29-22.34.17:859][  0]LogTemp: Display: Loaded TP Android_DXTTargetPlatform
[2018.04.29-22.34.17:868][  0]LogTemp: Display: Loaded TP Android_ETC1aTargetPlatform
[2018.04.29-22.34.17:876][  0]LogTemp: Display: Loaded TP Android_ETC1TargetPlatform
[2018.04.29-22.34.17:884][  0]LogTemp: Display: Loaded TP Android_ETC2TargetPlatform
[2018.04.29-22.34.17:901][  0]LogTemp: Display: Loaded TP Android_MultiTargetPlatform
[2018.04.29-22.34.17:901][  0]LogTemp: Display: Loaded TP Android_PVRTCTargetPlatform
[2018.04.29-22.34.17:910][  0]LogTemp: Display: Loaded TP AndroidTargetPlatform
[2018.04.29-22.34.17:911][  0]LogTemp: Display: Loaded TP HTML5TargetPlatform
[2018.04.29-22.34.17:942][  0]LogTemp: Display: Loaded TP IOSTargetPlatform
[2018.04.29-22.34.17:950][  0]LogTemp: Display: Loaded TP TVOSTargetPlatform
[2018.04.29-22.34.17:959][  0]LogTemp: Display: Loaded TP LinuxClientTargetPlatform
[2018.04.29-22.34.17:967][  0]LogTemp: Display: Loaded TP LinuxNoEditorTargetPlatform
[2018.04.29-22.34.17:976][  0]LogTemp: Display: Loaded TP LinuxServerTargetPlatform
[2018.04.29-22.34.17:985][  0]LogTemp: Display: Loaded TP LinuxTargetPlatform
[2018.04.29-22.34.17:985][  0]LogTargetPlatformManager: Display: Building Assets For Windows
[2018.04.29-22.34.18:049][  0]LogXGEController: Cleaning working directory: C:/Users/benra/AppData/Local/Temp/UnrealXGEWorkingDir/
[2018.04.29-22.34.18:050][  0]LogXGEController: Cannot use XGE Controller as Incredibuild is not installed on this machine.
[2018.04.29-22.34.18:050][  0]LogShaderCompilers: Cannot use XGE Shader Compiler as Incredibuild is not installed on this machine.
[2018.04.29-22.34.18:050][  0]LogShaderCompilers: Display: Using Local Shader Compiler.
[2018.04.29-22.34.18:532][  0]LogDerivedDataCache: Display: Max Cache Size: 512 MB
[2018.04.29-22.34.18:574][  0]LogDerivedDataCache: Loaded boot cache 0.04s 74MB C:/Users/benra/AppData/Local/UnrealEngine/4.19/DerivedDataCache/Boot.ddc.
[2018.04.29-22.34.18:574][  0]LogDerivedDataCache: Display: Loaded Boot cache: C:/Users/benra/AppData/Local/UnrealEngine/4.19/DerivedDataCache/Boot.ddc
[2018.04.29-22.34.18:575][  0]LogDerivedDataCache: FDerivedDataBackendGraph:  Pak pak cache file ../../../../../../Users/benra/Documents/GitHub/g54gam-car-game/MyProject2/DerivedDataCache/DDC.ddp not found, will not use a pak cache.
[2018.04.29-22.34.18:575][  0]LogDerivedDataCache: Unable to find inner node Pak for hierarchical cache Hierarchy.
[2018.04.29-22.34.18:575][  0]LogDerivedDataCache: FDerivedDataBackendGraph:  CompressedPak pak cache file ../../../../../../Users/benra/Documents/GitHub/g54gam-car-game/MyProject2/DerivedDataCache/Compressed.ddp not found, will not use a pak cache.
[2018.04.29-22.34.18:575][  0]LogDerivedDataCache: Unable to find inner node CompressedPak for hierarchical cache Hierarchy.
[2018.04.29-22.34.18:586][  0]LogDerivedDataCache: Display: Pak cache opened for reading ../../../Engine/DerivedDataCache/Compressed.ddp.
[2018.04.29-22.34.18:597][  0]LogDerivedDataCache: Using Local data cache path C:/Users/benra/AppData/Local/UnrealEngine/Common/DerivedDataCache: Writable
[2018.04.29-22.34.18:604][  0]LogMaterial: Verifying Global Shaders for PCD3D_SM5
[2018.04.29-22.34.18:604][  0]LogSlate: Using Freetype 2.6.0
[2018.04.29-22.34.18:605][  0]LogSlate: SlateFontCache - WITH_FREETYPE: 1, WITH_HARFBUZZ: 1
[2018.04.29-22.34.18:605][  0]LogSlate: SlateFontCache - WITH_FREETYPE: 1, WITH_HARFBUZZ: 1
[2018.04.29-22.34.18:692][  0]LogAssetRegistry: FAssetRegistry took 0.0242 seconds to start up
[2018.04.29-22.34.18:894][  0]LogInit: Selected Device Profile: [Windows]
[2018.04.29-22.34.18:989][  0]LogSimplygon: Simplygon DLL not present - disabling.
[2018.04.29-22.34.18:991][  0]LogMeshReduction: Using SimplygonSwarm for distributed automatic mesh merging
[2018.04.29-22.34.18:991][  0]LogMeshReduction: Using QuadricMeshReduction for automatic static mesh reduction
[2018.04.29-22.34.18:991][  0]LogMeshReduction: No automatic skeletal mesh reduction module available
[2018.04.29-22.34.18:991][  0]LogMeshReduction: No automatic mesh merging module available
[2018.04.29-22.34.18:991][  0]LogMeshMerging: No automatic mesh merging module available
[2018.04.29-22.34.19:009][  0]LogNetVersion: MyProject2 , NetCL: 3944462, EngineNetVer: 2, GameNetVer: 0 (Checksum: 607132587)
[2018.04.29-22.34.19:289][  0]LogPackageLocalizationCache: Processed 9 localized package path(s) for 2 prioritized culture(s) in 0.055473 seconds
[2018.04.29-22.34.19:293][  0]LogUObjectArray: 36728 objects as part of root set at end of initial load.
[2018.04.29-22.34.19:293][  0]LogUObjectAllocator: 7314304 out of 0 bytes used by permanent object pool.
[2018.04.29-22.34.19:293][  0]LogUObjectArray: CloseDisregardForGC: 0/0 objects in disregard for GC pool
[2018.04.29-22.34.20:324][  0]LogTcpMessaging: Initializing TcpMessaging bridge
[2018.04.29-22.34.20:344][  0]LogUdpMessaging: Initializing bridge on interface 0.0.0.0:0 to multicast group 230.0.0.1:6666.
[2018.04.29-22.34.20:563][  0]SourceControl: Source control is disabled
[2018.04.29-22.34.20:563][  0]SourceControl: Source control is disabled
[2018.04.29-22.34.20:573][  0]SourceControl: Source control is disabled
[2018.04.29-22.34.20:582][  0]SourceControl: Source control is disabled
[2018.04.29-22.34.20:904][  0]LogAndroidPermission: UAndroidPermissionCallbackProxy::GetInstance
[2018.04.29-22.34.20:989][  0]LogOcInput: OculusInput pre-init called
[2018.04.29-22.34.21:056][  0]LogEngine: Initializing Engine...
[2018.04.29-22.34.21:057][  0]LogHMD: Failed to initialize OpenVR with code 110
[2018.04.29-22.34.21:058][  0]LogStats: UGameplayTagsManager::ConstructGameplayTagTree: Construct from data asset -  0.000 s
[2018.04.29-22.34.21:058][  0]LogStats: UGameplayTagsManager::ConstructGameplayTagTree: GameplayTagTreeChangedEvent.Broadcast -  0.000 s
[2018.04.29-22.34.21:196][  0]LogAIModule: Creating AISystem for world Untitled
[2018.04.29-22.34.21:203][  0]LogInit: XAudio2 using 'Realtek Digital Output (Realtek High Definition Audio)' : 2 channels at 48 kHz using 16 bits per sample (channel mask 0x3)
[2018.04.29-22.34.21:224][  0]LogInit: FAudioDevice initialized.
[2018.04.29-22.34.21:267][  0]LogDerivedDataCache: Saved boot cache 0.04s 74MB C:/Users/benra/AppData/Local/UnrealEngine/4.19/DerivedDataCache/Boot.ddc.
[2018.04.29-22.34.21:274][  0]LogInit: Texture streaming: Enabled
[2018.04.29-22.34.21:284][  0]LogEngineSessionManager: EngineSessionManager initialized
[2018.04.29-22.34.21:292][  0]LogInit: Transaction tracking system initialized
[2018.04.29-22.34.21:305][  0]BlueprintLog: New page: Editor Load
[2018.04.29-22.34.21:349][  0]LocalizationService: Localization service is disabled
[2018.04.29-22.34.21:409][  0]LogConsoleResponse: Display: 
[2018.04.29-22.34.21:507][  0]LogCook: Display: Max memory allowance for cook 16384mb min free memory 0mb
[2018.04.29-22.34.21:507][  0]LogCook: Display: Mobile HDR setting 1
[2018.04.29-22.34.21:507][  0]LogGameplayTags: Display: UGameplayTagsManager::DoneAddingNativeTags. DelegateIsBound: 0
[2018.04.29-22.34.21:507][  0]LogStats: UGameplayTagsManager::ConstructGameplayTagTree: Construct from data asset -  0.000 s
[2018.04.29-22.34.21:507][  0]LogStats: UGameplayTagsManager::ConstructGameplayTagTree: GameplayTagTreeChangedEvent.Broadcast -  0.000 s
[2018.04.29-22.34.21:709][  0]LogFileCache: Scanning file cache for directory 'C:/Users/benra/Documents/GitHub/g54gam-car-game/MyProject2/Content/' took 0.01s
[2018.04.29-22.34.21:709][  0]SourceControl: Source control is disabled
[2018.04.29-22.34.21:710][  0]Cmd: MAP LOAD FILE="../../../../../../Users/benra/Documents/GitHub/g54gam-car-game/MyProject2/Content/NewMap.umap" TEMPLATE=0 SHOWPROGRESS=1 FEATURELEVEL=3
[2018.04.29-22.34.21:710][  0]LightingResults: New page: Lighting Build
[2018.04.29-22.34.21:712][  0]MapCheck: New page: Map Check
[2018.04.29-22.34.21:712][  0]LightingResults: New page: Lighting Build
[2018.04.29-22.34.21:952][  0]LogSkeletalMesh: Skeletal Mesh found in DDC [7.851881ms] /Game/Mannequin/Character/Mesh/SK_Mannequin.SK_Mannequin
[2018.04.29-22.34.22:006][  0]LogAIModule: Creating AISystem for world NewMap
[2018.04.29-22.34.22:018][  0]LogEditorServer: Finished looking for orphan Actors (0.000 secs)
[2018.04.29-22.34.22:028][  0]Cmd: MAP CHECKDEP NOCLEARLOG
[2018.04.29-22.34.22:062][  0]MapCheck: Map check complete: 0 Error(s), 0 Warning(s), took 33.741ms to complete.
[2018.04.29-22.34.22:062][  0]LogFileHelpers: Loading map 'NewMap' took 0.353
[2018.04.29-22.34.22:161][  0]LogCollectionManager: Loaded 0 collections in 0.001050 seconds
[2018.04.29-22.34.22:197][  0]LogFileCache: Scanning file cache for directory 'C:/Users/benra/Documents/GitHub/g54gam-car-game/MyProject2/Saved/Collections/' took 0.01s
[2018.04.29-22.34.22:197][  0]LogFileCache: Scanning file cache for directory 'C:/Users/benra/Documents/GitHub/g54gam-car-game/MyProject2/Content/Developers/benra/Collections/' took 0.01s
[2018.04.29-22.34.22:197][  0]LogFileCache: Scanning file cache for directory 'C:/Users/benra/Documents/GitHub/g54gam-car-game/MyProject2/Content/Collections/' took 0.01s
[2018.04.29-22.34.22:197][  0]LogCollectionManager: Rebuilt the GUID cache for 0 collections in 0.000000 seconds
[2018.04.29-22.34.22:203][  0]LogContentBrowser: Native class hierarchy populated in 0.0060 seconds. Added 2452 classes and 558 folders.
[2018.04.29-22.34.22:207][  0]LogContentBrowser: Native class hierarchy updated for 'WidgetCarousel' in 0.0001 seconds. Added 0 classes and 0 folders.
[2018.04.29-22.34.22:231][  0]LogContentBrowser: Native class hierarchy updated for 'AddContentDialog' in 0.0001 seconds. Added 0 classes and 0 folders.
[2018.04.29-22.34.22:234][  0]LogContentBrowser: Native class hierarchy updated for 'SceneOutliner' in 0.0001 seconds. Added 1 classes and 2 folders.
[2018.04.29-22.34.22:244][  0]LogSlate: Took 0.000137 seconds to synchronously load lazily loaded font '../../../Engine/Content/Slate/Fonts/Roboto-Regular.ttf' (155K)
[2018.04.29-22.34.22:245][  0]LogSlate: Took 0.000142 seconds to synchronously load lazily loaded font '../../../Engine/Content/Slate/Fonts/Roboto-Bold.ttf' (160K)
[2018.04.29-22.34.22:250][  0]LogSlate: Took 0.000118 seconds to synchronously load lazily loaded font '../../../Engine/Content/Editor/Slate/Fonts/FontAwesome.ttf' (139K)
[2018.04.29-22.34.22:314][  0]LogRenderer: Reallocating scene render targets to support 1616x812 Format 10 NumSamples 1 (Frame:1).
[2018.04.29-22.34.22:466][  0]LogContentBrowser: Native class hierarchy updated for 'HierarchicalLODOutliner' in 0.0001 seconds. Added 0 classes and 0 folders.
[2018.04.29-22.34.22:466][  0]LogLoad: (Engine Initialization) Total time: 7.12 seconds
[2018.04.29-22.34.22:466][  0]LogLoad: (Engine Initialization) Total Blueprint compile time: 0.00 seconds
[2018.04.29-22.34.22:477][  0]LogWindowsTextInputMethodSystem: Display: IME system now deactivated.
[2018.04.29-22.34.22:507][  0]LogContentStreaming: Texture pool size now 1000 MB
[2018.04.29-22.34.22:586][  1]LogAssetRegistry: Asset discovery search completed in 3.9158 seconds
[2018.04.29-22.34.22:588][  1]LogCollectionManager: Rebuilt the object cache for 0 collections in 0.000000 seconds (found 0 objects)
[2018.04.29-22.34.22:588][  1]LogCollectionManager: Fixed up redirectors for 0 collections in 0.000030 seconds (updated 0 objects)
[2018.04.29-22.34.51:025][356]LogSlate: FSceneViewport::OnFocusLost() reason 0
[2018.04.29-22.35.00:104][937]LogSlate: FSceneViewport::OnFocusLost() reason 0
[2018.04.29-22.35.06:751][508]LogSlate: FSceneViewport::OnFocusLost() reason 0
[2018.04.29-22.35.08:553][579]LogEditorActor: Deleted Actor: NavMeshBoundsVolume
[2018.04.29-22.35.08:582][579]LogEditorActor: Deleted 1 Actors (0.032 secs)
[2018.04.29-22.35.17:119][360]LogSlate: FSceneViewport::OnFocusLost() reason 0
[2018.04.29-22.35.18:613][441]LogSlate: FSceneViewport::OnFocusLost() reason 2
[2018.04.29-22.35.21:781][799]Cmd: DELETE
[2018.04.29-22.35.21:781][799]Cmd: ACTOR DELETE
[2018.04.29-22.35.21:784][799]LogEditorActor: Deleted Actor: NavMeshBoundsVolume
[2018.04.29-22.35.21:792][799]LogEditorActor: Deleted 1 Actors (0.010 secs)
[2018.04.29-22.35.22:410][873]LogSlate: Took 0.000104 seconds to synchronously load lazily loaded font '../../../Engine/Content/Slate/Fonts/Roboto-Light.ttf' (167K)
[2018.04.29-22.35.22:413][873]LogSlate: FSceneViewport::OnFocusLost() reason 2
[2018.04.29-22.35.22:432][873]Cmd: OBJ SAVEPACKAGE PACKAGE="/Game/NewMap" FILE="../../../../../../Users/benra/Documents/GitHub/g54gam-car-game/MyProject2/Content/NewMap.umap" SILENT=true AUTOSAVING=false KEEPDIRTY=false
[2018.04.29-22.35.22:538][873]LogSavePackage: Save=92.47ms
[2018.04.29-22.35.22:538][873]LogSavePackage: Moving '../../../../../../Users/benra/Documents/GitHub/g54gam-car-game/MyProject2/Saved/NewMap702D99EB46CFB8F1591211915C59B465.tmp' to '../../../../../../Users/benra/Documents/GitHub/g54gam-car-game/MyProject2/Content/NewMap.umap'
[2018.04.29-22.35.22:542][873]LogSavePackage: Display: Finished SavePackage ../../../../../../Users/benra/Documents/GitHub/g54gam-car-game/MyProject2/Content/NewMap.umap
[2018.04.29-22.35.22:564][873]Cmd: OBJ SAVEPACKAGE PACKAGE="/Game/NewMap_BuiltData" FILE="../../../../../../Users/benra/Documents/GitHub/g54gam-car-game/MyProject2/Content/NewMap_BuiltData.uasset" SILENT=true
[2018.04.29-22.35.22:667][873]LogSavePackage: Save=98.00ms
[2018.04.29-22.35.22:667][873]LogSavePackage: Moving '../../../../../../Users/benra/Documents/GitHub/g54gam-car-game/MyProject2/Saved/NewMap_BuiltDataEA6D708E4D1359E6B5E660BDE0DB62BD.tmp' to '../../../../../../Users/benra/Documents/GitHub/g54gam-car-game/MyProject2/Content/NewMap_BuiltData.uasset'
[2018.04.29-22.35.22:668][873]LogSavePackage: Display: Finished SavePackage ../../../../../../Users/benra/Documents/GitHub/g54gam-car-game/MyProject2/Content/NewMap_BuiltData.uasset
[2018.04.29-22.35.30:384][672]LogSlate: FSceneViewport::OnFocusLost() reason 0
[2018.04.29-22.35.52:965][127]Cmd: DELETE
[2018.04.29-22.35.52:965][127]Cmd: ACTOR DELETE
[2018.04.29-22.35.52:968][127]LogEditorActor: Deleted Actor: NavMeshBoundsVolume
[2018.04.29-22.35.52:976][127]LogEditorActor: Deleted 1 Actors (0.011 secs)
[2018.04.29-22.35.54:531][313]LogEditorViewport: Clicking on Actor (LMB): NavMeshBoundsVolume (NavMeshBoundsVolume)
[2018.04.29-22.35.57:625][576]LogSlate: FSceneViewport::OnFocusLost() reason 0
[2018.04.29-22.36.15:058][465]LogEditorViewport: Clicking on Actor (LMB): NavMeshBoundsVolume (NavMeshBoundsVolume)
[2018.04.29-22.36.21:160][190]Cmd: SELECT NONE
[2018.04.29-22.36.21:369][215]Cmd: SELECT NONE
[2018.04.29-22.36.23:429][460]LogEditorViewport: Clicking on Actor (LMB): NavMeshBoundsVolume (NavMeshBoundsVolume)
[2018.04.29-22.36.25:523][610]LogSlate: FSceneViewport::OnFocusLost() reason 0
[2018.04.29-22.36.36:493][824]LogSlate: FSceneViewport::OnFocusLost() reason 0
[2018.04.29-22.37.03:715][893]LogSlate: FSceneViewport::OnFocusLost() reason 0
[2018.04.29-22.37.11:155][764]LogEditorViewport: Clicking on Actor (LMB): BP_Sky_Sphere_C (Sky Sphere)
[2018.04.29-22.37.11:806][836]LogSlate: FSceneViewport::OnFocusLost() reason 2
[2018.04.29-22.37.11:828][836]Cmd: OBJ SAVEPACKAGE PACKAGE="/Game/NewMap" FILE="../../../../../../Users/benra/Documents/GitHub/g54gam-car-game/MyProject2/Content/NewMap.umap" SILENT=true AUTOSAVING=false KEEPDIRTY=false
[2018.04.29-22.37.11:931][836]LogSavePackage: Save=90.71ms
[2018.04.29-22.37.11:931][836]LogSavePackage: Moving '../../../../../../Users/benra/Documents/GitHub/g54gam-car-game/MyProject2/Saved/NewMap5DEF9F1544C3D8BEC37CD19AF4514750.tmp' to '../../../../../../Users/benra/Documents/GitHub/g54gam-car-game/MyProject2/Content/NewMap.umap'
[2018.04.29-22.37.11:933][836]LogSavePackage: Display: Finished SavePackage ../../../../../../Users/benra/Documents/GitHub/g54gam-car-game/MyProject2/Content/NewMap.umap
[2018.04.29-22.37.11:954][836]Cmd: OBJ SAVEPACKAGE PACKAGE="/Game/NewMap_BuiltData" FILE="../../../../../../Users/benra/Documents/GitHub/g54gam-car-game/MyProject2/Content/NewMap_BuiltData.uasset" SILENT=true
[2018.04.29-22.37.12:030][836]LogSavePackage: Save=71.38ms
[2018.04.29-22.37.12:030][836]LogSavePackage: Moving '../../../../../../Users/benra/Documents/GitHub/g54gam-car-game/MyProject2/Saved/NewMap_BuiltData3A6A511C4B2432F39B87E09951699A7A.tmp' to '../../../../../../Users/benra/Documents/GitHub/g54gam-car-game/MyProject2/Content/NewMap_BuiltData.uasset'
[2018.04.29-22.37.12:031][836]LogSavePackage: Display: Finished SavePackage ../../../../../../Users/benra/Documents/GitHub/g54gam-car-game/MyProject2/Content/NewMap_BuiltData.uasset
[2018.04.29-22.37.13:813][924]LogSlate: FSceneViewport::OnFocusLost() reason 0
[2018.04.29-22.37.13:888][926]LogTemp: Repeating last play command: Selected Viewport
[2018.04.29-22.37.13:900][926]LogPlayLevel: PlayLevel: No blueprints needed recompiling
[2018.04.29-22.37.13:900][926]PIE: New page: PIE session: NewMap (30 Apr 2018 00:37:13)
[2018.04.29-22.37.13:900][926]LogPlayLevel: Creating play world package: /Game/UEDPIE_0_NewMap
[2018.04.29-22.37.13:908][926]LogPlayLevel: PIE: StaticDuplicateObject took: (0.007637s)
[2018.04.29-22.37.13:908][926]LogAIModule: Creating AISystem for world NewMap
[2018.04.29-22.37.13:909][926]LogPlayLevel: PIE: World Init took: (0.000414s)
[2018.04.29-22.37.13:909][926]LogPlayLevel: PIE: Created PIE world by copying editor world from /Game/NewMap.NewMap to /Game/UEDPIE_0_NewMap.NewMap (0.008159s)
[2018.04.29-22.37.13:932][926]LogInit: XAudio2 using 'Realtek Digital Output (Realtek High Definition Audio)' : 2 channels at 48 kHz using 16 bits per sample (channel mask 0x3)
[2018.04.29-22.37.13:951][926]LogInit: FAudioDevice initialized.
[2018.04.29-22.37.14:123][926]LogSkeletalMesh: Skeletal Mesh found in DDC [3.888760ms] /Game/FirstPerson/Character/Mesh/SK_Mannequin_Arms.SK_Mannequin_Arms
[2018.04.29-22.37.14:133][926]LogSkeletalMesh: Skeletal Mesh found in DDC [2.621682ms] /Game/FirstPerson/FPWeapon/Mesh/SK_FPGun.SK_FPGun
[2018.04.29-22.37.14:157][926]LogLoad: Game class is 'FirstPersonGameMode_C'
[2018.04.29-22.37.14:161][926]LogWorld: Bringing World /Game/UEDPIE_0_NewMap.NewMap up for play (max tick rate 0) at 2018.04.29-23.37.14
[2018.04.29-22.37.14:162][926]LogWorld: Bringing up level for play took: 0.004008
[2018.04.29-22.37.14:164][926]LogContentBrowser: Native class hierarchy updated for 'MovieSceneCapture' in 0.0002 seconds. Added 11 classes and 0 folders.
[2018.04.29-22.37.14:166][926]PIE: Play in editor start time for /Game/UEDPIE_0_NewMap 0.046
[2018.04.29-22.38.03:025][756]LogSlate: FSceneViewport::OnFocusLost() reason 0
[2018.04.29-22.38.03:104][758]LogTemp: Repeating last play command: Selected Viewport
[2018.04.29-22.38.03:121][758]LogPlayLevel: PlayLevel: No blueprints needed recompiling
[2018.04.29-22.38.03:121][758]PIE: New page: PIE session: NewMap (30 Apr 2018 00:38:03)
[2018.04.29-22.38.03:121][758]LogPlayLevel: Creating play world package: /Game/UEDPIE_0_NewMap
[2018.04.29-22.38.03:129][758]LogPlayLevel: PIE: StaticDuplicateObject took: (0.008320s)
[2018.04.29-22.38.03:130][758]LogAIModule: Creating AISystem for world NewMap
[2018.04.29-22.38.03:130][758]LogPlayLevel: PIE: World Init took: (0.000379s)
[2018.04.29-22.38.03:130][758]LogPlayLevel: PIE: Created PIE world by copying editor world from /Game/NewMap.NewMap to /Game/UEDPIE_0_NewMap.NewMap (0.008796s)
[2018.04.29-22.38.03:143][758]LogInit: XAudio2 using 'Realtek Digital Output (Realtek High Definition Audio)' : 2 channels at 48 kHz using 16 bits per sample (channel mask 0x3)
[2018.04.29-22.38.03:166][758]LogInit: FAudioDevice initialized.
[2018.04.29-22.38.03:199][758]LogLoad: Game class is 'FirstPersonGameMode_C'
[2018.04.29-22.38.03:203][758]LogWorld: Bringing World /Game/UEDPIE_0_NewMap.NewMap up for play (max tick rate 0) at 2018.04.29-23.38.03
[2018.04.29-22.38.03:203][758]LogWorld: Bringing up level for play took: 0.003834
[2018.04.29-22.38.03:205][758]PIE: Play in editor start time for /Game/UEDPIE_0_NewMap -0.916
[2018.04.29-22.38.47:300][ 37]LogCharacterMovement: FirstPersonCharacter_C_0 is stuck and failed to move! Velocity: X=10.83 Y=13.19 Z=0.00 Location: X=2590.82 Y=-2906.24 Z=618.15 Normal: X=-0.99 Y=0.16 Z=0.00 PenetrationDepth:1.956 Actor:SlideDoor_566 Component:Door BoneName:None (0 other events since notify)
[2018.04.29-22.38.48:350][163]LogCharacterMovement: FirstPersonCharacter_C_0 is stuck and failed to move! Velocity: X=-17.03 Y=-1.19 Z=0.00 Location: X=2590.82 Y=-2906.24 Z=618.15 Normal: X=0.00 Y=1.00 Z=-0.00 PenetrationDepth:38.239 Actor:SlideDoor_566 Component:Door BoneName:None (55 other events since notify)
[2018.04.29-22.38.49:350][283]LogCharacterMovement: FirstPersonCharacter_C_0 is stuck and failed to move! Velocity: X=-116.10 Y=-367.24 Z=0.00 Location: X=2590.82 Y=-2906.24 Z=618.15 Normal: X=0.00 Y=1.00 Z=-0.00 PenetrationDepth:38.238 Actor:SlideDoor_566 Component:Door BoneName:None (51 other events since notify)
[2018.04.29-22.38.50:350][403]LogCharacterMovement: FirstPersonCharacter_C_0 is stuck and failed to move! Velocity: X=53.58 Y=-527.17 Z=0.00 Location: X=2590.82 Y=-2906.24 Z=618.15 Normal: X=0.00 Y=1.00 Z=-0.00 PenetrationDepth:38.238 Actor:SlideDoor_566 Component:Door BoneName:None (110 other events since notify)
[2018.04.29-22.38.54:142][834]Cmd: SELECT NONE
[2018.04.29-22.38.56:755][134]Cmd: SELECT NONE
[2018.04.29-22.38.57:121][169]LogEditorViewport: Clicking on Actor (LMB): BP_Sky_Sphere_C (Sky Sphere)
[2018.04.29-22.38.58:131][270]Cmd: SELECT NONE
[2018.04.29-22.39.02:287][766]LogSlate: FSceneViewport::OnFocusLost() reason 2
[2018.04.29-22.39.02:308][766]Cmd: OBJ SAVEPACKAGE PACKAGE="/Game/NewMap" FILE="../../../../../../Users/benra/Documents/GitHub/g54gam-car-game/MyProject2/Content/NewMap.umap" SILENT=true AUTOSAVING=false KEEPDIRTY=false
[2018.04.29-22.39.02:416][766]LogSavePackage: Save=90.64ms
[2018.04.29-22.39.02:416][766]LogSavePackage: Moving '../../../../../../Users/benra/Documents/GitHub/g54gam-car-game/MyProject2/Saved/NewMapD314E9C74AE68A2725DBBF8FE89254EF.tmp' to '../../../../../../Users/benra/Documents/GitHub/g54gam-car-game/MyProject2/Content/NewMap.umap'
[2018.04.29-22.39.02:417][766]LogSavePackage: Display: Finished SavePackage ../../../../../../Users/benra/Documents/GitHub/g54gam-car-game/MyProject2/Content/NewMap.umap
[2018.04.29-22.39.02:438][766]Cmd: OBJ SAVEPACKAGE PACKAGE="/Game/NewMap_BuiltData" FILE="../../../../../../Users/benra/Documents/GitHub/g54gam-car-game/MyProject2/Content/NewMap_BuiltData.uasset" SILENT=true
[2018.04.29-22.39.02:515][766]LogSavePackage: Save=68.31ms
[2018.04.29-22.39.02:515][766]LogSavePackage: Moving '../../../../../../Users/benra/Documents/GitHub/g54gam-car-game/MyProject2/Saved/NewMap_BuiltDataD8008CDA4D88D7746CCF5CA63474DB68.tmp' to '../../../../../../Users/benra/Documents/GitHub/g54gam-car-game/MyProject2/Content/NewMap_BuiltData.uasset'
[2018.04.29-22.39.02:517][766]LogSavePackage: Display: Finished SavePackage ../../../../../../Users/benra/Documents/GitHub/g54gam-car-game/MyProject2/Content/NewMap_BuiltData.uasset
[2018.04.29-22.39.13:945][ 97]LogEditorViewport: Clicking on Actor (LMB): NavMeshBoundsVolume (NavMeshBoundsVolume)
[2018.04.29-22.39.15:523][280]Cmd: EDIT COPY
[2018.04.29-22.39.15:724][304]Cmd: EDIT PASTE
[2018.04.29-22.39.18:751][590]LogSlate: FSceneViewport::OnFocusLost() reason 0
[2018.04.29-22.39.25:244][  2]LogEditorViewport: Clicking on Actor (LMB): NavMeshBoundsVolume (NavMeshBoundsVolume)
[2018.04.29-22.39.26:858][131]LogSlate: FSceneViewport::OnFocusLost() reason 0
[2018.04.29-22.39.35:579][129]LogEditorViewport: Clicking on Actor (LMB): NavMeshBoundsVolume (NavMeshBoundsVolume2)
[2018.04.29-22.39.45:843][235]LogSlate: FSceneViewport::OnFocusLost() reason 0
[2018.04.29-22.40.01:318][ 13]Cmd: TRANSACTION UNDO
[2018.04.29-22.40.01:318][ 13]LogEditorTransaction: Undo Edit Z
[2018.04.29-22.40.01:694][ 28]Cmd: TRANSACTION UNDO
[2018.04.29-22.40.01:694][ 28]LogEditorTransaction: Undo Move Actors
[2018.04.29-22.40.02:100][ 35]Cmd: TRANSACTION UNDO
[2018.04.29-22.40.02:100][ 35]LogEditorTransaction: Undo Move Actors
[2018.04.29-22.40.02:545][ 43]Cmd: TRANSACTION UNDO
[2018.04.29-22.40.02:545][ 43]LogEditorTransaction: Undo Clicking on Actors
[2018.04.29-22.40.03:147][ 93]Cmd: TRANSACTION UNDO
[2018.04.29-22.40.03:147][ 93]LogEditorTransaction: Undo Move Actors
[2018.04.29-22.40.03:662][132]Cmd: TRANSACTION UNDO
[2018.04.29-22.40.03:662][132]LogEditorTransaction: Undo Edit Y
[2018.04.29-22.40.04:046][159]Cmd: TRANSACTION UNDO
[2018.04.29-22.40.04:046][159]LogEditorTransaction: Undo Clicking on Actors
[2018.04.29-22.40.04:679][198]Cmd: TRANSACTION UNDO
[2018.04.29-22.40.04:679][198]LogEditorTransaction: Undo Move Actors
[2018.04.29-22.40.05:295][233]Cmd: TRANSACTION UNDO
[2018.04.29-22.40.05:295][233]LogEditorTransaction: Undo Edit Y
[2018.04.29-22.40.07:061][356]Cmd: TRANSACTION UNDO
[2018.04.29-22.40.07:061][356]LogEditorTransaction: Undo Paste
[2018.04.29-22.40.07:967][414]Cmd: SELECT NONE
[2018.04.29-22.40.08:916][491]LogEditorViewport: Clicking on Actor (LMB): BP_Sky_Sphere_C (Sky Sphere)
[2018.04.29-22.40.09:725][557]LogEditorViewport: Clicking on Actor (LMB): BP_Sky_Sphere_C (Sky Sphere)
[2018.04.29-22.40.10:221][601]Cmd: SELECT NONE
[2018.04.29-22.40.11:111][706]LogSlate: FSceneViewport::OnFocusLost() reason 2
[2018.04.29-22.40.11:118][706]Cmd: OBJ SAVEPACKAGE PACKAGE="/Game/NewMap" FILE="../../../../../../Users/benra/Documents/GitHub/g54gam-car-game/MyProject2/Content/NewMap.umap" SILENT=true AUTOSAVING=false KEEPDIRTY=false
[2018.04.29-22.40.11:223][706]LogSavePackage: Save=90.86ms
[2018.04.29-22.40.11:223][706]LogSavePackage: Moving '../../../../../../Users/benra/Documents/GitHub/g54gam-car-game/MyProject2/Saved/NewMap79674FDF424C86330A45018ED0B42786.tmp' to '../../../../../../Users/benra/Documents/GitHub/g54gam-car-game/MyProject2/Content/NewMap.umap'
[2018.04.29-22.40.11:225][706]LogSavePackage: Display: Finished SavePackage ../../../../../../Users/benra/Documents/GitHub/g54gam-car-game/MyProject2/Content/NewMap.umap
[2018.04.29-22.40.11:253][706]Cmd: OBJ SAVEPACKAGE PACKAGE="/Game/NewMap_BuiltData" FILE="../../../../../../Users/benra/Documents/GitHub/g54gam-car-game/MyProject2/Content/NewMap_BuiltData.uasset" SILENT=true
[2018.04.29-22.40.11:327][706]LogSavePackage: Save=69.38ms
[2018.04.29-22.40.11:327][706]LogSavePackage: Moving '../../../../../../Users/benra/Documents/GitHub/g54gam-car-game/MyProject2/Saved/NewMap_BuiltDataCBB48D85447F80D9373A2AA41292D57E.tmp' to '../../../../../../Users/benra/Documents/GitHub/g54gam-car-game/MyProject2/Content/NewMap_BuiltData.uasset'
[2018.04.29-22.40.11:327][706]LogSavePackage: Display: Finished SavePackage ../../../../../../Users/benra/Documents/GitHub/g54gam-car-game/MyProject2/Content/NewMap_BuiltData.uasset
[2018.04.29-22.40.13:453][938]LogEditorViewport: Clicking on Actor (LMB): BP_Sky_Sphere_C (Sky Sphere)
[2018.04.29-22.40.14:820][ 79]LogEditorViewport: Clicking on Actor (LMB): BP_Sky_Sphere_C (Sky Sphere)
[2018.04.29-22.40.15:253][124]LogEditorViewport: Clicking on Actor (LMB): NavMeshBoundsVolume (NavMeshBoundsVolume)
[2018.04.29-22.40.16:024][208]Cmd: SELECT NONE
[2018.04.29-22.40.18:134][458]LogEditorViewport: Clicking on Actor (LMB): NavMeshBoundsVolume (NavMeshBoundsVolume)
[2018.04.29-22.40.19:367][599]Cmd: SELECT NONE
[2018.04.29-22.40.20:491][733]LogEditorViewport: Clicking on Actor (LMB): BP_Sky_Sphere_C (Sky Sphere)
[2018.04.29-22.40.22:059][916]LogEditorViewport: Clicking on Actor (LMB): NavMeshBoundsVolume (NavMeshBoundsVolume)
[2018.04.29-22.40.42:986][340]LogSlate: FSceneViewport::OnFocusLost() reason 0
[2018.04.29-22.41.02:875][681]LogSlate: FSceneViewport::OnFocusLost() reason 0
[2018.04.29-22.41.13:239][723]Cmd: SELECT NONE
[2018.04.29-22.41.15:172][941]LogSlate: FSceneViewport::OnFocusLost() reason 2
[2018.04.29-22.41.15:179][941]Cmd: OBJ SAVEPACKAGE PACKAGE="/Game/NewMap" FILE="../../../../../../Users/benra/Documents/GitHub/g54gam-car-game/MyProject2/Content/NewMap.umap" SILENT=true AUTOSAVING=false KEEPDIRTY=false
[2018.04.29-22.41.15:284][941]LogSavePackage: Save=91.35ms
[2018.04.29-22.41.15:284][941]LogSavePackage: Moving '../../../../../../Users/benra/Documents/GitHub/g54gam-car-game/MyProject2/Saved/NewMap776DA5AF4BED9246AF8AA79F93026C92.tmp' to '../../../../../../Users/benra/Documents/GitHub/g54gam-car-game/MyProject2/Content/NewMap.umap'
[2018.04.29-22.41.15:285][941]LogSavePackage: Display: Finished SavePackage ../../../../../../Users/benra/Documents/GitHub/g54gam-car-game/MyProject2/Content/NewMap.umap
[2018.04.29-22.41.15:307][941]Cmd: OBJ SAVEPACKAGE PACKAGE="/Game/NewMap_BuiltData" FILE="../../../../../../Users/benra/Documents/GitHub/g54gam-car-game/MyProject2/Content/NewMap_BuiltData.uasset" SILENT=true
[2018.04.29-22.41.15:381][941]LogSavePackage: Save=68.85ms
[2018.04.29-22.41.15:381][941]LogSavePackage: Moving '../../../../../../Users/benra/Documents/GitHub/g54gam-car-game/MyProject2/Saved/NewMap_BuiltDataD05A2D6C4E726852A9AF5AA8E8EC0139.tmp' to '../../../../../../Users/benra/Documents/GitHub/g54gam-car-game/MyProject2/Content/NewMap_BuiltData.uasset'
[2018.04.29-22.41.15:382][941]LogSavePackage: Display: Finished SavePackage ../../../../../../Users/benra/Documents/GitHub/g54gam-car-game/MyProject2/Content/NewMap_BuiltData.uasset
[2018.04.29-22.41.16:389][ 31]LogSlate: FSceneViewport::OnFocusLost() reason 0
[2018.04.29-22.41.16:463][ 38]LogTemp: Repeating last play command: Selected Viewport
[2018.04.29-22.41.16:475][ 38]LogPlayLevel: PlayLevel: No blueprints needed recompiling
[2018.04.29-22.41.16:475][ 38]PIE: New page: PIE session: NewMap (30 Apr 2018 00:41:16)
[2018.04.29-22.41.16:475][ 38]LogPlayLevel: Creating play world package: /Game/UEDPIE_0_NewMap
[2018.04.29-22.41.16:482][ 38]LogPlayLevel: PIE: StaticDuplicateObject took: (0.007472s)
[2018.04.29-22.41.16:483][ 38]LogAIModule: Creating AISystem for world NewMap
[2018.04.29-22.41.16:483][ 38]LogPlayLevel: PIE: World Init took: (0.000442s)
[2018.04.29-22.41.16:483][ 38]LogPlayLevel: PIE: Created PIE world by copying editor world from /Game/NewMap.NewMap to /Game/UEDPIE_0_NewMap.NewMap (0.008014s)
[2018.04.29-22.41.16:494][ 38]LogInit: XAudio2 using 'Realtek Digital Output (Realtek High Definition Audio)' : 2 channels at 48 kHz using 16 bits per sample (channel mask 0x3)
[2018.04.29-22.41.16:511][ 38]LogInit: FAudioDevice initialized.
[2018.04.29-22.41.16:543][ 38]LogLoad: Game class is 'FirstPersonGameMode_C'
[2018.04.29-22.41.16:546][ 38]LogWorld: Bringing World /Game/UEDPIE_0_NewMap.NewMap up for play (max tick rate 0) at 2018.04.29-23.41.16
[2018.04.29-22.41.16:547][ 38]LogWorld: Bringing up level for play took: 0.003944
[2018.04.29-22.41.16:549][ 38]PIE: Play in editor start time for /Game/UEDPIE_0_NewMap 0.428
[2018.04.29-22.43.10:016][639]Cmd: SELECT NONE
[2018.04.29-22.43.12:961][972]LogEditorViewport: Clicking on Actor (LMB): BP_Sky_Sphere_C (Sky Sphere)
[2018.04.29-22.43.13:363][ 14]Cmd: SELECT NONE
[2018.04.29-22.43.14:069][ 96]Cmd: SELECT NONE
[2018.04.29-22.43.14:974][203]LogSlate: FSceneViewport::OnFocusLost() reason 2
[2018.04.29-22.43.14:982][203]Cmd: OBJ SAVEPACKAGE PACKAGE="/Game/NewMap" FILE="../../../../../../Users/benra/Documents/GitHub/g54gam-car-game/MyProject2/Content/NewMap.umap" SILENT=true AUTOSAVING=false KEEPDIRTY=false
[2018.04.29-22.43.15:087][203]LogSavePackage: Save=91.60ms
[2018.04.29-22.43.15:087][203]LogSavePackage: Moving '../../../../../../Users/benra/Documents/GitHub/g54gam-car-game/MyProject2/Saved/NewMap2A432855435DA861999152A77F8A1625.tmp' to '../../../../../../Users/benra/Documents/GitHub/g54gam-car-game/MyProject2/Content/NewMap.umap'
[2018.04.29-22.43.15:088][203]LogSavePackage: Display: Finished SavePackage ../../../../../../Users/benra/Documents/GitHub/g54gam-car-game/MyProject2/Content/NewMap.umap
[2018.04.29-22.43.15:116][203]Cmd: OBJ SAVEPACKAGE PACKAGE="/Game/NewMap_BuiltData" FILE="../../../../../../Users/benra/Documents/GitHub/g54gam-car-game/MyProject2/Content/NewMap_BuiltData.uasset" SILENT=true
[2018.04.29-22.43.15:191][203]LogSavePackage: Save=69.82ms
[2018.04.29-22.43.15:191][203]LogSavePackage: Moving '../../../../../../Users/benra/Documents/GitHub/g54gam-car-game/MyProject2/Saved/NewMap_BuiltDataEB617E9F44F1EFD4CAB10191A4A5F9E2.tmp' to '../../../../../../Users/benra/Documents/GitHub/g54gam-car-game/MyProject2/Content/NewMap_BuiltData.uasset'
[2018.04.29-22.43.15:192][203]LogSavePackage: Display: Finished SavePackage ../../../../../../Users/benra/Documents/GitHub/g54gam-car-game/MyProject2/Content/NewMap_BuiltData.uasset
[2018.04.29-22.43.20:530][839]LogSlate: FSceneViewport::OnFocusLost() reason 2
[2018.04.29-22.43.20:537][839]Cmd: OBJ SAVEPACKAGE PACKAGE="/Game/NewMap" FILE="../../../../../../Users/benra/Documents/GitHub/g54gam-car-game/MyProject2/Content/NewMap.umap" SILENT=true AUTOSAVING=false KEEPDIRTY=false
[2018.04.29-22.43.20:640][839]LogSavePackage: Save=90.59ms
[2018.04.29-22.43.20:640][839]LogSavePackage: Moving '../../../../../../Users/benra/Documents/GitHub/g54gam-car-game/MyProject2/Saved/NewMap17AB9C78406E0DB4ECD4C9B0A87160EE.tmp' to '../../../../../../Users/benra/Documents/GitHub/g54gam-car-game/MyProject2/Content/NewMap.umap'
[2018.04.29-22.43.20:641][839]LogSavePackage: Display: Finished SavePackage ../../../../../../Users/benra/Documents/GitHub/g54gam-car-game/MyProject2/Content/NewMap.umap
[2018.04.29-22.43.20:662][839]Cmd: OBJ SAVEPACKAGE PACKAGE="/Game/NewMap_BuiltData" FILE="../../../../../../Users/benra/Documents/GitHub/g54gam-car-game/MyProject2/Content/NewMap_BuiltData.uasset" SILENT=true
[2018.04.29-22.43.20:736][839]LogSavePackage: Save=69.41ms
[2018.04.29-22.43.20:736][839]LogSavePackage: Moving '../../../../../../Users/benra/Documents/GitHub/g54gam-car-game/MyProject2/Saved/NewMap_BuiltData717B70AF4A9A14F4DE8DAAA1D0FF19E8.tmp' to '../../../../../../Users/benra/Documents/GitHub/g54gam-car-game/MyProject2/Content/NewMap_BuiltData.uasset'
[2018.04.29-22.43.20:737][839]LogSavePackage: Display: Finished SavePackage ../../../../../../Users/benra/Documents/GitHub/g54gam-car-game/MyProject2/Content/NewMap_BuiltData.uasset
[2018.04.29-22.43.24:091][235]LogSlate: FSceneViewport::OnFocusLost() reason 0
[2018.04.29-22.43.24:207][242]LogSlate: Window 'MyProject2 - Unreal Editor' being destroyed
[2018.04.29-22.43.24:391][243]Cmd: QUIT_EDITOR
[2018.04.29-22.43.24:578][243]LogWindowsTextInputMethodSystem: Display: IME system now deactivated.
[2018.04.29-22.43.24:587][243]LogSlate: Slate User Destroyed.  User Index 0, Is Virtual User: 0
[2018.04.29-22.43.24:587][243]LogExit: Preparing to exit.
[2018.04.29-22.43.25:527][243]LogDirectoryWatcher: A directory notification for 'C:/Users/benra/Documents/GitHub/g54gam-car-game/MyProject2/Content/' was aborted.
[2018.04.29-22.43.25:541][243]LogExit: Editor shut down
[2018.04.29-22.43.25:547][243]LogExit: Transaction tracking system shut down
[2018.04.29-22.43.25:761][243]LogDirectoryWatcher: A directory notification for '../../../Engine/Content/' was aborted.
[2018.04.29-22.43.25:761][243]LogDirectoryWatcher: A directory notification for '../../../../../../Users/benra/Documents/GitHub/g54gam-car-game/MyProject2/Content/' was aborted.
[2018.04.29-22.43.25:761][243]LogDirectoryWatcher: A directory notification for '../../Plugins/2D/Paper2D/Content/' was aborted.
[2018.04.29-22.43.25:761][243]LogDirectoryWatcher: A directory notification for '../../Plugins/Enterprise/DatasmithContent/Content/' was aborted.
[2018.04.29-22.43.25:761][243]LogDirectoryWatcher: A directory notification for '../../Plugins/Media/MediaCompositing/Content/' was aborted.
[2018.04.29-22.43.25:761][243]LogDirectoryWatcher: A directory notification for '../../Plugins/Runtime/AppleARKit/Content/' was aborted.
[2018.04.29-22.43.25:761][243]LogDirectoryWatcher: A directory notification for '../../Plugins/Runtime/Oculus/OculusVR/Content/' was aborted.
[2018.04.29-22.43.25:761][243]LogDirectoryWatcher: A directory notification for '../../Plugins/Runtime/Steam/SteamVR/Content/' was aborted.
[2018.04.29-22.43.25:798][243]LogExit: Object subsystem successfully closed.
[2018.04.29-22.43.25:812][243]LogShaderCompilers: Display: Shaders left to compile 0
[2018.04.29-22.43.25:816][243]LogD3D11RHI: Shutdown
[2018.04.29-22.43.25:817][243]LogD3D11RHI: CleanupD3DDevice
[2018.04.29-22.43.25:821][243]LogD3D11RHI: ~FD3D11DynamicRHI
[2018.04.29-22.43.25:835][243]LogModuleManager: Shutting down and abandoning module MovieSceneCapture (576)
[2018.04.29-22.43.25:835][243]LogModuleManager: Shutting down and abandoning module HierarchicalLODOutliner (574)
[2018.04.29-22.43.25:835][243]LogModuleManager: Shutting down and abandoning module SceneOutliner (572)
[2018.04.29-22.43.25:835][243]LogModuleManager: Shutting down and abandoning module AddContentDialog (570)
[2018.04.29-22.43.25:835][243]LogDirectoryWatcher: A directory notification for 'C:/Program Files/Epic Games/UE_4.19/FeaturePacks/' was aborted.
[2018.04.29-22.43.25:836][243]LogModuleManager: Shutting down and abandoning module WidgetCarousel (569)
[2018.04.29-22.43.25:836][243]LogModuleManager: Shutting down and abandoning module EditorWidgets (566)
[2018.04.29-22.43.25:836][243]LogModuleManager: Shutting down and abandoning module CollectionManager (564)
[2018.04.29-22.43.25:836][243]LogDirectoryWatcher: A directory notification for 'C:/Users/benra/Documents/GitHub/g54gam-car-game/MyProject2/Content/Collections/' was aborted.
[2018.04.29-22.43.25:836][243]LogDirectoryWatcher: A directory notification for 'C:/Users/benra/Documents/GitHub/g54gam-car-game/MyProject2/Content/Developers/benra/Collections/' was aborted.
[2018.04.29-22.43.25:836][243]LogDirectoryWatcher: A directory notification for 'C:/Users/benra/Documents/GitHub/g54gam-car-game/MyProject2/Saved/Collections/' was aborted.
[2018.04.29-22.43.25:836][243]LogModuleManager: Shutting down and abandoning module StatsViewer (562)
[2018.04.29-22.43.25:836][243]LogModuleManager: Shutting down and abandoning module FoliageEdit (560)
[2018.04.29-22.43.25:836][243]LogModuleManager: Shutting down and abandoning module LandscapeEditor (558)
[2018.04.29-22.43.25:836][243]LogModuleManager: Shutting down and abandoning module MeshPaintMode (556)
[2018.04.29-22.43.25:836][243]LogModuleManager: Shutting down and abandoning module SceneDepthPickerMode (554)
[2018.04.29-22.43.25:836][243]LogModuleManager: Shutting down and abandoning module ActorPickerMode (552)
[2018.04.29-22.43.25:836][243]LogModuleManager: Shutting down and abandoning module GeometryMode (550)
[2018.04.29-22.43.25:836][243]LogModuleManager: Shutting down and abandoning module TextureAlignMode (548)
[2018.04.29-22.43.25:836][243]LogModuleManager: Shutting down and abandoning module BspMode (546)
[2018.04.29-22.43.25:836][243]LogModuleManager: Shutting down and abandoning module PIEPreviewDeviceProfileSelector (544)
[2018.04.29-22.43.25:836][243]LogModuleManager: Shutting down and abandoning module HardwareSurvey (542)
[2018.04.29-22.43.25:836][243]LogModuleManager: Shutting down and abandoning module SequenceRecorderSections (540)
[2018.04.29-22.43.25:836][243]LogModuleManager: Shutting down and abandoning module AutomationWorker (538)
[2018.04.29-22.43.25:836][243]LogModuleManager: Shutting down and abandoning module AudioCaptureEditor (536)
[2018.04.29-22.43.25:836][243]LogModuleManager: Shutting down and abandoning module SequenceRecorder (535)
[2018.04.29-22.43.25:836][243]LogModuleManager: Shutting down and abandoning module MatineeToLevelSequence (532)
[2018.04.29-22.43.25:836][243]LogModuleManager: Shutting down and abandoning module LevelSequenceEditor (530)
[2018.04.29-22.43.25:836][243]LogModuleManager: Shutting down and abandoning module PlacementMode (529)
[2018.04.29-22.43.25:836][243]LogModuleManager: Shutting down and abandoning module MaterialEditor (528)
[2018.04.29-22.43.25:836][243]LogModuleManager: Shutting down and abandoning module WmfMediaFactory (524)
[2018.04.29-22.43.25:836][243]LogModuleManager: Shutting down and abandoning module WmfMediaEditor (522)
[2018.04.29-22.43.25:837][243]LogModuleManager: Shutting down and abandoning module MediaPlayerEditor (520)
[2018.04.29-22.43.25:837][243]LogModuleManager: Shutting down and abandoning module OpenExrWrapper (518)
[2018.04.29-22.43.25:837][243]LogModuleManager: Shutting down and abandoning module ImgMediaFactory (516)
[2018.04.29-22.43.25:837][243]LogModuleManager: Shutting down and abandoning module ImgMediaEditor (514)
[2018.04.29-22.43.25:837][243]LogModuleManager: Shutting down and abandoning module AvfMediaFactory (512)
[2018.04.29-22.43.25:837][243]LogModuleManager: Shutting down and abandoning module AvfMediaEditor (510)
[2018.04.29-22.43.25:837][243]LogModuleManager: Shutting down and abandoning module AndroidMediaFactory (508)
[2018.04.29-22.43.25:837][243]LogModuleManager: Shutting down and abandoning module AndroidMediaEditor (506)
[2018.04.29-22.43.25:837][243]LogModuleManager: Shutting down and abandoning module CharacterAI (504)
[2018.04.29-22.43.25:837][243]LogModuleManager: Shutting down and abandoning module SmartSnapping (502)
[2018.04.29-22.43.25:837][243]LogModuleManager: Shutting down and abandoning module SessionServices (500)
[2018.04.29-22.43.25:837][243]LogModuleManager: Shutting down and abandoning module ViewportSnapping (498)
[2018.04.29-22.43.25:837][243]LogModuleManager: Shutting down and abandoning module ViewportInteraction (496)
[2018.04.29-22.43.25:837][243]LogModuleManager: Shutting down and abandoning module ClothPainter (494)
[2018.04.29-22.43.25:837][243]LogModuleManager: Shutting down and abandoning module SkeletalMeshEditor (493)
[2018.04.29-22.43.25:837][243]LogModuleManager: Shutting down and abandoning module LogVisualizer (490)
[2018.04.29-22.43.25:837][243]LogModuleManager: Shutting down and abandoning module IntroTutorials (488)
[2018.04.29-22.43.25:837][243]LogModuleManager: Shutting down and abandoning module GameProjectGeneration (487)
[2018.04.29-22.43.25:837][243]LogModuleManager: Shutting down and abandoning module IOSPlatformEditor (484)
[2018.04.29-22.43.25:837][243]LogModuleManager: Shutting down and abandoning module HTML5PlatformEditor (482)
[2018.04.29-22.43.25:837][243]LogModuleManager: Shutting down and abandoning module AndroidPlatformEditor (480)
[2018.04.29-22.43.25:837][243]LogModuleManager: Shutting down and abandoning module AndroidDeviceDetection (479)
[2018.04.29-22.43.26:454][243]LogModuleManager: Shutting down and abandoning module WindowsPlatformEditor (476)
[2018.04.29-22.43.26:454][243]LogModuleManager: Shutting down and abandoning module IOSRuntimeSettings (474)
[2018.04.29-22.43.26:454][243]LogModuleManager: Shutting down and abandoning module AndroidRuntimeSettings (472)
[2018.04.29-22.43.26:454][243]LogModuleManager: Shutting down and abandoning module InputBindingEditor (470)
[2018.04.29-22.43.26:454][243]LogModuleManager: Shutting down and abandoning module MergeActors (468)
[2018.04.29-22.43.26:454][243]LogModuleManager: Shutting down and abandoning module LocalizationDashboard (466)
[2018.04.29-22.43.26:454][243]LogModuleManager: Shutting down and abandoning module LocalizationService (465)
[2018.04.29-22.43.26:454][243]LogModuleManager: Shutting down and abandoning module HardwareTargeting (462)
[2018.04.29-22.43.26:454][243]LogModuleManager: Shutting down and abandoning module DeviceProfileEditor (460)
[2018.04.29-22.43.26:454][243]LogModuleManager: Shutting down and abandoning module UndoHistory (458)
[2018.04.29-22.43.26:454][243]LogModuleManager: Shutting down and abandoning module XmlParser (456)
[2018.04.29-22.43.26:454][243]LogModuleManager: Shutting down and abandoning module Blutility (454)
[2018.04.29-22.43.26:454][243]LogModuleManager: Shutting down and abandoning module ProjectSettingsViewer (452)
[2018.04.29-22.43.26:454][243]LogModuleManager: Shutting down and abandoning module ProjectTargetPlatformEditor (451)
[2018.04.29-22.43.26:454][243]LogModuleManager: Shutting down and abandoning module EditorSettingsViewer (448)
[2018.04.29-22.43.26:454][243]LogModuleManager: Shutting down and abandoning module SettingsEditor (446)
[2018.04.29-22.43.26:454][243]LogModuleManager: Shutting down and abandoning module ProjectLauncher (444)
[2018.04.29-22.43.26:454][243]LogModuleManager: Shutting down and abandoning module SessionFrontend (442)
[2018.04.29-22.43.26:454][243]LogModuleManager: Shutting down and abandoning module ProfilerClient (440)
[2018.04.29-22.43.26:454][243]LogModuleManager: Shutting down and abandoning module DeviceManager (438)
[2018.04.29-22.43.26:454][243]LogModuleManager: Shutting down and abandoning module TargetDeviceServices (437)
[2018.04.29-22.43.26:506][243]LogModuleManager: Shutting down and abandoning module AutomationController (434)
[2018.04.29-22.43.26:506][243]LogModuleManager: Shutting down and abandoning module AutomationWindow (432)
[2018.04.29-22.43.26:506][243]LogModuleManager: Shutting down and abandoning module Layers (430)
[2018.04.29-22.43.26:506][243]LogModuleManager: Shutting down and abandoning module ComponentVisualizers (428)
[2018.04.29-22.43.26:506][243]LogModuleManager: Shutting down and abandoning module DetailCustomizations (426)
[2018.04.29-22.43.26:506][243]LogModuleManager: Shutting down and abandoning module PackagesDialog (424)
[2018.04.29-22.43.26:506][243]LogModuleManager: Shutting down and abandoning module Persona (422)
[2018.04.29-22.43.26:506][243]LogModuleManager: Shutting down and abandoning module AdvancedPreviewScene (421)
[2018.04.29-22.43.26:506][243]LogModuleManager: Shutting down and abandoning module AnimGraph (419)
[2018.04.29-22.43.26:507][243]LogModuleManager: Shutting down and abandoning module Kismet (416)
[2018.04.29-22.43.26:507][243]LogModuleManager: Shutting down and abandoning module GraphEditor (414)
[2018.04.29-22.43.26:507][243]LogModuleManager: Shutting down and abandoning module ClassViewer (412)
[2018.04.29-22.43.26:507][243]LogModuleManager: Shutting down and abandoning module Toolbox (410)
[2018.04.29-22.43.26:507][243]LogModuleManager: Shutting down and abandoning module ModuleUI (408)
[2018.04.29-22.43.26:507][243]LogModuleManager: Shutting down and abandoning module MovieSceneTools (406)
[2018.04.29-22.43.26:507][243]LogModuleManager: Shutting down and abandoning module OutputLog (404)
[2018.04.29-22.43.26:507][243]LogModuleManager: Shutting down and abandoning module GammaUI (402)
[2018.04.29-22.43.26:507][243]LogModuleManager: Shutting down and abandoning module Documentation (400)
[2018.04.29-22.43.26:507][243]LogModuleManager: Shutting down and abandoning module MovieSceneTracks (398)
[2018.04.29-22.43.26:507][243]LogModuleManager: Shutting down and abandoning module MovieScene (396)
[2018.04.29-22.43.26:507][243]LogModuleManager: Shutting down and abandoning module StreamingPauseRendering (394)
[2018.04.29-22.43.26:507][243]LogModuleManager: Shutting down and abandoning module LauncherPlatform (392)
[2018.04.29-22.43.26:507][243]LogModuleManager: Shutting down and abandoning module AnalyticsET (390)
[2018.04.29-22.43.26:507][243]LogModuleManager: Shutting down and abandoning module PortalServices (388)
[2018.04.29-22.43.26:507][243]LogModuleManager: Shutting down and abandoning module PortalRpc (386)
[2018.04.29-22.43.26:507][243]LogModuleManager: Shutting down and abandoning module MessagingRpc (384)
[2018.04.29-22.43.26:507][243]LogModuleManager: Shutting down and abandoning module AIModule (382)
[2018.04.29-22.43.26:507][243]LogModuleManager: Shutting down and abandoning module GameplayDebugger (381)
[2018.04.29-22.43.26:507][243]LogModuleManager: Shutting down and abandoning module AITestSuite (379)
[2018.04.29-22.43.26:507][243]LogModuleManager: Shutting down and abandoning module DesktopPlatform (376)
[2018.04.29-22.43.26:507][243]LogModuleManager: Shutting down and abandoning module ProfilerService (374)
[2018.04.29-22.43.26:636][243]LogModuleManager: Shutting down and abandoning module TaskGraph (372)
[2018.04.29-22.43.26:636][243]LogModuleManager: Shutting down and abandoning module SteamVRController (370)
[2018.04.29-22.43.26:636][243]LogModuleManager: Shutting down and abandoning module ProceduralMeshComponentEditor (368)
[2018.04.29-22.43.26:636][243]LogModuleManager: Shutting down and abandoning module ProceduralMeshComponent (366)
[2018.04.29-22.43.26:637][243]LogModuleManager: Shutting down and abandoning module OculusInput (364)
[2018.04.29-22.43.26:637][243]LogModuleManager: Shutting down and abandoning module MobilePatchingUtils (362)
[2018.04.29-22.43.26:637][243]LogModuleManager: Shutting down and abandoning module CustomMeshComponent (360)
[2018.04.29-22.43.26:637][243]LogModuleManager: Shutting down and abandoning module CableComponent (358)
[2018.04.29-22.43.26:637][243]LogModuleManager: Shutting down and abandoning module AudioCapture (356)
[2018.04.29-22.43.26:637][243]LogModuleManager: Shutting down and abandoning module ArchVisCharacter (354)
[2018.04.29-22.43.26:637][243]LogModuleManager: Shutting down and abandoning module AndroidPermission (352)
[2018.04.29-22.43.26:637][243]LogModuleManager: Shutting down and abandoning module NUTUnrealEngine4 (348)
[2018.04.29-22.43.26:637][243]LogModuleManager: Shutting down and abandoning module NetcodeUnitTest (346)
[2018.04.29-22.43.26:637][243]LogModuleManager: Shutting down and abandoning module MediaCompositingEditor (344)
[2018.04.29-22.43.26:637][243]LogModuleManager: Shutting down and abandoning module MediaCompositing (342)
[2018.04.29-22.43.26:637][243]LogModuleManager: Shutting down and abandoning module LinearTimecode (340)
[2018.04.29-22.43.26:637][243]LogModuleManager: Shutting down and abandoning module ImgMedia (338)
[2018.04.29-22.43.26:638][243]LogModuleManager: Shutting down and abandoning module HTML5Networking (336)
[2018.04.29-22.43.26:639][243]LogModuleManager: Shutting down and abandoning module AlembicImporter (334)
[2018.04.29-22.43.26:639][243]LogModuleManager: Shutting down and abandoning module AlembicLibrary (333)
[2018.04.29-22.43.26:639][243]LogModuleManager: Shutting down and abandoning module GeometryCache (332)
[2018.04.29-22.43.26:639][243]LogModuleManager: Shutting down and abandoning module GeometryCacheEd (331)
[2018.04.29-22.43.26:639][243]LogModuleManager: Shutting down and abandoning module DatasmithContent (326)
[2018.04.29-22.43.26:639][243]LogModuleManager: Shutting down and abandoning module SpeedTreeImporter (324)
[2018.04.29-22.43.26:639][243]LogModuleManager: Shutting down and abandoning module PluginBrowser (322)
[2018.04.29-22.43.26:639][243]LogModuleManager: Shutting down and abandoning module MobileLauncherProfileWizard (320)
[2018.04.29-22.43.26:639][243]LogModuleManager: Shutting down and abandoning module CryptoKeysOpenSSL (318)
[2018.04.29-22.43.26:639][243]LogModuleManager: Shutting down and abandoning module CryptoKeys (316)
[2018.04.29-22.43.26:639][243]LogModuleManager: Shutting down and abandoning module VisualStudioSourceCodeAccess (314)
[2018.04.29-22.43.26:639][243]LogModuleManager: Shutting down and abandoning module VisualStudioCodeSourceCodeAccess (312)
[2018.04.29-22.43.26:639][243]LogModuleManager: Shutting down and abandoning module UObjectPlugin (310)
[2018.04.29-22.43.26:639][243]LogModuleManager: Shutting down and abandoning module SubversionSourceControl (308)
[2018.04.29-22.43.26:639][243]LogModuleManager: Shutting down and abandoning module PerforceSourceControl (306)
[2018.04.29-22.43.26:639][243]LogModuleManager: Shutting down and abandoning module GitSourceControl (304)
[2018.04.29-22.43.26:639][243]LogModuleManager: Shutting down and abandoning module SourceControl (303)
[2018.04.29-22.43.26:639][243]LogModuleManager: Shutting down and abandoning module CLionSourceCodeAccess (300)
[2018.04.29-22.43.26:639][243]LogModuleManager: Shutting down and abandoning module LightPropagationVolumeEditor (298)
[2018.04.29-22.43.26:639][243]LogModuleManager: Shutting down and abandoning module PaperTiledImporter (296)
[2018.04.29-22.43.26:639][243]LogModuleManager: Shutting down and abandoning module PaperSpriteSheetImporter (294)
[2018.04.29-22.43.26:639][243]LogModuleManager: Shutting down and abandoning module Paper2DEditor (292)
[2018.04.29-22.43.26:639][243]LogModuleManager: Shutting down and abandoning module MeshPaint (291)
[2018.04.29-22.43.26:639][243]LogModuleManager: Shutting down and abandoning module RuntimePhysXCooking (288)
[2018.04.29-22.43.26:639][243]LogModuleManager: Shutting down and abandoning module PhysXVehiclesEditor (286)
[2018.04.29-22.43.26:639][243]LogModuleManager: Shutting down and abandoning module PhysXVehicles (284)
[2018.04.29-22.43.26:639][243]LogModuleManager: Shutting down and abandoning module OculusEditor (282)
[2018.04.29-22.43.26:639][243]LogModuleManager: Shutting down and abandoning module LocationServicesBPLibrary (280)
[2018.04.29-22.43.26:639][243]LogModuleManager: Shutting down and abandoning module ImmediatePhysicsEditor (278)
[2018.04.29-22.43.26:639][243]LogModuleManager: Shutting down and abandoning module ImmediatePhysics (276)
[2018.04.29-22.43.26:639][243]LogModuleManager: Shutting down and abandoning module ActorSequence (274)
[2018.04.29-22.43.26:639][243]LogModuleManager: Shutting down and abandoning module UdpMessaging (272)
[2018.04.29-22.43.26:740][243]LogModuleManager: Shutting down and abandoning module TcpMessaging (270)
[2018.04.29-22.43.26:840][243]LogModuleManager: Shutting down and abandoning module GameplayTagsEditor (268)
[2018.04.29-22.43.26:840][243]LogModuleManager: Shutting down and abandoning module FacialAnimationEditor (266)
[2018.04.29-22.43.26:840][243]LogModuleManager: Shutting down and abandoning module FacialAnimation (264)
[2018.04.29-22.43.26:840][243]LogModuleManager: Shutting down and abandoning module DataValidation (262)
[2018.04.29-22.43.26:840][243]LogModuleManager: Shutting down and abandoning module AssetManagerEditor (260)
[2018.04.29-22.43.26:840][243]LogModuleManager: Shutting down and abandoning module LevelEditor (259)
[2018.04.29-22.43.26:840][243]LogModuleManager: Shutting down and abandoning module PixelInspectorModule (258)
[2018.04.29-22.43.26:840][243]LogModuleManager: Shutting down and abandoning module CommonMenuExtensions (256)
[2018.04.29-22.43.26:841][243]LogModuleManager: Shutting down and abandoning module MainFrame (254)
[2018.04.29-22.43.26:841][243]LogModuleManager: Shutting down and abandoning module HotReload (253)
[2018.04.29-22.43.26:841][243]LogModuleManager: Shutting down and abandoning module ContentBrowser (249)
[2018.04.29-22.43.26:842][243]LogModuleManager: Shutting down and abandoning module TreeMap (247)
[2018.04.29-22.43.26:842][243]LogModuleManager: Shutting down and abandoning module LightPropagationVolumeRuntime (244)
[2018.04.29-22.43.26:842][243]LogModuleManager: Shutting down and abandoning module LiveLinkEditor (242)
[2018.04.29-22.43.26:842][243]LogModuleManager: Shutting down and abandoning module LiveLink (240)
[2018.04.29-22.43.27:312][243]LogModuleManager: Shutting down and abandoning module Paper2D (238)
[2018.04.29-22.43.27:313][243]LogModuleManager: Shutting down and abandoning module WindowsMoviePlayer (236)
[2018.04.29-22.43.27:313][243]LogModuleManager: Shutting down and abandoning module WmfMedia (234)
[2018.04.29-22.43.27:316][243]LogModuleManager: Shutting down and abandoning module Media (233)
[2018.04.29-22.43.27:322][243]LogModuleManager: Shutting down and abandoning module PacketHandler (230)
[2018.04.29-22.43.27:322][243]LogModuleManager: Shutting down and abandoning module ClothingSystemEditor (228)
[2018.04.29-22.43.27:323][243]LogModuleManager: Shutting down and abandoning module ClothingSystemRuntime (226)
[2018.04.29-22.43.27:323][243]LogModuleManager: Shutting down and abandoning module MediaAssets (224)
[2018.04.29-22.43.27:323][243]LogModuleManager: Shutting down and abandoning module Overlay (222)
[2018.04.29-22.43.27:323][243]LogModuleManager: Shutting down and abandoning module OverlayEditor (221)
[2018.04.29-22.43.27:323][243]LogModuleManager: Shutting down and abandoning module VREditor (218)
[2018.04.29-22.43.27:323][243]LogModuleManager: Shutting down and abandoning module StringTableEditor (216)
[2018.04.29-22.43.27:323][243]LogModuleManager: Shutting down and abandoning module GameplayTasksEditor (214)
[2018.04.29-22.43.27:323][243]LogModuleManager: Shutting down and abandoning module BehaviorTreeEditor (212)
[2018.04.29-22.43.27:323][243]LogModuleManager: Shutting down and abandoning module FunctionalTesting (210)
[2018.04.29-22.43.27:323][243]LogModuleManager: Shutting down and abandoning module CollisionAnalyzer (208)
[2018.04.29-22.43.27:323][243]LogModuleManager: Shutting down and abandoning module WorkspaceMenuStructure (207)
[2018.04.29-22.43.27:323][243]LogModuleManager: Shutting down and abandoning module UMG (204)
[2018.04.29-22.43.27:324][243]LogModuleManager: Shutting down and abandoning module UMGEditor (203)
[2018.04.29-22.43.27:324][243]LogModuleManager: Shutting down and abandoning module Sequencer (202)
[2018.04.29-22.43.27:324][243]LogModuleManager: Shutting down and abandoning module MessageLog (199)
[2018.04.29-22.43.27:324][243]LogModuleManager: Shutting down and abandoning module SlateReflector (194)
[2018.04.29-22.43.27:324][243]LogModuleManager: Shutting down and abandoning module Slate (192)
[2018.04.29-22.43.27:324][243]LogModuleManager: Shutting down and abandoning module EditorStyle (190)
[2018.04.29-22.43.27:325][243]LogModuleManager: Shutting down and abandoning module MRMesh (188)
[2018.04.29-22.43.27:325][243]LogModuleManager: Shutting down and abandoning module SourceCodeAccess (186)
[2018.04.29-22.43.27:325][243]LogModuleManager: Shutting down and abandoning module HeadMountedDisplay (184)
[2018.04.29-22.43.27:325][243]LogModuleManager: Shutting down and abandoning module XAudio2 (182)
[2018.04.29-22.43.27:325][243]LogModuleManager: Shutting down and abandoning module Networking (180)
[2018.04.29-22.43.27:325][243]LogModuleManager: Shutting down and abandoning module Core (178)
[2018.04.29-22.43.27:325][243]LogModuleManager: Shutting down and abandoning module LevelSequence (176)
[2018.04.29-22.43.27:325][243]LogModuleManager: Shutting down and abandoning module KismetCompiler (174)
[2018.04.29-22.43.27:325][243]LogModuleManager: Shutting down and abandoning module MeshUtilities (172)
[2018.04.29-22.43.27:325][243]LogModuleManager: Shutting down and abandoning module MeshMergeUtilities (171)
[2018.04.29-22.43.27:325][243]LogModuleManager: Shutting down and abandoning module MeshReductionInterface (170)
[2018.04.29-22.43.27:325][243]LogModuleManager: Shutting down and abandoning module SimplygonSwarm (169)
[2018.04.29-22.43.27:326][243]LogModuleManager: Shutting down and abandoning module SimplygonMeshReduction (167)
[2018.04.29-22.43.27:326][243]LogModuleManager: Shutting down and abandoning module QuadricMeshReduction (165)
[2018.04.29-22.43.27:326][243]LogModuleManager: Shutting down and abandoning module MaterialBaking (161)
[2018.04.29-22.43.27:326][243]LogModuleManager: Shutting down and abandoning module DirectoryWatcher (157)
[2018.04.29-22.43.27:326][243]LogModuleManager: Shutting down and abandoning module DerivedDataCache (154)
[2018.04.29-22.43.27:426][243]LogDerivedDataCache: Shutdown
[2018.04.29-22.43.27:426][243]LogModuleManager: Shutting down and abandoning module XGEController (152)
[2018.04.29-22.43.27:426][243]LogXGEController: Cleaning working directory: C:/Users/benra/AppData/Local/Temp/UnrealXGEWorkingDir/
[2018.04.29-22.43.27:426][243]LogModuleManager: Shutting down and abandoning module TargetPlatform (150)
[2018.04.29-22.43.27:426][243]LogModuleManager: Shutting down and abandoning module VulkanShaderFormat (149)
[2018.04.29-22.43.27:426][243]LogModuleManager: Shutting down and abandoning module ShaderFormatVectorVM (147)
[2018.04.29-22.43.27:426][243]LogModuleManager: Shutting down and abandoning module ShaderFormatOpenGL (145)
[2018.04.29-22.43.27:426][243]LogModuleManager: Shutting down and abandoning module ShaderFormatD3D (143)
[2018.04.29-22.43.27:426][243]LogModuleManager: Shutting down and abandoning module MetalShaderFormat (141)
[2018.04.29-22.43.27:426][243]LogModuleManager: Shutting down and abandoning module TextureFormatUncompressed (139)
[2018.04.29-22.43.27:426][243]LogModuleManager: Shutting down and abandoning module TextureFormatPVR (137)
[2018.04.29-22.43.27:426][243]LogModuleManager: Shutting down and abandoning module TextureFormatDXT (135)
[2018.04.29-22.43.27:426][243]LogModuleManager: Shutting down and abandoning module TextureFormatIntelISPCTexComp (133)
[2018.04.29-22.43.27:426][243]LogModuleManager: Shutting down and abandoning module TextureFormatASTC (131)
[2018.04.29-22.43.27:426][243]LogModuleManager: Shutting down and abandoning module ImageWrapper (130)
[2018.04.29-22.43.27:427][243]LogModuleManager: Shutting down and abandoning module TextureFormatAndroid (127)
[2018.04.29-22.43.27:427][243]LogModuleManager: Shutting down and abandoning module AudioFormatOpus (125)
[2018.04.29-22.43.27:427][243]LogModuleManager: Shutting down and abandoning module AudioFormatOgg (123)
[2018.04.29-22.43.27:427][243]LogModuleManager: Shutting down and abandoning module AudioFormatADPCM (121)
[2018.04.29-22.43.27:427][243]LogModuleManager: Shutting down and abandoning module LinuxTargetPlatform (119)
[2018.04.29-22.43.27:427][243]LogModuleManager: Shutting down and abandoning module LinuxServerTargetPlatform (117)
[2018.04.29-22.43.27:427][243]LogModuleManager: Shutting down and abandoning module LinuxNoEditorTargetPlatform (115)
[2018.04.29-22.43.27:427][243]LogModuleManager: Shutting down and abandoning module LinuxClientTargetPlatform (113)
[2018.04.29-22.43.27:427][243]LogModuleManager: Shutting down and abandoning module TVOSTargetPlatform (111)
[2018.04.29-22.43.27:427][243]LogModuleManager: Shutting down and abandoning module Messaging (109)
[2018.04.29-22.43.27:427][243]LogModuleManager: Shutting down and abandoning module IOSTargetPlatform (107)
[2018.04.29-22.43.27:427][243]LogModuleManager: Shutting down and abandoning module HTML5TargetPlatform (105)
[2018.04.29-22.43.27:427][243]LogModuleManager: Shutting down and abandoning module AndroidTargetPlatform (103)
[2018.04.29-22.43.27:427][243]LogModuleManager: Shutting down and abandoning module Android_PVRTCTargetPlatform (101)
[2018.04.29-22.43.27:427][243]LogModuleManager: Shutting down and abandoning module Android_MultiTargetPlatform (99)
[2018.04.29-22.43.27:427][243]LogModuleManager: Shutting down and abandoning module Android_ETC2TargetPlatform (97)
[2018.04.29-22.43.27:427][243]LogModuleManager: Shutting down and abandoning module Android_ETC1TargetPlatform (95)
[2018.04.29-22.43.27:427][243]LogModuleManager: Shutting down and abandoning module Android_ETC1aTargetPlatform (93)
[2018.04.29-22.43.27:427][243]LogModuleManager: Shutting down and abandoning module Android_DXTTargetPlatform (91)
[2018.04.29-22.43.27:427][243]LogModuleManager: Shutting down and abandoning module Android_ATCTargetPlatform (89)
[2018.04.29-22.43.27:427][243]LogModuleManager: Shutting down and abandoning module Android_ASTCTargetPlatform (87)
[2018.04.29-22.43.27:427][243]LogModuleManager: Shutting down and abandoning module WindowsTargetPlatform (85)
[2018.04.29-22.43.27:427][243]LogModuleManager: Shutting down and abandoning module WindowsServerTargetPlatform (83)
[2018.04.29-22.43.27:427][243]LogModuleManager: Shutting down and abandoning module WindowsNoEditorTargetPlatform (81)
[2018.04.29-22.43.27:427][243]LogModuleManager: Shutting down and abandoning module WindowsClientTargetPlatform (79)
[2018.04.29-22.43.27:427][243]LogModuleManager: Shutting down and abandoning module MacTargetPlatform (77)
[2018.04.29-22.43.27:427][243]LogModuleManager: Shutting down and abandoning module MacServerTargetPlatform (75)
[2018.04.29-22.43.27:427][243]LogModuleManager: Shutting down and abandoning module MacNoEditorTargetPlatform (73)
[2018.04.29-22.43.27:427][243]LogModuleManager: Shutting down and abandoning module MacClientTargetPlatform (71)
[2018.04.29-22.43.27:427][243]LogModuleManager: Shutting down and abandoning module AllDesktopTargetPlatform (69)
[2018.04.29-22.43.27:427][243]LogModuleManager: Shutting down and abandoning module InputCore (66)
[2018.04.29-22.43.27:427][243]LogModuleManager: Shutting down and abandoning module Settings (64)
[2018.04.29-22.43.27:427][243]LogModuleManager: Shutting down and abandoning module PhysXCooking (62)
[2018.04.29-22.43.27:427][243]LogModuleManager: Shutting down and abandoning module SteamVR (60)
[2018.04.29-22.43.27:427][243]LogModuleManager: Shutting down and abandoning module OculusHMD (58)
[2018.04.29-22.43.27:427][243]LogModuleManager: Shutting down and abandoning module ExampleDeviceProfileSelector (56)
[2018.04.29-22.43.27:427][243]LogModuleManager: Shutting down and abandoning module AppleARKit (54)
[2018.04.29-22.43.27:427][243]LogModuleManager: Shutting down and abandoning module AugmentedReality (51)
[2018.04.29-22.43.27:427][243]LogModuleManager: Shutting down and abandoning module OnlineBlueprintSupport (48)
[2018.04.29-22.43.27:427][243]LogModuleManager: Shutting down and abandoning module OnlineSubsystem (44)
[2018.04.29-22.43.27:427][243]LogModuleManager: Shutting down and abandoning module XMPP (43)
[2018.04.29-22.43.27:427][243]LogModuleManager: Shutting down and abandoning module HTTP (41)
[2018.04.29-22.43.27:427][243]LogHttp: Display: Http module shutting down, but needs to wait on 1 outstanding Http requests:
[2018.04.29-22.43.27:427][243]LogHttp: Display: 	verb=[POST] url=[https://datarouter.ol.epicgames.com/datarouter/api/v1/public/data?SessionID=%7BC7F0AAB3-4362-95BD-FF65-569C20ACAB93%7D&AppID=UEEditor.Rocket.Release&AppVersion=4.19.1-3989454%2B%2B%2BUE4%2BRelease-4.19&UserID=687d6be04d0812fbe123a4a47c32f49f%7C5de58d5048ab4d5ab5566c9e08dd1b54%7C7a4d2803-9e2d-4648-a498-b5e4995430ce&AppEnvironment=datacollector-binary&UploadType=eteventstream] status=Processing
[2018.04.29-22.43.27:455][243]LogModuleManager: Shutting down and abandoning module SSL (40)
[2018.04.29-22.43.27:456][243]LogModuleManager: Shutting down and abandoning module AnimationModifiers (36)
[2018.04.29-22.43.27:456][243]LogModuleManager: Shutting down and abandoning module PropertyEditor (35)
[2018.04.29-22.43.27:456][243]LogModuleManager: Shutting down and abandoning module AudioEditor (32)
[2018.04.29-22.43.27:456][243]LogModuleManager: Shutting down and abandoning module TextureCompressor (30)
[2018.04.29-22.43.27:456][243]LogModuleManager: Shutting down and abandoning module ShaderCore (28)
[2018.04.29-22.43.27:456][243]LogModuleManager: Shutting down and abandoning module Landscape (26)
[2018.04.29-22.43.27:456][243]LogModuleManager: Shutting down and abandoning module SlateRHIRenderer (24)
[2018.04.29-22.43.27:457][243]LogModuleManager: Shutting down and abandoning module OpenGLDrv (22)
[2018.04.29-22.43.27:457][243]LogModuleManager: Shutting down and abandoning module D3D11RHI (20)
[2018.04.29-22.43.27:457][243]LogModuleManager: Shutting down and abandoning module AnimGraphRuntime (18)
[2018.04.29-22.43.27:457][243]LogModuleManager: Shutting down and abandoning module Renderer (16)
[2018.04.29-22.43.27:457][243]LogModuleManager: Shutting down and abandoning module Engine (14)
[2018.04.29-22.43.27:457][243]LogModuleManager: Shutting down and abandoning module CoreUObject (12)
[2018.04.29-22.43.27:457][243]LogModuleManager: Shutting down and abandoning module NetworkFile (10)
[2018.04.29-22.43.27:457][243]LogModuleManager: Shutting down and abandoning module CookedIterativeFile (8)
[2018.04.29-22.43.27:458][243]LogModuleManager: Shutting down and abandoning module StreamingFile (6)
[2018.04.29-22.43.27:458][243]LogModuleManager: Shutting down and abandoning module SandboxFile (4)
[2018.04.29-22.43.27:458][243]LogModuleManager: Shutting down and abandoning module PakFile (2)
[2018.04.29-22.43.27:462][243]LogExit: Exiting.
[2018.04.29-22.43.27:472][243]Log file closed, 04/29/18 23:43:27
