Log file open, 04/21/18 13:34:09
LogWindows: Failed to load 'aqProf.dll' (GetLastError=126)
LogWindows: File 'aqProf.dll' does not exist
LogWindows: Failed to load 'VtuneApi.dll' (GetLastError=126)
LogWindows: File 'VtuneApi.dll' does not exist
LogWindows: Failed to load 'VtuneApi32e.dll' (GetLastError=126)
LogWindows: File 'VtuneApi32e.dll' does not exist
LogInit: Display: Running engine for game: MyProject2
LogPlatformFile: Not using cached read wrapper
LogInit: Display: RandInit(-1913239003) SRandInit(-1913239003).
LogInit: Read version file with build ID '3944462'
LogInit: Overriding engine version to CL 3989454, compatible CL 3944462
LogInit: Registered custom module enumerator with build ID '3944462'
LogTaskGraph: Started task graph with 5 named threads and 11 total threads with 3 sets of task threads.
LogStats: Stats thread started at 0.159286
LogD3D11RHI: Aftermath initialized
LogICUInternationalization: Display: ICU TimeZone Detection - Raw Offset: +0:00, Platform Override: ''
LogModuleManager: Display: Found up-to-date module file ../../../Engine/Plugins/2D/Paper2D/Binaries/Win64/UE4Editor-Paper2D.dll (API version 3944462).
LogModuleManager: Display: Found up-to-date module file ../../../Engine/Plugins/2D/Paper2D/Binaries/Win64/UE4Editor-Paper2DEditor.dll (API version 3944462).
LogModuleManager: Display: Found up-to-date module file ../../../Engine/Plugins/2D/Paper2D/Binaries/Win64/UE4Editor-PaperSpriteSheetImporter.dll (API version 3944462).
LogModuleManager: Display: Found up-to-date module file ../../../Engine/Plugins/2D/Paper2D/Binaries/Win64/UE4Editor-PaperTiledImporter.dll (API version 3944462).
LogModuleManager: Display: Found up-to-date module file ../../../Engine/Plugins/2D/Paper2D/Binaries/Win64/UE4Editor-SmartSnapping.dll (API version 3944462).
LogModuleManager: Display: Found up-to-date module file ../../../Engine/Plugins/Blendables/LightPropagationVolume/Binaries/Win64/UE4Editor-LightPropagationVolumeRuntime.dll (API version 3944462).
LogModuleManager: Display: Found up-to-date module file ../../../Engine/Plugins/Blendables/LightPropagationVolume/Binaries/Win64/UE4Editor-LightPropagationVolumeEditor.dll (API version 3944462).
LogModuleManager: Display: Found up-to-date module file ../../../Engine/Plugins/Developer/CLionSourceCodeAccess/Binaries/Win64/UE4Editor-CLionSourceCodeAccess.dll (API version 3944462).
LogModuleManager: Display: Found up-to-date module file ../../../Engine/Plugins/Developer/GitSourceControl/Binaries/Win64/UE4Editor-GitSourceControl.dll (API version 3944462).
LogModuleManager: Display: Found up-to-date module file ../../../Engine/Plugins/Developer/PerforceSourceControl/Binaries/Win64/UE4Editor-PerforceSourceControl.dll (API version 3944462).
LogModuleManager: Display: Found up-to-date module file ../../../Engine/Plugins/Developer/SubversionSourceControl/Binaries/Win64/UE4Editor-SubversionSourceControl.dll (API version 3944462).
LogModuleManager: Display: Found up-to-date module file ../../../Engine/Plugins/Developer/UObjectPlugin/Binaries/Win64/UE4Editor-UObjectPlugin.dll (API version 3944462).
LogModuleManager: Display: Found up-to-date module file ../../../Engine/Plugins/Developer/VisualStudioCodeSourceCodeAccess/Binaries/Win64/UE4Editor-VisualStudioCodeSourceCodeAccess.dll (API version 3944462).
LogModuleManager: Display: Found up-to-date module file ../../../Engine/Plugins/Developer/VisualStudioSourceCodeAccess/Binaries/Win64/UE4Editor-VisualStudioSourceCodeAccess.dll (API version 3944462).
LogModuleManager: Display: Found up-to-date module file ../../../Engine/Plugins/Editor/AssetManagerEditor/Binaries/Win64/UE4Editor-AssetManagerEditor.dll (API version 3944462).
LogModuleManager: Display: Found up-to-date module file ../../../Engine/Plugins/Editor/CryptoKeys/Binaries/Win64/UE4Editor-CryptoKeys.dll (API version 3944462).
LogModuleManager: Display: Found up-to-date module file ../../../Engine/Plugins/Editor/CryptoKeys/Binaries/Win64/UE4Editor-CryptoKeysOpenSSL.dll (API version 3944462).
LogModuleManager: Display: Found up-to-date module file ../../../Engine/Plugins/Editor/DataValidation/Binaries/Win64/UE4Editor-DataValidation.dll (API version 3944462).
LogModuleManager: Display: Found up-to-date module file ../../../Engine/Plugins/Editor/FacialAnimation/Binaries/Win64/UE4Editor-FacialAnimation.dll (API version 3944462).
LogModuleManager: Display: Found up-to-date module file ../../../Engine/Plugins/Editor/FacialAnimation/Binaries/Win64/UE4Editor-FacialAnimationEditor.dll (API version 3944462).
LogModuleManager: Display: Found up-to-date module file ../../../Engine/Plugins/Editor/GameplayTagsEditor/Binaries/Win64/UE4Editor-GameplayTagsEditor.dll (API version 3944462).
LogModuleManager: Display: Found up-to-date module file ../../../Engine/Plugins/Editor/MobileLauncherProfileWizard/Binaries/Win64/UE4Editor-MobileLauncherProfileWizard.dll (API version 3944462).
LogModuleManager: Display: Found up-to-date module file ../../../Engine/Plugins/Editor/PluginBrowser/Binaries/Win64/UE4Editor-PluginBrowser.dll (API version 3944462).
LogModuleManager: Display: Found up-to-date module file ../../../Engine/Plugins/Editor/SpeedTreeImporter/Binaries/Win64/UE4Editor-SpeedTreeImporter.dll (API version 3944462).
LogModuleManager: Display: Found up-to-date module file ../../../Engine/Plugins/Enterprise/DatasmithContent/Binaries/Win64/UE4Editor-DatasmithContent.dll (API version 3944462).
LogModuleManager: Display: Found up-to-date module file ../../../Engine/Plugins/Experimental/AlembicImporter/Binaries/Win64/UE4Editor-AlembicImporter.dll (API version 3944462).
LogModuleManager: Display: Found up-to-date module file ../../../Engine/Plugins/Experimental/AlembicImporter/Binaries/Win64/UE4Editor-AlembicLibrary.dll (API version 3944462).
LogModuleManager: Display: Found up-to-date module file ../../../Engine/Plugins/Experimental/CharacterAI/Binaries/Win64/UE4Editor-CharacterAI.dll (API version 3944462).
LogModuleManager: Display: Found up-to-date module file ../../../Engine/Plugins/Experimental/HTML5Networking/Binaries/Win64/UE4Editor-HTML5Networking.dll (API version 3944462).
LogModuleManager: Display: Found up-to-date module file ../../../Engine/Plugins/Media/AndroidMedia/Binaries/Win64/UE4Editor-AndroidMediaEditor.dll (API version 3944462).
LogModuleManager: Display: Found up-to-date module file ../../../Engine/Plugins/Media/AndroidMedia/Binaries/Win64/UE4Editor-AndroidMediaFactory.dll (API version 3944462).
LogModuleManager: Display: Found up-to-date module file ../../../Engine/Plugins/Media/AvfMedia/Binaries/Win64/UE4Editor-AvfMediaEditor.dll (API version 3944462).
LogModuleManager: Display: Found up-to-date module file ../../../Engine/Plugins/Media/AvfMedia/Binaries/Win64/UE4Editor-AvfMediaFactory.dll (API version 3944462).
LogModuleManager: Display: Found up-to-date module file ../../../Engine/Plugins/Media/AvfMedia/Binaries/Win64/UE4Editor-AvfMediaFactory.dll (API version 3944462).
LogModuleManager: Display: Found up-to-date module file ../../../Engine/Plugins/Media/ImgMedia/Binaries/Win64/UE4Editor-ImgMedia.dll (API version 3944462).
LogModuleManager: Display: Found up-to-date module file ../../../Engine/Plugins/Media/ImgMedia/Binaries/Win64/UE4Editor-ImgMediaEditor.dll (API version 3944462).
LogModuleManager: Display: Found up-to-date module file ../../../Engine/Plugins/Media/ImgMedia/Binaries/Win64/UE4Editor-ImgMediaFactory.dll (API version 3944462).
LogModuleManager: Display: Found up-to-date module file ../../../Engine/Plugins/Media/ImgMedia/Binaries/Win64/UE4Editor-ImgMediaFactory.dll (API version 3944462).
LogModuleManager: Display: Found up-to-date module file ../../../Engine/Plugins/Media/ImgMedia/Binaries/Win64/UE4Editor-OpenExrWrapper.dll (API version 3944462).
LogModuleManager: Display: Found up-to-date module file ../../../Engine/Plugins/Media/LinearTimecode/Binaries/Win64/UE4Editor-LinearTimecode.dll (API version 3944462).
LogModuleManager: Display: Found up-to-date module file ../../../Engine/Plugins/Media/MediaCompositing/Binaries/Win64/UE4Editor-MediaCompositing.dll (API version 3944462).
LogModuleManager: Display: Found up-to-date module file ../../../Engine/Plugins/Media/MediaCompositing/Binaries/Win64/UE4Editor-MediaCompositingEditor.dll (API version 3944462).
LogModuleManager: Display: Found up-to-date module file ../../../Engine/Plugins/Media/MediaPlayerEditor/Binaries/Win64/UE4Editor-MediaPlayerEditor.dll (API version 3944462).
LogModuleManager: Display: Found up-to-date module file ../../../Engine/Plugins/Media/WmfMedia/Binaries/Win64/UE4Editor-WmfMedia.dll (API version 3944462).
LogModuleManager: Display: Found up-to-date module file ../../../Engine/Plugins/Media/WmfMedia/Binaries/Win64/UE4Editor-WmfMediaEditor.dll (API version 3944462).
LogModuleManager: Display: Found up-to-date module file ../../../Engine/Plugins/Media/WmfMedia/Binaries/Win64/UE4Editor-WmfMediaFactory.dll (API version 3944462).
LogModuleManager: Display: Found up-to-date module file ../../../Engine/Plugins/Media/WmfMedia/Binaries/Win64/UE4Editor-WmfMediaFactory.dll (API version 3944462).
LogModuleManager: Display: Found up-to-date module file ../../../Engine/Plugins/Messaging/TcpMessaging/Binaries/Win64/UE4Editor-TcpMessaging.dll (API version 3944462).
LogModuleManager: Display: Found up-to-date module file ../../../Engine/Plugins/Messaging/UdpMessaging/Binaries/Win64/UE4Editor-UdpMessaging.dll (API version 3944462).
LogModuleManager: Display: Found up-to-date module file ../../../Engine/Plugins/MovieScene/ActorSequence/Binaries/Win64/UE4Editor-ActorSequence.dll (API version 3944462).
LogModuleManager: Display: Found up-to-date module file ../../../Engine/Plugins/MovieScene/LevelSequenceEditor/Binaries/Win64/UE4Editor-LevelSequenceEditor.dll (API version 3944462).
LogModuleManager: Display: Found up-to-date module file ../../../Engine/Plugins/MovieScene/MatineeToLevelSequence/Binaries/Win64/UE4Editor-MatineeToLevelSequence.dll (API version 3944462).
LogModuleManager: Display: Found up-to-date module file ../../../Engine/Plugins/NetcodeUnitTest/NetcodeUnitTest/Binaries/Win64/UE4Editor-NetcodeUnitTest.dll (API version 3944462).
LogModuleManager: Display: Found up-to-date module file ../../../Engine/Plugins/NetcodeUnitTest/NUTUnrealEngine4/Binaries/Win64/UE4Editor-NUTUnrealEngine4.dll (API version 3944462).
LogModuleManager: Display: Found up-to-date module file ../../../Engine/Plugins/Online/OnlineSubsystem/Binaries/Win64/UE4Editor-OnlineSubsystem.dll (API version 3944462).
LogModuleManager: Display: Found up-to-date module file ../../../Engine/Plugins/Runtime/AndroidPermission/Binaries/Win64/UE4Editor-AndroidPermission.dll (API version 3944462).
LogModuleManager: Display: Found up-to-date module file ../../../Engine/Plugins/Online/OnlineSubsystemNull/Binaries/Win64/UE4Editor-OnlineSubsystemNull.dll (API version 3944462).
LogModuleManager: Display: Found up-to-date module file ../../../Engine/Plugins/Online/OnlineSubsystemUtils/Binaries/Win64/UE4Editor-OnlineSubsystemUtils.dll (API version 3944462).
LogModuleManager: Display: Found up-to-date module file ../../../Engine/Plugins/Online/OnlineSubsystemUtils/Binaries/Win64/UE4Editor-OnlineBlueprintSupport.dll (API version 3944462).
LogModuleManager: Display: Found up-to-date module file ../../../Engine/Plugins/Runtime/AndroidDeviceProfileSelector/Binaries/Win64/UE4Editor-AndroidDeviceProfileSelector.dll (API version 3944462).
LogModuleManager: Display: Found up-to-date module file ../../../Engine/Plugins/Runtime/AppleARKit/Binaries/Win64/UE4Editor-AppleARKit.dll (API version 3944462).
LogModuleManager: Display: Found up-to-date module file ../../../Engine/Plugins/Runtime/ProceduralMeshComponent/Binaries/Win64/UE4Editor-ProceduralMeshComponent.dll (API version 3944462).
LogModuleManager: Display: Found up-to-date module file ../../../Engine/Plugins/Runtime/ProceduralMeshComponent/Binaries/Win64/UE4Editor-ProceduralMeshComponentEditor.dll (API version 3944462).
LogModuleManager: Display: Found up-to-date module file ../../../Engine/Plugins/Animation/LiveLink/Binaries/Win64/UE4Editor-LiveLink.dll (API version 3944462).
LogModuleManager: Display: Found up-to-date module file ../../../Engine/Plugins/Animation/LiveLink/Binaries/Win64/UE4Editor-LiveLinkEditor.dll (API version 3944462).
LogModuleManager: Display: Found up-to-date module file ../../../Engine/Plugins/Runtime/ArchVisCharacter/Binaries/Win64/UE4Editor-ArchVisCharacter.dll (API version 3944462).
LogModuleManager: Display: Found up-to-date module file ../../../Engine/Plugins/Runtime/AudioCapture/Binaries/Win64/UE4Editor-AudioCapture.dll (API version 3944462).
LogModuleManager: Display: Found up-to-date module file ../../../Engine/Plugins/Runtime/AudioCapture/Binaries/Win64/UE4Editor-AudioCaptureEditor.dll (API version 3944462).
LogModuleManager: Display: Found up-to-date module file ../../../Engine/Plugins/Runtime/CableComponent/Binaries/Win64/UE4Editor-CableComponent.dll (API version 3944462).
LogModuleManager: Display: Found up-to-date module file ../../../Engine/Plugins/Runtime/CustomMeshComponent/Binaries/Win64/UE4Editor-CustomMeshComponent.dll (API version 3944462).
LogModuleManager: Display: Found up-to-date module file ../../../Engine/Plugins/Runtime/ExampleDeviceProfileSelector/Binaries/Win64/UE4Editor-ExampleDeviceProfileSelector.dll (API version 3944462).
LogModuleManager: Display: Found up-to-date module file ../../../Engine/Plugins/Runtime/ImmediatePhysics/Binaries/Win64/UE4Editor-ImmediatePhysics.dll (API version 3944462).
LogModuleManager: Display: Found up-to-date module file ../../../Engine/Plugins/Runtime/ImmediatePhysics/Binaries/Win64/UE4Editor-ImmediatePhysicsEditor.dll (API version 3944462).
LogModuleManager: Display: Found up-to-date module file ../../../Engine/Plugins/Runtime/LocationServicesBPLibrary/Binaries/Win64/UE4Editor-LocationServicesBPLibrary.dll (API version 3944462).
LogModuleManager: Display: Found up-to-date module file ../../../Engine/Plugins/Runtime/MobilePatchingUtils/Binaries/Win64/UE4Editor-MobilePatchingUtils.dll (API version 3944462).
LogModuleManager: Display: Found up-to-date module file ../../../Engine/Plugins/Runtime/Oculus/OculusVR/Binaries/Win64/UE4Editor-OculusHMD.dll (API version 3944462).
LogModuleManager: Display: Found up-to-date module file ../../../Engine/Plugins/Runtime/Oculus/OculusVR/Binaries/Win64/UE4Editor-OculusInput.dll (API version 3944462).
LogModuleManager: Display: Found up-to-date module file ../../../Engine/Plugins/Runtime/Oculus/OculusVR/Binaries/Win64/UE4Editor-OculusEditor.dll (API version 3944462).
LogModuleManager: Display: Found up-to-date module file ../../../Engine/Plugins/Runtime/PhysXVehicles/Binaries/Win64/UE4Editor-PhysXVehicles.dll (API version 3944462).
LogModuleManager: Display: Found up-to-date module file ../../../Engine/Plugins/Runtime/PhysXVehicles/Binaries/Win64/UE4Editor-PhysXVehiclesEditor.dll (API version 3944462).
LogModuleManager: Display: Found up-to-date module file ../../../Engine/Plugins/Runtime/RuntimePhysXCooking/Binaries/Win64/UE4Editor-RuntimePhysXCooking.dll (API version 3944462).
LogModuleManager: Display: Found up-to-date module file ../../../Engine/Plugins/Runtime/Steam/SteamVR/Binaries/Win64/UE4Editor-SteamVR.dll (API version 3944462).
LogModuleManager: Display: Found up-to-date module file ../../../Engine/Plugins/Runtime/Steam/SteamVR/Binaries/Win64/UE4Editor-SteamVRController.dll (API version 3944462).
LogModuleManager: Display: Found up-to-date module file ../../../Engine/Plugins/Runtime/WindowsMoviePlayer/Binaries/Win64/UE4Editor-WindowsMoviePlayer.dll (API version 3944462).
LogPluginManager: Mounting plugin Paper2D
LogPluginManager: Mounting plugin LiveLink
LogPluginManager: Mounting plugin LightPropagationVolume
LogPluginManager: Mounting plugin CLionSourceCodeAccess
LogPluginManager: Mounting plugin CodeLiteSourceCodeAccess
LogPluginManager: Mounting plugin GitSourceControl
LogPluginManager: Mounting plugin KDevelopSourceCodeAccess
LogPluginManager: Mounting plugin NullSourceCodeAccess
LogPluginManager: Mounting plugin PerforceSourceControl
LogPluginManager: Mounting plugin SubversionSourceControl
LogPluginManager: Mounting plugin UObjectPlugin
LogPluginManager: Mounting plugin VisualStudioCodeSourceCodeAccess
LogPluginManager: Mounting plugin VisualStudioSourceCodeAccess
LogPluginManager: Mounting plugin XCodeSourceCodeAccess
LogPluginManager: Mounting plugin AssetManagerEditor
LogPluginManager: Mounting plugin CryptoKeys
LogPluginManager: Mounting plugin DataValidation
LogPluginManager: Mounting plugin FacialAnimation
LogPluginManager: Mounting plugin GameplayTagsEditor
LogPluginManager: Mounting plugin MobileLauncherProfileWizard
LogPluginManager: Mounting plugin PluginBrowser
LogPluginManager: Mounting plugin SpeedTreeImporter
LogPluginManager: Mounting plugin DatasmithContent
LogPluginManager: Mounting plugin AlembicImporter
LogPluginManager: Mounting plugin CharacterAI
LogPluginManager: Mounting plugin HTML5Networking
LogPluginManager: Mounting plugin AndroidMedia
LogPluginManager: Mounting plugin AvfMedia
LogPluginManager: Mounting plugin ImgMedia
LogPluginManager: Mounting plugin LinearTimecode
LogPluginManager: Mounting plugin MediaCompositing
LogPluginManager: Mounting plugin MediaPlayerEditor
LogPluginManager: Mounting plugin WmfMedia
LogPluginManager: Mounting plugin TcpMessaging
LogPluginManager: Mounting plugin UdpMessaging
LogPluginManager: Mounting plugin ActorSequence
LogPluginManager: Mounting plugin LevelSequenceEditor
LogPluginManager: Mounting plugin MatineeToLevelSequence
LogPluginManager: Mounting plugin NetcodeUnitTest
LogPluginManager: Mounting plugin NUTUnrealEngine4
LogPluginManager: Mounting plugin OnlineSubsystemGooglePlay
LogPluginManager: Mounting plugin OnlineSubsystemIOS
LogPluginManager: Mounting plugin OnlineSubsystem
LogPluginManager: Mounting plugin OnlineSubsystemNull
LogPluginManager: Mounting plugin OnlineSubsystemUtils
LogPluginManager: Mounting plugin AndroidDeviceProfileSelector
LogPluginManager: Mounting plugin AndroidMoviePlayer
LogPluginManager: Mounting plugin AndroidPermission
LogPluginManager: Mounting plugin AppleARKit
LogPluginManager: Mounting plugin AppleMoviePlayer
LogPluginManager: Mounting plugin ArchVisCharacter
LogPluginManager: Mounting plugin AudioCapture
LogPluginManager: Mounting plugin CableComponent
LogPluginManager: Mounting plugin CustomMeshComponent
LogPluginManager: Mounting plugin ExampleDeviceProfileSelector
LogPluginManager: Mounting plugin GoogleCloudMessaging
LogPluginManager: Mounting plugin ImmediatePhysics
LogPluginManager: Mounting plugin IOSDeviceProfileSelector
LogPluginManager: Mounting plugin LinuxDeviceProfileSelector
LogPluginManager: Mounting plugin LocationServicesBPLibrary
LogPluginManager: Mounting plugin MobilePatchingUtils
LogPluginManager: Mounting plugin OculusVR
LogPluginManager: Plugin shader directory ../../../Engine/Plugins/Runtime/Oculus/OculusVR/Shaders found
LogPluginManager: Mapping shader source directory ../../../Engine/Plugins/Runtime/Oculus/OculusVR/Shaders to virtual directory /Plugin/OculusVR
LogPluginManager: Mounting plugin PhysXVehicles
LogPluginManager: Mounting plugin ProceduralMeshComponent
LogPluginManager: Mounting plugin RuntimePhysXCooking
LogPluginManager: Mounting plugin SteamVR
LogPluginManager: Mounting plugin WindowsMoviePlayer
LogStreaming: Display: Took  1.113s to configure plugins.
LogInit: Using libcurl 7.47.1
LogInit:  - built for x86_64-pc-win32
LogInit:  - supports SSL with OpenSSL/1.0.2g
LogInit:  - supports HTTP deflate (compression) using libz 1.2.8
LogInit:  - other features:
LogInit:      CURL_VERSION_SSL
LogInit:      CURL_VERSION_LIBZ
LogInit:      CURL_VERSION_IPV6
LogInit:      CURL_VERSION_ASYNCHDNS
LogInit:      CURL_VERSION_LARGEFILE
LogInit:      CURL_VERSION_IDN
LogInit:  CurlRequestOptions (configurable via config and command line):
LogInit:  - bVerifyPeer = false  - Libcurl will NOT verify peer certificate
LogInit:  - bUseHttpProxy = false  - Libcurl will NOT use HTTP proxy
LogInit:  - bDontReuseConnections = false  - Libcurl will reuse connections
LogInit:  - CertBundlePath = nullptr  - Libcurl will use whatever was configured at build time.
LogInit:  - MaxHostConnections = 16  - Libcurl will limit the number of connections to a host
LogInit:  - LocalHostAddr = Default
LogInit: WinSock: version 1.1 (2.2), MaxSocks=32767, MaxUdp=65467
LogInit: WinSock: I am BEN-PAVILION (192.168.150.1:0)
LogInit: Build: ++UE4+Release-4.19-CL-3989454
LogInit: Engine Version: 4.19.1-3989454+++UE4+Release-4.19
LogInit: Compatible Engine Version: 4.19.0-3944462+++UE4+Release-4.19
LogInit: Net CL: 3944462
LogDevObjectVersion: Number of dev versions registered: 18
LogDevObjectVersion:   Dev-Blueprints (B0D832E4-1F89-4F0D-ACCF-7EB736FD4AA2): 10
LogDevObjectVersion:   Dev-Build (E1C64328-A22C-4D53-A36C-8E866417BD8C): 0
LogDevObjectVersion:   Dev-Core (375EC13C-06E4-48FB-B500-84F0262A717E): 2
LogDevObjectVersion:   Dev-Editor (E4B068ED-F494-42E9-A231-DA0B2E46BB41): 23
LogDevObjectVersion:   Dev-Framework (CFFC743F-43B0-4480-9391-14DF171D2073): 33
LogDevObjectVersion:   Dev-Mobile (B02B49B5-BB20-44E9-A304-32B752E40360): 2
LogDevObjectVersion:   Dev-Networking (A4E4105C-59A1-49B5-A7C5-40C4547EDFEE): 0
LogDevObjectVersion:   Dev-Online (39C831C9-5AE6-47DC-9A44-9C173E1C8E7C): 0
LogDevObjectVersion:   Dev-Physics (78F01B33-EBEA-4F98-B9B4-84EACCB95AA2): 0
LogDevObjectVersion:   Dev-Platform (6631380F-2D4D-43E0-8009-CF276956A95A): 0
LogDevObjectVersion:   Dev-Rendering (12F88B9F-8875-4AFC-A67C-D90C383ABD29): 25
LogDevObjectVersion:   Dev-Sequencer (7B5AE74C-D270-4C10-A958-57980B212A5A): 6
LogDevObjectVersion:   Dev-VR (D7296918-1DD6-4BDD-9DE2-64A83CC13884): 1
LogDevObjectVersion:   Dev-LoadTimes (C2A15278-BFE7-4AFE-6C17-90FF531DF755): 1
LogDevObjectVersion:   Private-Geometry (6EACA3D4-40EC-4CC1-B786-8BED09428FC5): 2
LogDevObjectVersion:   Dev-AnimPhys (29E575DD-E0A3-4627-9D10-D276232CDCEA): 16
LogDevObjectVersion:   Dev-ReflectionCapture (6B266CEC-1EC7-4B8F-A30B-E4D90942FC07): 1
LogDevObjectVersion:   Dev-Automation (0DF73D61-A23F-47EA-B727-89E90C41499A): 1
LogInit: Compiled (64-bit): Apr  6 2018 12:26:04
LogInit: Compiled with Visual C++: 19.00.24215.01
LogInit: Build Configuration: Development
LogInit: Branch Name: ++UE4+Release-4.19
LogInit: Command Line: -EpicPortal 
LogInit: Base Directory: C:/Program Files/Epic Games/UE_4.19/Engine/Binaries/Win64/
LogInit: Installed Engine Build: 1
LogStreaming: Display: Took  0.000s to delete old logs.
LogInit: Presizing for max 8388607 objects, including 0 objects not considered by GC, pre-allocating 0 bytes for permanent pool.
LogInit: Object subsystem initialized
[2018.04.21-12.34.10:820][  0]LogInit: Selected Device Profile: [Windows]
[2018.04.21-12.34.10:820][  0]LogInit: Applying CVar settings loaded from the selected device profile: [Windows]
[2018.04.21-12.34.10:836][  0]LogInit: Computer: BEN-PAVILION
[2018.04.21-12.34.10:836][  0]LogInit: User: benra
[2018.04.21-12.34.10:836][  0]LogInit: CPU Page size=4096, Cores=2
[2018.04.21-12.34.10:836][  0]LogInit: High frequency timer resolution =2.648436 MHz
[2018.04.21-12.34.10:836][  0]LogMemory: Memory total: Physical=7.9GB (8GB approx)
[2018.04.21-12.34.10:836][  0]LogMemory: Platform Memory Stats for Windows
[2018.04.21-12.34.10:836][  0]LogMemory: Process Physical Memory: 273.61 MB used, 273.61 MB peak
[2018.04.21-12.34.10:836][  0]LogMemory: Process Virtual Memory: 264.06 MB used, 264.06 MB peak
[2018.04.21-12.34.10:836][  0]LogMemory: Physical Memory: 4148.02 MB used,  3929.20 MB free, 8077.22 MB total
[2018.04.21-12.34.10:836][  0]LogMemory: Virtual Memory: 645.53 MB used,  3929.20 MB free, 134217728.00 MB total
[2018.04.21-12.34.10:851][  0]LogInit: Using OS detected language (en-GB).
[2018.04.21-12.34.10:851][  0]LogInit: Using OS detected locale (en-GB).
[2018.04.21-12.34.10:854][  0]LogTextLocalizationManager: No specific localization for 'en-GB' exists, so the 'en' localization will be used.
[2018.04.21-12.34.11:350][  0]LogStreaming: Display: Took  0.499s to EndInitTextLocalization.
[2018.04.21-12.34.11:350][  0]LogInit: Setting process to per monitor DPI aware
[2018.04.21-12.34.11:411][  0]LogSlate: New Slate User Created.  User Index 0, Is Virtual User: 0
[2018.04.21-12.34.11:411][  0]LogSlate: Slate User Registered.  User Index 0, Is Virtual User: 0
[2018.04.21-12.34.11:636][  0]LogD3D11RHI: D3D11 adapters:
[2018.04.21-12.34.11:648][  0]LogD3D11RHI:    0. 'Intel(R) HD Graphics 620' (Feature Level 11_0)
[2018.04.21-12.34.11:648][  0]LogD3D11RHI:       128/0/4038 MB DedicatedVideo/DedicatedSystem/SharedSystem, Outputs:1, VendorId:0x8086
[2018.04.21-12.34.11:649][  0]LogD3D11RHI:    1. 'Microsoft Basic Render Driver' (Feature Level 11_0)
[2018.04.21-12.34.11:649][  0]LogD3D11RHI:       0/0/4038 MB DedicatedVideo/DedicatedSystem/SharedSystem, Outputs:0, VendorId:0x1414
[2018.04.21-12.34.11:649][  0]LogD3D11RHI: Chosen D3D11 Adapter: 0
[2018.04.21-12.34.11:655][  0]LogD3D11RHI: Creating new Direct3DDevice
[2018.04.21-12.34.11:655][  0]LogD3D11RHI:     GPU DeviceId: 0x5916 (for the marketing name, search the web for "GPU Device Id")
[2018.04.21-12.34.11:655][  0]LogWindows: EnumDisplayDevices:
[2018.04.21-12.34.11:656][  0]LogWindows:    0. 'Intel(R) HD Graphics 620' (P:1 D:1)
[2018.04.21-12.34.11:656][  0]LogWindows:    1. 'Intel(R) HD Graphics 620' (P:0 D:0)
[2018.04.21-12.34.11:656][  0]LogWindows:    2. 'Intel(R) HD Graphics 620' (P:0 D:0)
[2018.04.21-12.34.11:656][  0]LogWindows: DebugString: FoundDriverCount:3 
[2018.04.21-12.34.11:656][  0]LogD3D11RHI:     Adapter Name: Intel(R) HD Graphics 620
[2018.04.21-12.34.11:656][  0]LogD3D11RHI:   Driver Version: 22.20.16.4749 (internal:22.20.16.4749, unified:22.20.16.4749)
[2018.04.21-12.34.11:656][  0]LogD3D11RHI:      Driver Date: 7-24-2017
[2018.04.21-12.34.11:656][  0]LogRHI: Texture pool is 1503 MB (70% of 2147 MB)
[2018.04.21-12.34.11:666][  0]LogD3D11RHI: Async texture creation enabled
[2018.04.21-12.34.11:672][  0]LogD3D11RHI: GPU Timing Frequency: 12.000000 (Debug: 2 0)
[2018.04.21-12.34.11:673][  0]LogShaderCompilers: Guid format shader working directory is -28 characters bigger than the processId version (../../../../../../Users/benra/Documents/GitHub/g54gam-car-game/MyProject2/Intermediate/Shaders/WorkingDirectory/14864/).
[2018.04.21-12.34.11:673][  0]LogShaderCompilers: Cleaned the shader compiler working directory 'C:/Users/benra/AppData/Local/Temp/UnrealShaderWorkingDir/D688012E4721734FE54D52B45CDEDF71/'.
[2018.04.21-12.34.11:947][  0]LogTemp: Display: Loaded TP AllDesktopTargetPlatform
[2018.04.21-12.34.11:962][  0]LogTemp: Display: Loaded TP MacClientTargetPlatform
[2018.04.21-12.34.11:978][  0]LogTemp: Display: Loaded TP MacNoEditorTargetPlatform
[2018.04.21-12.34.11:992][  0]LogTemp: Display: Loaded TP MacServerTargetPlatform
[2018.04.21-12.34.12:008][  0]LogTemp: Display: Loaded TP MacTargetPlatform
[2018.04.21-12.34.12:021][  0]LogTemp: Display: Loaded TP WindowsClientTargetPlatform
[2018.04.21-12.34.12:037][  0]LogTemp: Display: Loaded TP WindowsNoEditorTargetPlatform
[2018.04.21-12.34.12:050][  0]LogTemp: Display: Loaded TP WindowsServerTargetPlatform
[2018.04.21-12.34.12:057][  0]LogTemp: Display: Loaded TP WindowsTargetPlatform
[2018.04.21-12.34.12:071][  0]LogTemp: Display: Loaded TP Android_ASTCTargetPlatform
[2018.04.21-12.34.12:085][  0]LogTemp: Display: Loaded TP Android_ATCTargetPlatform
[2018.04.21-12.34.12:098][  0]LogTemp: Display: Loaded TP Android_DXTTargetPlatform
[2018.04.21-12.34.12:110][  0]LogTemp: Display: Loaded TP Android_ETC1aTargetPlatform
[2018.04.21-12.34.12:122][  0]LogTemp: Display: Loaded TP Android_ETC1TargetPlatform
[2018.04.21-12.34.12:137][  0]LogTemp: Display: Loaded TP Android_ETC2TargetPlatform
[2018.04.21-12.34.12:161][  0]LogTemp: Display: Loaded TP Android_MultiTargetPlatform
[2018.04.21-12.34.12:162][  0]LogTemp: Display: Loaded TP Android_PVRTCTargetPlatform
[2018.04.21-12.34.12:175][  0]LogTemp: Display: Loaded TP AndroidTargetPlatform
[2018.04.21-12.34.12:176][  0]LogTemp: Display: Loaded TP HTML5TargetPlatform
[2018.04.21-12.34.12:214][  0]LogTemp: Display: Loaded TP IOSTargetPlatform
[2018.04.21-12.34.12:226][  0]LogTemp: Display: Loaded TP TVOSTargetPlatform
[2018.04.21-12.34.12:239][  0]LogTemp: Display: Loaded TP LinuxClientTargetPlatform
[2018.04.21-12.34.12:251][  0]LogTemp: Display: Loaded TP LinuxNoEditorTargetPlatform
[2018.04.21-12.34.12:265][  0]LogTemp: Display: Loaded TP LinuxServerTargetPlatform
[2018.04.21-12.34.12:278][  0]LogTemp: Display: Loaded TP LinuxTargetPlatform
[2018.04.21-12.34.12:278][  0]LogTargetPlatformManager: Display: Building Assets For Windows
[2018.04.21-12.34.12:394][  0]LogXGEController: Cannot use XGE Controller as Incredibuild is not installed on this machine.
[2018.04.21-12.34.12:394][  0]LogShaderCompilers: Cannot use XGE Shader Compiler as Incredibuild is not installed on this machine.
[2018.04.21-12.34.12:394][  0]LogShaderCompilers: Display: Using Local Shader Compiler.
[2018.04.21-12.34.13:196][  0]LogDerivedDataCache: Display: Max Cache Size: 512 MB
[2018.04.21-12.34.13:306][  0]LogDerivedDataCache: Loaded boot cache 0.11s 74MB C:/Users/benra/AppData/Local/UnrealEngine/4.19/DerivedDataCache/Boot.ddc.
[2018.04.21-12.34.13:306][  0]LogDerivedDataCache: Display: Loaded Boot cache: C:/Users/benra/AppData/Local/UnrealEngine/4.19/DerivedDataCache/Boot.ddc
[2018.04.21-12.34.13:306][  0]LogDerivedDataCache: FDerivedDataBackendGraph:  Pak pak cache file ../../../../../../Users/benra/Documents/GitHub/g54gam-car-game/MyProject2/DerivedDataCache/DDC.ddp not found, will not use a pak cache.
[2018.04.21-12.34.13:306][  0]LogDerivedDataCache: Unable to find inner node Pak for hierarchical cache Hierarchy.
[2018.04.21-12.34.13:306][  0]LogDerivedDataCache: FDerivedDataBackendGraph:  CompressedPak pak cache file ../../../../../../Users/benra/Documents/GitHub/g54gam-car-game/MyProject2/DerivedDataCache/Compressed.ddp not found, will not use a pak cache.
[2018.04.21-12.34.13:306][  0]LogDerivedDataCache: Unable to find inner node CompressedPak for hierarchical cache Hierarchy.
[2018.04.21-12.34.13:323][  0]LogDerivedDataCache: Display: Pak cache opened for reading ../../../Engine/DerivedDataCache/Compressed.ddp.
[2018.04.21-12.34.13:336][  0]LogDerivedDataCache: Using Local data cache path C:/Users/benra/AppData/Local/UnrealEngine/Common/DerivedDataCache: Writable
[2018.04.21-12.34.13:349][  0]LogMaterial: Verifying Global Shaders for PCD3D_SM5
[2018.04.21-12.34.13:350][  0]LogSlate: Using Freetype 2.6.0
[2018.04.21-12.34.13:350][  0]LogSlate: SlateFontCache - WITH_FREETYPE: 1, WITH_HARFBUZZ: 1
[2018.04.21-12.34.13:350][  0]LogSlate: SlateFontCache - WITH_FREETYPE: 1, WITH_HARFBUZZ: 1
[2018.04.21-12.34.13:477][  0]LogAssetRegistry: FAssetRegistry took 0.0266 seconds to start up
[2018.04.21-12.34.13:888][  0]LogInit: Selected Device Profile: [Windows]
[2018.04.21-12.34.14:071][  0]LogSimplygon: Simplygon DLL not present - disabling.
[2018.04.21-12.34.14:076][  0]LogMeshReduction: Using SimplygonSwarm for distributed automatic mesh merging
[2018.04.21-12.34.14:076][  0]LogMeshReduction: Using QuadricMeshReduction for automatic static mesh reduction
[2018.04.21-12.34.14:076][  0]LogMeshReduction: No automatic skeletal mesh reduction module available
[2018.04.21-12.34.14:076][  0]LogMeshReduction: No automatic mesh merging module available
[2018.04.21-12.34.14:076][  0]LogMeshMerging: No automatic mesh merging module available
[2018.04.21-12.34.14:114][  0]LogNetVersion: MyProject2 , NetCL: 3944462, EngineNetVer: 2, GameNetVer: 0 (Checksum: 607132587)
[2018.04.21-12.34.14:710][  0]LogPackageLocalizationCache: Processed 9 localized package path(s) for 2 prioritized culture(s) in 0.104844 seconds
[2018.04.21-12.34.14:719][  0]LogUObjectArray: 36728 objects as part of root set at end of initial load.
[2018.04.21-12.34.14:719][  0]LogUObjectAllocator: 7314312 out of 0 bytes used by permanent object pool.
[2018.04.21-12.34.14:719][  0]LogUObjectArray: CloseDisregardForGC: 0/0 objects in disregard for GC pool
[2018.04.21-12.34.16:736][  0]LogTcpMessaging: Initializing TcpMessaging bridge
[2018.04.21-12.34.16:781][  0]LogUdpMessaging: Initializing bridge on interface 0.0.0.0:0 to multicast group 230.0.0.1:6666.
[2018.04.21-12.34.17:137][  0]SourceControl: Source control is disabled
[2018.04.21-12.34.17:137][  0]SourceControl: Source control is disabled
[2018.04.21-12.34.17:157][  0]SourceControl: Source control is disabled
[2018.04.21-12.34.17:174][  0]SourceControl: Source control is disabled
[2018.04.21-12.34.17:663][  0]LogAndroidPermission: UAndroidPermissionCallbackProxy::GetInstance
[2018.04.21-12.34.17:827][  0]LogOcInput: OculusInput pre-init called
[2018.04.21-12.34.17:944][  0]LogEngine: Initializing Engine...
[2018.04.21-12.34.17:945][  0]LogHMD: Failed to initialize OpenVR with code 110
[2018.04.21-12.34.17:946][  0]LogStats: UGameplayTagsManager::ConstructGameplayTagTree: Construct from data asset -  0.000 s
[2018.04.21-12.34.17:946][  0]LogStats: UGameplayTagsManager::ConstructGameplayTagTree: GameplayTagTreeChangedEvent.Broadcast -  0.000 s
[2018.04.21-12.34.18:255][  0]LogAIModule: Creating AISystem for world Untitled
[2018.04.21-12.34.18:284][  0]LogInit: XAudio2 using 'Speaker/Headphone (Realtek High Definition Audio)' : 2 channels at 48 kHz using 32 bits per sample (channel mask 0x3)
[2018.04.21-12.34.18:298][  0]LogInit: FAudioDevice initialized.
[2018.04.21-12.34.18:436][  0]LogDerivedDataCache: Saved boot cache 0.14s 74MB C:/Users/benra/AppData/Local/UnrealEngine/4.19/DerivedDataCache/Boot.ddc.
[2018.04.21-12.34.18:458][  0]LogInit: Texture streaming: Enabled
[2018.04.21-12.34.18:479][  0]LogEngineSessionManager: EngineSessionManager initialized
[2018.04.21-12.34.18:498][  0]LogInit: Transaction tracking system initialized
[2018.04.21-12.34.18:525][  0]BlueprintLog: New page: Editor Load
[2018.04.21-12.34.18:753][  0]LocalizationService: Localization service is disabled
[2018.04.21-12.34.18:838][  0]LogLinker: Warning: Can't find file '/Game/VehicleAdvBP/AdvancedVehicleOverview'
[2018.04.21-12.34.18:838][  0]LogLinker: Warning: Can't find file '/Game/VehicleAdvBP/AdvancedVehicleOverview'
[2018.04.21-12.34.18:838][  0]LogUObjectGlobals: Warning: Failed to find object 'Class /Game/VehicleAdvBP/AdvancedVehicleOverview.AdvancedVehicleOverview_C'
[2018.04.21-12.34.19:154][  0]LogConsoleResponse: Display: 
[2018.04.21-12.34.19:331][  0]LogFileCache: Scanning file cache for directory 'C:/Users/benra/Documents/GitHub/g54gam-car-game/MyProject2/Content/' took 0.01s
[2018.04.21-12.34.19:331][  0]LogCook: Display: Max memory allowance for cook 16384mb min free memory 0mb
[2018.04.21-12.34.19:332][  0]LogCook: Display: Mobile HDR setting 1
[2018.04.21-12.34.19:332][  0]LogGameplayTags: Display: UGameplayTagsManager::DoneAddingNativeTags. DelegateIsBound: 0
[2018.04.21-12.34.19:332][  0]LogStats: UGameplayTagsManager::ConstructGameplayTagTree: Construct from data asset -  0.000 s
[2018.04.21-12.34.19:332][  0]LogStats: UGameplayTagsManager::ConstructGameplayTagTree: GameplayTagTreeChangedEvent.Broadcast -  0.000 s
[2018.04.21-12.34.19:757][  0]SourceControl: Source control is disabled
[2018.04.21-12.34.19:757][  0]Cmd: MAP LOAD FILE="../../../Engine/Content/Maps/Templates/Template_Default.umap" TEMPLATE=1 SHOWPROGRESS=1 FEATURELEVEL=3
[2018.04.21-12.34.19:758][  0]LightingResults: New page: Lighting Build
[2018.04.21-12.34.19:761][  0]MapCheck: New page: Map Check
[2018.04.21-12.34.19:761][  0]LightingResults: New page: Lighting Build
[2018.04.21-12.34.19:985][  0]LogAIModule: Creating AISystem for world Untitled_1
[2018.04.21-12.34.19:992][  0]LogEditorServer: Finished looking for orphan Actors (0.000 secs)
[2018.04.21-12.34.20:013][  0]Cmd: MAP CHECKDEP NOCLEARLOG
[2018.04.21-12.34.20:067][  0]MapCheck: Map check complete: 0 Error(s), 0 Warning(s), took 54.605ms to complete.
[2018.04.21-12.34.20:068][  0]LogFileHelpers: Loading map 'Template_Default' took 0.311
[2018.04.21-12.34.20:228][  0]LogCollectionManager: Loaded 0 collections in 0.001723 seconds
[2018.04.21-12.34.20:279][  0]LogFileCache: Scanning file cache for directory 'C:/Users/benra/Documents/GitHub/g54gam-car-game/MyProject2/Saved/Collections/' took 0.01s
[2018.04.21-12.34.20:279][  0]LogFileCache: Scanning file cache for directory 'C:/Users/benra/Documents/GitHub/g54gam-car-game/MyProject2/Content/Developers/benra/Collections/' took 0.01s
[2018.04.21-12.34.20:279][  0]LogFileCache: Scanning file cache for directory 'C:/Users/benra/Documents/GitHub/g54gam-car-game/MyProject2/Content/Collections/' took 0.01s
[2018.04.21-12.34.20:279][  0]LogCollectionManager: Rebuilt the GUID cache for 0 collections in 0.000000 seconds
[2018.04.21-12.34.20:288][  0]LogContentBrowser: Native class hierarchy populated in 0.0090 seconds. Added 2452 classes and 558 folders.
[2018.04.21-12.34.20:295][  0]LogContentBrowser: Native class hierarchy updated for 'WidgetCarousel' in 0.0002 seconds. Added 0 classes and 0 folders.
[2018.04.21-12.34.20:340][  0]LogContentBrowser: Native class hierarchy updated for 'AddContentDialog' in 0.0004 seconds. Added 0 classes and 0 folders.
[2018.04.21-12.34.20:347][  0]LogContentBrowser: Native class hierarchy updated for 'SceneOutliner' in 0.0002 seconds. Added 1 classes and 2 folders.
[2018.04.21-12.34.20:418][  0]LogSlate: Took 0.000225 seconds to synchronously load lazily loaded font '../../../Engine/Content/Slate/Fonts/Roboto-Regular.ttf' (155K)
[2018.04.21-12.34.20:421][  0]LogSlate: Took 0.000279 seconds to synchronously load lazily loaded font '../../../Engine/Content/Slate/Fonts/Roboto-Bold.ttf' (160K)
[2018.04.21-12.34.20:426][  0]LogSlate: Took 0.000221 seconds to synchronously load lazily loaded font '../../../Engine/Content/Editor/Slate/Fonts/FontAwesome.ttf' (139K)
[2018.04.21-12.34.20:564][  0]LogRenderer: Reallocating scene render targets to support 1208x576 Format 9 NumSamples 1 (Frame:1).
[2018.04.21-12.34.21:524][  0]LogContentBrowser: Native class hierarchy updated for 'HierarchicalLODOutliner' in 0.0003 seconds. Added 0 classes and 0 folders.
[2018.04.21-12.34.21:524][  0]LogLoad: (Engine Initialization) Total time: 13.27 seconds
[2018.04.21-12.34.21:524][  0]LogLoad: (Engine Initialization) Total Blueprint compile time: 0.00 seconds
[2018.04.21-12.34.21:543][  0]LogWindowsTextInputMethodSystem: Display: IME system now deactivated.
[2018.04.21-12.34.21:587][  0]LogContentStreaming: Texture pool size now 600 MB
[2018.04.21-12.34.21:615][  1]LogAssetRegistry: Asset discovery search completed in 8.1592 seconds
[2018.04.21-12.34.21:617][  1]LogCollectionManager: Rebuilt the object cache for 0 collections in 0.000000 seconds (found 0 objects)
[2018.04.21-12.34.21:617][  1]LogCollectionManager: Fixed up redirectors for 0 collections in 0.000056 seconds (updated 0 objects)
[2018.04.21-12.34.25:037][ 66]LogSlate: FSceneViewport::OnFocusLost() reason 0
[2018.04.21-12.34.25:133][ 69]LogTemp: Repeating last play command: Selected Viewport
[2018.04.21-12.34.25:161][ 69]LogPlayLevel: PlayLevel: No blueprints needed recompiling
[2018.04.21-12.34.25:162][ 69]PIE: New page: PIE session: Untitled_1 (21 Apr 2018 14:34:25)
[2018.04.21-12.34.25:162][ 69]LogPlayLevel: Creating play world package: /Temp/UEDPIE_0_Untitled_1
[2018.04.21-12.34.25:166][ 69]LogPlayLevel: PIE: StaticDuplicateObject took: (0.004298s)
[2018.04.21-12.34.25:167][ 69]LogAIModule: Creating AISystem for world Untitled_1
[2018.04.21-12.34.25:168][ 69]LogPlayLevel: PIE: World Init took: (0.001622s)
[2018.04.21-12.34.25:168][ 69]LogPlayLevel: PIE: Created PIE world by copying editor world from /Temp/Untitled_1.Untitled_1 to /Temp/UEDPIE_0_Untitled_1.Untitled_1 (0.006394s)
[2018.04.21-12.34.25:190][ 69]LogInit: XAudio2 using 'Speaker/Headphone (Realtek High Definition Audio)' : 2 channels at 48 kHz using 32 bits per sample (channel mask 0x3)
[2018.04.21-12.34.25:204][ 69]LogInit: FAudioDevice initialized.
[2018.04.21-12.34.25:250][ 69]LogLoad: Game class is 'GameModeBase'
[2018.04.21-12.34.25:251][ 69]LogWorld: Bringing World /Temp/UEDPIE_0_Untitled_1.Untitled_1 up for play (max tick rate 60) at 2018.04.21-13.34.25
[2018.04.21-12.34.25:252][ 69]LogWorld: Bringing up level for play took: 0.000942
[2018.04.21-12.34.25:261][ 69]LogContentBrowser: Native class hierarchy updated for 'MovieSceneCapture' in 0.0004 seconds. Added 11 classes and 0 folders.
[2018.04.21-12.34.25:263][ 69]PIE: Play in editor start time for /Temp/UEDPIE_0_Untitled_1 -0.155
[2018.04.21-12.34.32:516][281]LogSlate: FSceneViewport::OnFocusLost() reason 2
[2018.04.21-12.34.36:448][281]LogSlate: Window 'Save Level As' being destroyed
[2018.04.21-12.34.36:522][281]LogSlate: Took 0.000255 seconds to synchronously load lazily loaded font '../../../Engine/Content/Slate/Fonts/Roboto-Light.ttf' (167K)
[2018.04.21-12.34.36:525][281]LogSlate: FSceneViewport::OnFocusLost() reason 2
[2018.04.21-12.34.36:541][281]Cmd: OBJ SAVEPACKAGE PACKAGE="/Game/NewMap" FILE="../../../../../../Users/benra/Documents/GitHub/g54gam-car-game/MyProject2/Content/NewMap.umap" SILENT=true AUTOSAVING=false KEEPDIRTY=false
[2018.04.21-12.34.36:601][281]LogSavePackage: Save=33.94ms
[2018.04.21-12.34.36:601][281]LogSavePackage: Moving '../../../../../../Users/benra/Documents/GitHub/g54gam-car-game/MyProject2/Saved/NewMap7D791DAB49AF19B976C048A59EB6EC52.tmp' to '../../../../../../Users/benra/Documents/GitHub/g54gam-car-game/MyProject2/Content/NewMap.umap'
[2018.04.21-12.34.36:606][281]LogSavePackage: Display: Finished SavePackage ../../../../../../Users/benra/Documents/GitHub/g54gam-car-game/MyProject2/Content/NewMap.umap
[2018.04.21-12.34.36:636][281]Cmd: OBJ SAVEPACKAGE PACKAGE="/Game/NewMap_BuiltData" FILE="../../../../../../Users/benra/Documents/GitHub/g54gam-car-game/MyProject2/Content/NewMap_BuiltData.uasset" SILENT=true
[2018.04.21-12.34.36:666][281]LogSavePackage: Save=22.81ms
[2018.04.21-12.34.36:666][281]LogSavePackage: Moving '../../../../../../Users/benra/Documents/GitHub/g54gam-car-game/MyProject2/Saved/NewMap_BuiltData0BF5A0C4470122F1138F17A822059259.tmp' to '../../../../../../Users/benra/Documents/GitHub/g54gam-car-game/MyProject2/Content/NewMap_BuiltData.uasset'
[2018.04.21-12.34.36:668][281]LogSavePackage: Display: Finished SavePackage ../../../../../../Users/benra/Documents/GitHub/g54gam-car-game/MyProject2/Content/NewMap_BuiltData.uasset
[2018.04.21-12.34.36:679][281]LogFileHelpers: Saving map 'NewMap' took 0.226
[2018.04.21-12.34.36:721][283]LogSlate: Took 0.000489 seconds to synchronously load lazily loaded font '../../../Engine/Content/Slate/Fonts/Roboto-Light.ttf' (167K)
[2018.04.21-12.34.39:814][352]LogSlate: FSceneViewport::OnFocusLost() reason 0
[2018.04.21-12.35.36:295][ 72]LogSlate: FSceneViewport::OnFocusLost() reason 0
[2018.04.21-12.36.41:714][465]LogSlate: FSceneViewport::OnFocusLost() reason 0
[2018.04.21-12.38.15:052][476]LogFactory: FactoryCreateFile: PackFactory with PackFactory (0 0 C:/Program Files/Epic Games/UE_4.19/FeaturePacks/FP_FirstPersonBP.upack)
[2018.04.21-12.38.15:096][476]LogPackFactory: Finished extracting 8 files (including 0 errors).
[2018.04.21-12.38.15:107][476]LogPackFactory: Copied "../../../Templates/FP_FirstPersonBP/Content/FirstPersonBP/FirstPersonOverview.uasset" to "../../../../../../Users/benra/Documents/GitHub/g54gam-car-game/MyProject2/Content/FirstPersonBP/FirstPersonOverview.uasset"
[2018.04.21-12.38.15:122][476]LogPackFactory: Copied "../../../Templates/FP_FirstPersonBP/Content/FirstPersonBP/Blueprints/FirstPersonCharacter.uasset" to "../../../../../../Users/benra/Documents/GitHub/g54gam-car-game/MyProject2/Content/FirstPersonBP/Blueprints/FirstPersonCharacter.uasset"
[2018.04.21-12.38.15:135][476]LogPackFactory: Copied "../../../Templates/FP_FirstPersonBP/Content/FirstPersonBP/Blueprints/FirstPersonGameMode.uasset" to "../../../../../../Users/benra/Documents/GitHub/g54gam-car-game/MyProject2/Content/FirstPersonBP/Blueprints/FirstPersonGameMode.uasset"
[2018.04.21-12.38.15:148][476]LogPackFactory: Copied "../../../Templates/FP_FirstPersonBP/Content/FirstPersonBP/Blueprints/FirstPersonHUD.uasset" to "../../../../../../Users/benra/Documents/GitHub/g54gam-car-game/MyProject2/Content/FirstPersonBP/Blueprints/FirstPersonHUD.uasset"
[2018.04.21-12.38.15:257][476]LogPackFactory: Copied "../../../Templates/FP_FirstPersonBP/Content/FirstPersonBP/Maps/FirstPersonExampleMap.umap" to "../../../../../../Users/benra/Documents/GitHub/g54gam-car-game/MyProject2/Content/FirstPersonBP/Maps/FirstPersonExampleMap.umap"
[2018.04.21-12.38.15:322][476]LogSavePackage: Save=15.27ms
[2018.04.21-12.38.15:322][476]LogSavePackage: Moving '../../../../../../Users/benra/Documents/GitHub/g54gam-car-game/MyProject2/Saved/FirstPersonOverview92839BB14729F5637E3861AFDFC6FC42.tmp' to '../../../../../../Users/benra/Documents/GitHub/g54gam-car-game/MyProject2/Content/FirstPersonBP/FirstPersonOverview.uasset'
[2018.04.21-12.38.15:326][476]LogSavePackage: Display: Finished SavePackage ../../../../../../Users/benra/Documents/GitHub/g54gam-car-game/MyProject2/Content/FirstPersonBP/FirstPersonOverview.uasset
[2018.04.21-12.38.20:146][589]LogSlate: Window 'Add Content to the Project' being destroyed
[2018.04.21-12.38.28:167][781]LogTemp: Repeating last play command: Selected Viewport
[2018.04.21-12.38.28:201][781]LogPlayLevel: PlayLevel: No blueprints needed recompiling
[2018.04.21-12.38.28:202][781]PIE: New page: PIE session: NewMap (21 Apr 2018 14:38:28)
[2018.04.21-12.38.28:202][781]LogPlayLevel: Creating play world package: /Game/UEDPIE_0_NewMap
[2018.04.21-12.38.28:215][781]LogPlayLevel: PIE: StaticDuplicateObject took: (0.012584s)
[2018.04.21-12.38.28:216][781]LogAIModule: Creating AISystem for world NewMap
[2018.04.21-12.38.28:218][781]LogPlayLevel: PIE: World Init took: (0.003311s)
[2018.04.21-12.38.28:219][781]LogPlayLevel: PIE: Created PIE world by copying editor world from /Game/NewMap.NewMap to /Game/UEDPIE_0_NewMap.NewMap (0.016633s)
[2018.04.21-12.38.28:254][781]LogInit: XAudio2 using 'Speaker/Headphone (Realtek High Definition Audio)' : 2 channels at 48 kHz using 32 bits per sample (channel mask 0x3)
[2018.04.21-12.38.28:267][781]LogInit: FAudioDevice initialized.
[2018.04.21-12.38.28:302][781]LogLoad: Game class is 'GameModeBase'
[2018.04.21-12.38.28:303][781]LogWorld: Bringing World /Game/UEDPIE_0_NewMap.NewMap up for play (max tick rate 60) at 2018.04.21-13.38.28
[2018.04.21-12.38.28:303][781]LogWorld: Bringing up level for play took: 0.000771
[2018.04.21-12.38.28:305][781]PIE: Play in editor start time for /Game/UEDPIE_0_NewMap 0.887
[2018.04.21-12.38.34:976][960]LogSlate: FSceneViewport::OnFocusLost() reason 2
[2018.04.21-12.38.37:385][ 94]LogSlate: Prevented a slow task dialog from being summoned while a context menu was open
[2018.04.21-12.38.49:415][368]LogSlate: Window 'Create GameMode Blueprint' being destroyed
[2018.04.21-12.38.52:096][432]LogSlate: FSceneViewport::OnFocusLost() reason 2
[2018.04.21-12.39.03:034][ 65]LogSlate: Prevented a slow task dialog from being summoned while a context menu was open
[2018.04.21-12.39.03:313][ 65]LogSkeletalMesh: Skeletal Mesh found in DDC [6.966376ms] /Game/FirstPerson/FPWeapon/Mesh/SK_FPGun.SK_FPGun
[2018.04.21-12.39.03:325][ 65]LogSkeletalMesh: Skeletal Mesh found in DDC [9.640784ms] /Game/FirstPerson/Character/Mesh/SK_Mannequin_Arms.SK_Mannequin_Arms
[2018.04.21-12.39.04:592][ 90]LogSlate: FSceneViewport::OnFocusLost() reason 0
[2018.04.21-12.39.04:629][ 91]LogTemp: Repeating last play command: Selected Viewport
[2018.04.21-12.39.04:643][ 91]LogPlayLevel: PlayLevel: No blueprints needed recompiling
[2018.04.21-12.39.04:644][ 91]PIE: New page: PIE session: NewMap (21 Apr 2018 14:39:04)
[2018.04.21-12.39.04:644][ 91]LogPlayLevel: Creating play world package: /Game/UEDPIE_0_NewMap
[2018.04.21-12.39.04:651][ 91]LogPlayLevel: PIE: StaticDuplicateObject took: (0.006953s)
[2018.04.21-12.39.04:655][ 91]LogAIModule: Creating AISystem for world NewMap
[2018.04.21-12.39.04:656][ 91]LogPlayLevel: PIE: World Init took: (0.004900s)
[2018.04.21-12.39.04:656][ 91]LogPlayLevel: PIE: Created PIE world by copying editor world from /Game/NewMap.NewMap to /Game/UEDPIE_0_NewMap.NewMap (0.012498s)
[2018.04.21-12.39.04:686][ 91]LogInit: XAudio2 using 'Speaker/Headphone (Realtek High Definition Audio)' : 2 channels at 48 kHz using 32 bits per sample (channel mask 0x3)
[2018.04.21-12.39.04:696][ 91]LogInit: FAudioDevice initialized.
[2018.04.21-12.39.04:728][ 91]LogLoad: Game class is 'FirstPersonGameMode_C'
[2018.04.21-12.39.04:730][ 91]LogWorld: Bringing World /Game/UEDPIE_0_NewMap.NewMap up for play (max tick rate 60) at 2018.04.21-13.39.04
[2018.04.21-12.39.04:730][ 91]LogWorld: Bringing up level for play took: 0.000991
[2018.04.21-12.39.04:741][ 91]PIE: Play in editor start time for /Game/UEDPIE_0_NewMap -0.678
[2018.04.21-12.39.29:263][136]LogSlate: FSceneViewport::OnFocusLost() reason 0
[2018.04.21-12.39.38:005][344]LogSlate: Window 'Tutorials' being destroyed
[2018.04.21-12.39.38:020][344]LogSlate: FSceneViewport::OnFocusLost() reason 2
[2018.04.21-12.39.38:029][344]LogSlate: Window 'Tutorials' being destroyed
[2018.04.21-12.39.40:202][398]LogSlate: FSceneViewport::OnFocusLost() reason 0
[2018.04.21-12.40.07:850][ 42]LogLinker: Warning: Can't find file '/Game/FirstPersonBP/Meshes/FirstPersonTestCube'
[2018.04.21-12.40.07:851][ 42]LogLinker: Warning: Can't find file '/Game/FirstPersonBP/Meshes/FirstPersonTestCube'
[2018.04.21-12.40.07:851][ 42]LogUObjectGlobals: Warning: Failed to find object 'Object /Game/FirstPersonBP/Meshes/FirstPersonTestCube.FirstPersonTestCube'
[2018.04.21-12.40.16:647][246]LogSlate: FSceneViewport::OnFocusLost() reason 0
[2018.04.21-12.40.18:384][288]LogUObjectGlobals: Warning: Failed to find object 'Object None.LevelToolbarPlay'
[2018.04.21-12.40.21:536][364]LogTemp: Repeating last play command: Selected Viewport
[2018.04.21-12.40.21:557][364]LogPlayLevel: PlayLevel: No blueprints needed recompiling
[2018.04.21-12.40.21:558][364]PIE: New page: PIE session: NewMap (21 Apr 2018 14:40:21)
[2018.04.21-12.40.21:558][364]LogPlayLevel: Creating play world package: /Game/UEDPIE_0_NewMap
[2018.04.21-12.40.21:571][364]LogPlayLevel: PIE: StaticDuplicateObject took: (0.012700s)
[2018.04.21-12.40.21:574][364]LogAIModule: Creating AISystem for world NewMap
[2018.04.21-12.40.21:574][364]LogPlayLevel: PIE: World Init took: (0.002764s)
[2018.04.21-12.40.21:574][364]LogPlayLevel: PIE: Created PIE world by copying editor world from /Game/NewMap.NewMap to /Game/UEDPIE_0_NewMap.NewMap (0.016203s)
[2018.04.21-12.40.21:625][364]LogInit: XAudio2 using 'Speaker/Headphone (Realtek High Definition Audio)' : 2 channels at 48 kHz using 32 bits per sample (channel mask 0x3)
[2018.04.21-12.40.21:637][364]LogInit: FAudioDevice initialized.
[2018.04.21-12.40.21:675][364]LogLoad: Game class is 'FirstPersonGameMode_C'
[2018.04.21-12.40.21:675][364]LogWorld: Bringing World /Game/UEDPIE_0_NewMap.NewMap up for play (max tick rate 60) at 2018.04.21-13.40.21
[2018.04.21-12.40.21:676][364]LogWorld: Bringing up level for play took: 0.000654
[2018.04.21-12.40.21:678][364]PIE: Play in editor start time for /Game/UEDPIE_0_NewMap 0.26
[2018.04.21-12.40.25:905][523]LogSlate: Window 'Tutorials' being destroyed
[2018.04.21-12.40.25:925][523]LogSlate: Window 'Tutorials' being destroyed
[2018.04.21-12.40.26:916][549]LogSlate: FSceneViewport::OnFocusLost() reason 0
[2018.04.21-12.40.26:989][551]LogTemp: Repeating last play command: Selected Viewport
[2018.04.21-12.40.27:011][551]LogPlayLevel: PlayLevel: No blueprints needed recompiling
[2018.04.21-12.40.27:011][551]PIE: New page: PIE session: NewMap (21 Apr 2018 14:40:27)
[2018.04.21-12.40.27:011][551]LogPlayLevel: Creating play world package: /Game/UEDPIE_0_NewMap
[2018.04.21-12.40.27:015][551]LogPlayLevel: PIE: StaticDuplicateObject took: (0.004561s)
[2018.04.21-12.40.27:016][551]LogAIModule: Creating AISystem for world NewMap
[2018.04.21-12.40.27:017][551]LogPlayLevel: PIE: World Init took: (0.001516s)
[2018.04.21-12.40.27:017][551]LogPlayLevel: PIE: Created PIE world by copying editor world from /Game/NewMap.NewMap to /Game/UEDPIE_0_NewMap.NewMap (0.006297s)
[2018.04.21-12.40.27:043][551]LogInit: XAudio2 using 'Speaker/Headphone (Realtek High Definition Audio)' : 2 channels at 48 kHz using 32 bits per sample (channel mask 0x3)
[2018.04.21-12.40.27:057][551]LogInit: FAudioDevice initialized.
[2018.04.21-12.40.27:093][551]LogLoad: Game class is 'FirstPersonGameMode_C'
[2018.04.21-12.40.27:094][551]LogWorld: Bringing World /Game/UEDPIE_0_NewMap.NewMap up for play (max tick rate 60) at 2018.04.21-13.40.27
[2018.04.21-12.40.27:094][551]LogWorld: Bringing up level for play took: 0.000662
[2018.04.21-12.40.27:096][551]PIE: Play in editor start time for /Game/UEDPIE_0_NewMap -0.322
[2018.04.21-12.40.32:674][770]LogSlate: FSceneViewport::OnFocusLost() reason 0
[2018.04.21-12.40.35:845][850]Cmd: OBJ SAVEPACKAGE PACKAGE="/Game/NewMap" FILE="../../../../../../Users/benra/Documents/GitHub/g54gam-car-game/MyProject2/Content/NewMap.umap" SILENT=true AUTOSAVING=false KEEPDIRTY=false
[2018.04.21-12.40.35:902][850]LogSavePackage: Save=25.01ms
[2018.04.21-12.40.35:902][850]LogSavePackage: Moving '../../../../../../Users/benra/Documents/GitHub/g54gam-car-game/MyProject2/Saved/NewMapD5896D834A7BF47F9E69AA85A97C633C.tmp' to '../../../../../../Users/benra/Documents/GitHub/g54gam-car-game/MyProject2/Content/NewMap.umap'
[2018.04.21-12.40.35:906][850]LogSavePackage: Display: Finished SavePackage ../../../../../../Users/benra/Documents/GitHub/g54gam-car-game/MyProject2/Content/NewMap.umap
[2018.04.21-12.40.35:926][850]Cmd: OBJ SAVEPACKAGE PACKAGE="/Game/NewMap_BuiltData" FILE="../../../../../../Users/benra/Documents/GitHub/g54gam-car-game/MyProject2/Content/NewMap_BuiltData.uasset" SILENT=true
[2018.04.21-12.40.35:954][850]LogSavePackage: Save=17.84ms
[2018.04.21-12.40.35:954][850]LogSavePackage: Moving '../../../../../../Users/benra/Documents/GitHub/g54gam-car-game/MyProject2/Saved/NewMap_BuiltData5B24E6AC44DE11A75D36628C9C0B5401.tmp' to '../../../../../../Users/benra/Documents/GitHub/g54gam-car-game/MyProject2/Content/NewMap_BuiltData.uasset'
[2018.04.21-12.40.35:956][850]LogSavePackage: Display: Finished SavePackage ../../../../../../Users/benra/Documents/GitHub/g54gam-car-game/MyProject2/Content/NewMap_BuiltData.uasset
[2018.04.21-12.40.39:836][950]LogSlate: FSceneViewport::OnFocusLost() reason 0
[2018.04.21-12.40.42:804][ 22]LogAIModule: Creating AISystem for world FirstPersonExampleMap
[2018.04.21-12.40.42:832][ 22]Cmd: MAP LOAD FILE="../../../../../../Users/benra/Documents/GitHub/g54gam-car-game/MyProject2/Content/FirstPersonBP/Maps/FirstPersonExampleMap.umap" TEMPLATE=0 SHOWPROGRESS=1 FEATURELEVEL=3
[2018.04.21-12.40.42:832][ 22]LightingResults: New page: Lighting Build
[2018.04.21-12.40.42:833][ 22]LoadErrors: New page: Loading map: FirstPersonExampleMap.umap
[2018.04.21-12.40.42:834][ 22]MapCheck: New page: Map Check
[2018.04.21-12.40.42:834][ 22]LightingResults: New page: Lighting Build
[2018.04.21-12.40.42:962][ 22]LogEditorServer: Finished looking for orphan Actors (0.000 secs)
[2018.04.21-12.40.42:991][ 22]Cmd: MAP CHECKDEP NOCLEARLOG
[2018.04.21-12.40.43:052][ 22]MapCheck: Map check complete: 0 Error(s), 0 Warning(s), took 61.318ms to complete.
[2018.04.21-12.40.43:054][ 22]LogFileHelpers: Loading map 'FirstPersonExampleMap' took 0.224
[2018.04.21-12.40.44:625][ 49]LogSlate: FSceneViewport::OnFocusLost() reason 0
[2018.04.21-12.40.44:706][ 50]LogTemp: Repeating last play command: Selected Viewport
[2018.04.21-12.40.44:742][ 50]LogBlueprintUserMessages: Early PlayInEditor Detection: Level '/Game/FirstPersonBP/Maps/FirstPersonExampleMap.FirstPersonExampleMap:PersistentLevel' has LevelScriptBlueprint '/Game/FirstPersonBP/Maps/FirstPersonExampleMap.FirstPersonExampleMap:PersistentLevel.FirstPersonExampleMap' with GeneratedClass '/Game/FirstPersonBP/Maps/FirstPersonExampleMap.FirstPersonExampleMap_C' with ClassGeneratedBy '/Game/FirstPersonBP/Maps/FirstPersonExampleMap.FirstPersonExampleMap:PersistentLevel.FirstPersonExampleMap'
[2018.04.21-12.40.44:744][ 50]LogPlayLevel: PlayLevel: No blueprints needed recompiling
[2018.04.21-12.40.44:744][ 50]PIE: New page: PIE session: FirstPersonExampleMap (21 Apr 2018 14:40:44)
[2018.04.21-12.40.44:745][ 50]LogPlayLevel: Creating play world package: /Game/FirstPersonBP/Maps/UEDPIE_0_FirstPersonExampleMap
[2018.04.21-12.40.44:839][ 50]LogPlayLevel: PIE: StaticDuplicateObject took: (0.093397s)
[2018.04.21-12.40.44:840][ 50]LogAIModule: Creating AISystem for world FirstPersonExampleMap
[2018.04.21-12.40.44:840][ 50]LogPlayLevel: PIE: World Init took: (0.001197s)
[2018.04.21-12.40.44:841][ 50]LogPlayLevel: PIE: Created PIE world by copying editor world from /Game/FirstPersonBP/Maps/FirstPersonExampleMap.FirstPersonExampleMap to /Game/FirstPersonBP/Maps/UEDPIE_0_FirstPersonExampleMap.FirstPersonExampleMap (0.095516s)
[2018.04.21-12.40.44:865][ 50]LogInit: XAudio2 using 'Speaker/Headphone (Realtek High Definition Audio)' : 2 channels at 48 kHz using 32 bits per sample (channel mask 0x3)
[2018.04.21-12.40.44:878][ 50]LogInit: FAudioDevice initialized.
[2018.04.21-12.40.44:924][ 50]LogLoad: Game class is 'FirstPersonGameMode_C'
[2018.04.21-12.40.44:929][ 50]LogWorld: Bringing World /Game/FirstPersonBP/Maps/UEDPIE_0_FirstPersonExampleMap.FirstPersonExampleMap up for play (max tick rate 60) at 2018.04.21-13.40.44
[2018.04.21-12.40.44:930][ 50]LogWorld: Bringing up level for play took: 0.004725
[2018.04.21-12.40.44:933][ 50]PIE: Play in editor start time for /Game/FirstPersonBP/Maps/UEDPIE_0_FirstPersonExampleMap -0.485
[2018.04.21-12.40.44:934][ 50]LogBlueprintUserMessages: Late PlayInEditor Detection: Level '/Game/FirstPersonBP/Maps/FirstPersonExampleMap.FirstPersonExampleMap:PersistentLevel' has LevelScriptBlueprint '/Game/FirstPersonBP/Maps/FirstPersonExampleMap.FirstPersonExampleMap:PersistentLevel.FirstPersonExampleMap' with GeneratedClass '/Game/FirstPersonBP/Maps/FirstPersonExampleMap.FirstPersonExampleMap_C' with ClassGeneratedBy '/Game/FirstPersonBP/Maps/FirstPersonExampleMap.FirstPersonExampleMap:PersistentLevel.FirstPersonExampleMap'
[2018.04.21-12.41.05:668][992]LogBlueprintUserMessages: Early EndPlayMap Detection: Level '/Game/FirstPersonBP/Maps/FirstPersonExampleMap.FirstPersonExampleMap:PersistentLevel' has LevelScriptBlueprint '/Game/FirstPersonBP/Maps/FirstPersonExampleMap.FirstPersonExampleMap:PersistentLevel.FirstPersonExampleMap' with GeneratedClass '/Game/FirstPersonBP/Maps/FirstPersonExampleMap.FirstPersonExampleMap_C' with ClassGeneratedBy '/Game/FirstPersonBP/Maps/FirstPersonExampleMap.FirstPersonExampleMap:PersistentLevel.FirstPersonExampleMap'
[2018.04.21-12.41.05:730][992]LogBlueprintUserMessages: Late EndPlayMap Detection: Level '/Game/FirstPersonBP/Maps/FirstPersonExampleMap.FirstPersonExampleMap:PersistentLevel' has LevelScriptBlueprint '/Game/FirstPersonBP/Maps/FirstPersonExampleMap.FirstPersonExampleMap:PersistentLevel.FirstPersonExampleMap' with GeneratedClass '/Game/FirstPersonBP/Maps/FirstPersonExampleMap.FirstPersonExampleMap_C' with ClassGeneratedBy '/Game/FirstPersonBP/Maps/FirstPersonExampleMap.FirstPersonExampleMap:PersistentLevel.FirstPersonExampleMap'
[2018.04.21-12.41.09:310][ 77]LogSlate: FSceneViewport::OnFocusLost() reason 0
[2018.04.21-12.41.13:812][185]LogSlate: Window 'MyProject2 - Unreal Editor' being destroyed
[2018.04.21-12.41.14:078][186]Cmd: QUIT_EDITOR
[2018.04.21-12.41.14:800][186]LogWindowsTextInputMethodSystem: Display: IME system now deactivated.
[2018.04.21-12.41.14:815][186]LogSlate: Slate User Destroyed.  User Index 0, Is Virtual User: 0
[2018.04.21-12.41.14:815][186]LogExit: Preparing to exit.
[2018.04.21-12.41.15:102][186]LogDirectoryWatcher: A directory notification for 'C:/Users/benra/Documents/GitHub/g54gam-car-game/MyProject2/Content/' was aborted.
[2018.04.21-12.41.15:132][186]LogExit: Editor shut down
[2018.04.21-12.41.15:136][186]LogExit: Transaction tracking system shut down
[2018.04.21-12.41.15:313][186]LogDirectoryWatcher: A directory notification for '../../../Engine/Content/' was aborted.
[2018.04.21-12.41.15:313][186]LogDirectoryWatcher: A directory notification for '../../../../../../Users/benra/Documents/GitHub/g54gam-car-game/MyProject2/Content/' was aborted.
[2018.04.21-12.41.15:313][186]LogDirectoryWatcher: A directory notification for '../../Plugins/2D/Paper2D/Content/' was aborted.
[2018.04.21-12.41.15:313][186]LogDirectoryWatcher: A directory notification for '../../Plugins/Enterprise/DatasmithContent/Content/' was aborted.
[2018.04.21-12.41.15:313][186]LogDirectoryWatcher: A directory notification for '../../Plugins/Media/MediaCompositing/Content/' was aborted.
[2018.04.21-12.41.15:313][186]LogDirectoryWatcher: A directory notification for '../../Plugins/Runtime/AppleARKit/Content/' was aborted.
[2018.04.21-12.41.15:313][186]LogDirectoryWatcher: A directory notification for '../../Plugins/Runtime/Oculus/OculusVR/Content/' was aborted.
[2018.04.21-12.41.15:313][186]LogDirectoryWatcher: A directory notification for '../../Plugins/Runtime/Steam/SteamVR/Content/' was aborted.
[2018.04.21-12.41.15:372][186]LogExit: Object subsystem successfully closed.
[2018.04.21-12.41.15:386][186]LogShaderCompilers: Display: Shaders left to compile 0
[2018.04.21-12.41.15:389][186]LogD3D11RHI: Shutdown
[2018.04.21-12.41.15:389][186]LogD3D11RHI: CleanupD3DDevice
[2018.04.21-12.41.15:408][186]LogD3D11RHI: ~FD3D11DynamicRHI
[2018.04.21-12.41.15:428][186]LogModuleManager: Shutting down and abandoning module PortalProxies (580)
[2018.04.21-12.41.15:428][186]LogModuleManager: Shutting down and abandoning module MovieSceneCapture (578)
[2018.04.21-12.41.15:428][186]LogModuleManager: Shutting down and abandoning module HierarchicalLODOutliner (576)
[2018.04.21-12.41.15:428][186]LogModuleManager: Shutting down and abandoning module SceneOutliner (574)
[2018.04.21-12.41.15:428][186]LogModuleManager: Shutting down and abandoning module AddContentDialog (572)
[2018.04.21-12.41.15:428][186]LogDirectoryWatcher: A directory notification for 'C:/Program Files/Epic Games/UE_4.19/FeaturePacks/' was aborted.
[2018.04.21-12.41.15:429][186]LogModuleManager: Shutting down and abandoning module WidgetCarousel (571)
[2018.04.21-12.41.15:429][186]LogModuleManager: Shutting down and abandoning module EditorWidgets (568)
[2018.04.21-12.41.15:429][186]LogModuleManager: Shutting down and abandoning module CollectionManager (566)
[2018.04.21-12.41.15:429][186]LogDirectoryWatcher: A directory notification for 'C:/Users/benra/Documents/GitHub/g54gam-car-game/MyProject2/Content/Collections/' was aborted.
[2018.04.21-12.41.15:429][186]LogDirectoryWatcher: A directory notification for 'C:/Users/benra/Documents/GitHub/g54gam-car-game/MyProject2/Content/Developers/benra/Collections/' was aborted.
[2018.04.21-12.41.15:429][186]LogDirectoryWatcher: A directory notification for 'C:/Users/benra/Documents/GitHub/g54gam-car-game/MyProject2/Saved/Collections/' was aborted.
[2018.04.21-12.41.15:429][186]LogModuleManager: Shutting down and abandoning module HierarchicalLODUtilities (564)
[2018.04.21-12.41.15:429][186]LogModuleManager: Shutting down and abandoning module StatsViewer (562)
[2018.04.21-12.41.15:429][186]LogModuleManager: Shutting down and abandoning module FoliageEdit (560)
[2018.04.21-12.41.15:429][186]LogModuleManager: Shutting down and abandoning module LandscapeEditor (558)
[2018.04.21-12.41.15:429][186]LogModuleManager: Shutting down and abandoning module MeshPaintMode (556)
[2018.04.21-12.41.15:429][186]LogModuleManager: Shutting down and abandoning module SceneDepthPickerMode (554)
[2018.04.21-12.41.15:429][186]LogModuleManager: Shutting down and abandoning module ActorPickerMode (552)
[2018.04.21-12.41.15:429][186]LogModuleManager: Shutting down and abandoning module GeometryMode (550)
[2018.04.21-12.41.15:429][186]LogModuleManager: Shutting down and abandoning module TextureAlignMode (548)
[2018.04.21-12.41.15:429][186]LogModuleManager: Shutting down and abandoning module BspMode (546)
[2018.04.21-12.41.15:429][186]LogModuleManager: Shutting down and abandoning module PIEPreviewDeviceProfileSelector (544)
[2018.04.21-12.41.15:429][186]LogModuleManager: Shutting down and abandoning module HardwareSurvey (542)
[2018.04.21-12.41.15:429][186]LogModuleManager: Shutting down and abandoning module SequenceRecorderSections (540)
[2018.04.21-12.41.15:430][186]LogModuleManager: Shutting down and abandoning module AutomationWorker (538)
[2018.04.21-12.41.15:430][186]LogModuleManager: Shutting down and abandoning module AudioCaptureEditor (536)
[2018.04.21-12.41.15:430][186]LogModuleManager: Shutting down and abandoning module SequenceRecorder (535)
[2018.04.21-12.41.15:430][186]LogModuleManager: Shutting down and abandoning module MatineeToLevelSequence (532)
[2018.04.21-12.41.15:430][186]LogModuleManager: Shutting down and abandoning module LevelSequenceEditor (530)
[2018.04.21-12.41.15:430][186]LogModuleManager: Shutting down and abandoning module PlacementMode (529)
[2018.04.21-12.41.15:430][186]LogModuleManager: Shutting down and abandoning module MaterialEditor (528)
[2018.04.21-12.41.15:430][186]LogModuleManager: Shutting down and abandoning module WmfMediaFactory (524)
[2018.04.21-12.41.15:430][186]LogModuleManager: Shutting down and abandoning module WmfMediaEditor (522)
[2018.04.21-12.41.15:430][186]LogModuleManager: Shutting down and abandoning module MediaPlayerEditor (520)
[2018.04.21-12.41.15:430][186]LogModuleManager: Shutting down and abandoning module OpenExrWrapper (518)
[2018.04.21-12.41.15:430][186]LogModuleManager: Shutting down and abandoning module ImgMediaFactory (516)
[2018.04.21-12.41.15:430][186]LogModuleManager: Shutting down and abandoning module ImgMediaEditor (514)
[2018.04.21-12.41.15:430][186]LogModuleManager: Shutting down and abandoning module AvfMediaFactory (512)
[2018.04.21-12.41.15:430][186]LogModuleManager: Shutting down and abandoning module AvfMediaEditor (510)
[2018.04.21-12.41.15:430][186]LogModuleManager: Shutting down and abandoning module AndroidMediaFactory (508)
[2018.04.21-12.41.15:430][186]LogModuleManager: Shutting down and abandoning module AndroidMediaEditor (506)
[2018.04.21-12.41.15:430][186]LogModuleManager: Shutting down and abandoning module CharacterAI (504)
[2018.04.21-12.41.15:430][186]LogModuleManager: Shutting down and abandoning module SmartSnapping (502)
[2018.04.21-12.41.15:430][186]LogModuleManager: Shutting down and abandoning module SessionServices (500)
[2018.04.21-12.41.15:430][186]LogModuleManager: Shutting down and abandoning module ViewportSnapping (498)
[2018.04.21-12.41.15:430][186]LogModuleManager: Shutting down and abandoning module ViewportInteraction (496)
[2018.04.21-12.41.15:430][186]LogModuleManager: Shutting down and abandoning module ClothPainter (494)
[2018.04.21-12.41.15:430][186]LogModuleManager: Shutting down and abandoning module SkeletalMeshEditor (493)
[2018.04.21-12.41.15:430][186]LogModuleManager: Shutting down and abandoning module LogVisualizer (490)
[2018.04.21-12.41.15:430][186]LogModuleManager: Shutting down and abandoning module IntroTutorials (488)
[2018.04.21-12.41.15:430][186]LogModuleManager: Shutting down and abandoning module GameProjectGeneration (487)
[2018.04.21-12.41.15:430][186]LogModuleManager: Shutting down and abandoning module IOSPlatformEditor (484)
[2018.04.21-12.41.15:430][186]LogModuleManager: Shutting down and abandoning module HTML5PlatformEditor (482)
[2018.04.21-12.41.15:430][186]LogModuleManager: Shutting down and abandoning module AndroidPlatformEditor (480)
[2018.04.21-12.41.15:430][186]LogModuleManager: Shutting down and abandoning module AndroidDeviceDetection (479)
[2018.04.21-12.41.15:580][186]LogModuleManager: Shutting down and abandoning module WindowsPlatformEditor (476)
[2018.04.21-12.41.15:581][186]LogModuleManager: Shutting down and abandoning module IOSRuntimeSettings (474)
[2018.04.21-12.41.15:581][186]LogModuleManager: Shutting down and abandoning module AndroidRuntimeSettings (472)
[2018.04.21-12.41.15:581][186]LogModuleManager: Shutting down and abandoning module InputBindingEditor (470)
[2018.04.21-12.41.15:581][186]LogModuleManager: Shutting down and abandoning module MergeActors (468)
[2018.04.21-12.41.15:581][186]LogModuleManager: Shutting down and abandoning module LocalizationDashboard (466)
[2018.04.21-12.41.15:581][186]LogModuleManager: Shutting down and abandoning module LocalizationService (465)
[2018.04.21-12.41.15:581][186]LogModuleManager: Shutting down and abandoning module HardwareTargeting (462)
[2018.04.21-12.41.15:581][186]LogModuleManager: Shutting down and abandoning module DeviceProfileEditor (460)
[2018.04.21-12.41.15:581][186]LogModuleManager: Shutting down and abandoning module UndoHistory (458)
[2018.04.21-12.41.15:581][186]LogModuleManager: Shutting down and abandoning module XmlParser (456)
[2018.04.21-12.41.15:581][186]LogModuleManager: Shutting down and abandoning module Blutility (454)
[2018.04.21-12.41.15:581][186]LogModuleManager: Shutting down and abandoning module ProjectSettingsViewer (452)
[2018.04.21-12.41.15:581][186]LogModuleManager: Shutting down and abandoning module ProjectTargetPlatformEditor (451)
[2018.04.21-12.41.15:581][186]LogModuleManager: Shutting down and abandoning module EditorSettingsViewer (448)
[2018.04.21-12.41.15:581][186]LogModuleManager: Shutting down and abandoning module SettingsEditor (446)
[2018.04.21-12.41.15:581][186]LogModuleManager: Shutting down and abandoning module ProjectLauncher (444)
[2018.04.21-12.41.15:581][186]LogModuleManager: Shutting down and abandoning module SessionFrontend (442)
[2018.04.21-12.41.15:582][186]LogModuleManager: Shutting down and abandoning module ProfilerClient (440)
[2018.04.21-12.41.15:582][186]LogModuleManager: Shutting down and abandoning module DeviceManager (438)
[2018.04.21-12.41.15:582][186]LogModuleManager: Shutting down and abandoning module TargetDeviceServices (437)
[2018.04.21-12.41.15:633][186]LogModuleManager: Shutting down and abandoning module AutomationController (434)
[2018.04.21-12.41.15:633][186]LogModuleManager: Shutting down and abandoning module AutomationWindow (432)
[2018.04.21-12.41.15:633][186]LogModuleManager: Shutting down and abandoning module Layers (430)
[2018.04.21-12.41.15:633][186]LogModuleManager: Shutting down and abandoning module ComponentVisualizers (428)
[2018.04.21-12.41.15:633][186]LogModuleManager: Shutting down and abandoning module DetailCustomizations (426)
[2018.04.21-12.41.15:633][186]LogModuleManager: Shutting down and abandoning module PackagesDialog (424)
[2018.04.21-12.41.15:634][186]LogModuleManager: Shutting down and abandoning module Persona (422)
[2018.04.21-12.41.15:634][186]LogModuleManager: Shutting down and abandoning module AdvancedPreviewScene (421)
[2018.04.21-12.41.15:634][186]LogModuleManager: Shutting down and abandoning module AnimGraph (419)
[2018.04.21-12.41.15:634][186]LogModuleManager: Shutting down and abandoning module Kismet (416)
[2018.04.21-12.41.15:635][186]LogModuleManager: Shutting down and abandoning module GraphEditor (414)
[2018.04.21-12.41.15:635][186]LogModuleManager: Shutting down and abandoning module ClassViewer (412)
[2018.04.21-12.41.15:637][186]LogModuleManager: Shutting down and abandoning module Toolbox (410)
[2018.04.21-12.41.15:637][186]LogModuleManager: Shutting down and abandoning module ModuleUI (408)
[2018.04.21-12.41.15:637][186]LogModuleManager: Shutting down and abandoning module MovieSceneTools (406)
[2018.04.21-12.41.15:637][186]LogModuleManager: Shutting down and abandoning module OutputLog (404)
[2018.04.21-12.41.15:637][186]LogModuleManager: Shutting down and abandoning module GammaUI (402)
[2018.04.21-12.41.15:637][186]LogModuleManager: Shutting down and abandoning module Documentation (400)
[2018.04.21-12.41.15:637][186]LogModuleManager: Shutting down and abandoning module MovieSceneTracks (398)
[2018.04.21-12.41.15:637][186]LogModuleManager: Shutting down and abandoning module MovieScene (396)
[2018.04.21-12.41.15:637][186]LogModuleManager: Shutting down and abandoning module StreamingPauseRendering (394)
[2018.04.21-12.41.15:637][186]LogModuleManager: Shutting down and abandoning module LauncherPlatform (392)
[2018.04.21-12.41.15:637][186]LogModuleManager: Shutting down and abandoning module AnalyticsET (390)
[2018.04.21-12.41.15:637][186]LogModuleManager: Shutting down and abandoning module PortalServices (388)
[2018.04.21-12.41.15:637][186]LogModuleManager: Shutting down and abandoning module PortalRpc (386)
[2018.04.21-12.41.15:637][186]LogModuleManager: Shutting down and abandoning module MessagingRpc (384)
[2018.04.21-12.41.15:637][186]LogModuleManager: Shutting down and abandoning module AIModule (382)
[2018.04.21-12.41.15:637][186]LogModuleManager: Shutting down and abandoning module GameplayDebugger (381)
[2018.04.21-12.41.15:637][186]LogModuleManager: Shutting down and abandoning module AITestSuite (379)
[2018.04.21-12.41.15:637][186]LogModuleManager: Shutting down and abandoning module DesktopPlatform (376)
[2018.04.21-12.41.15:637][186]LogModuleManager: Shutting down and abandoning module ProfilerService (374)
[2018.04.21-12.41.15:870][186]LogModuleManager: Shutting down and abandoning module TaskGraph (372)
[2018.04.21-12.41.15:870][186]LogModuleManager: Shutting down and abandoning module SteamVRController (370)
[2018.04.21-12.41.15:870][186]LogModuleManager: Shutting down and abandoning module ProceduralMeshComponentEditor (368)
[2018.04.21-12.41.15:870][186]LogModuleManager: Shutting down and abandoning module ProceduralMeshComponent (366)
[2018.04.21-12.41.15:871][186]LogModuleManager: Shutting down and abandoning module OculusInput (364)
[2018.04.21-12.41.15:871][186]LogModuleManager: Shutting down and abandoning module MobilePatchingUtils (362)
[2018.04.21-12.41.15:871][186]LogModuleManager: Shutting down and abandoning module CustomMeshComponent (360)
[2018.04.21-12.41.15:871][186]LogModuleManager: Shutting down and abandoning module CableComponent (358)
[2018.04.21-12.41.15:871][186]LogModuleManager: Shutting down and abandoning module AudioCapture (356)
[2018.04.21-12.41.15:871][186]LogModuleManager: Shutting down and abandoning module ArchVisCharacter (354)
[2018.04.21-12.41.15:871][186]LogModuleManager: Shutting down and abandoning module AndroidPermission (352)
[2018.04.21-12.41.15:871][186]LogModuleManager: Shutting down and abandoning module NUTUnrealEngine4 (348)
[2018.04.21-12.41.15:871][186]LogModuleManager: Shutting down and abandoning module NetcodeUnitTest (346)
[2018.04.21-12.41.15:871][186]LogModuleManager: Shutting down and abandoning module MediaCompositingEditor (344)
[2018.04.21-12.41.15:871][186]LogModuleManager: Shutting down and abandoning module MediaCompositing (342)
[2018.04.21-12.41.15:871][186]LogModuleManager: Shutting down and abandoning module LinearTimecode (340)
[2018.04.21-12.41.15:871][186]LogModuleManager: Shutting down and abandoning module ImgMedia (338)
[2018.04.21-12.41.15:876][186]LogModuleManager: Shutting down and abandoning module HTML5Networking (336)
[2018.04.21-12.41.15:876][186]LogModuleManager: Shutting down and abandoning module AlembicImporter (334)
[2018.04.21-12.41.15:876][186]LogModuleManager: Shutting down and abandoning module AlembicLibrary (333)
[2018.04.21-12.41.15:876][186]LogModuleManager: Shutting down and abandoning module GeometryCache (332)
[2018.04.21-12.41.15:876][186]LogModuleManager: Shutting down and abandoning module GeometryCacheEd (331)
[2018.04.21-12.41.15:876][186]LogModuleManager: Shutting down and abandoning module DatasmithContent (326)
[2018.04.21-12.41.15:876][186]LogModuleManager: Shutting down and abandoning module SpeedTreeImporter (324)
[2018.04.21-12.41.15:876][186]LogModuleManager: Shutting down and abandoning module PluginBrowser (322)
[2018.04.21-12.41.15:876][186]LogModuleManager: Shutting down and abandoning module MobileLauncherProfileWizard (320)
[2018.04.21-12.41.15:876][186]LogModuleManager: Shutting down and abandoning module CryptoKeysOpenSSL (318)
[2018.04.21-12.41.15:876][186]LogModuleManager: Shutting down and abandoning module CryptoKeys (316)
[2018.04.21-12.41.15:876][186]LogModuleManager: Shutting down and abandoning module VisualStudioSourceCodeAccess (314)
[2018.04.21-12.41.15:876][186]LogModuleManager: Shutting down and abandoning module VisualStudioCodeSourceCodeAccess (312)
[2018.04.21-12.41.15:876][186]LogModuleManager: Shutting down and abandoning module UObjectPlugin (310)
[2018.04.21-12.41.15:876][186]LogModuleManager: Shutting down and abandoning module SubversionSourceControl (308)
[2018.04.21-12.41.15:876][186]LogModuleManager: Shutting down and abandoning module PerforceSourceControl (306)
[2018.04.21-12.41.15:876][186]LogModuleManager: Shutting down and abandoning module GitSourceControl (304)
[2018.04.21-12.41.15:877][186]LogModuleManager: Shutting down and abandoning module SourceControl (303)
[2018.04.21-12.41.15:877][186]LogModuleManager: Shutting down and abandoning module CLionSourceCodeAccess (300)
[2018.04.21-12.41.15:877][186]LogModuleManager: Shutting down and abandoning module LightPropagationVolumeEditor (298)
[2018.04.21-12.41.15:877][186]LogModuleManager: Shutting down and abandoning module PaperTiledImporter (296)
[2018.04.21-12.41.15:877][186]LogModuleManager: Shutting down and abandoning module PaperSpriteSheetImporter (294)
[2018.04.21-12.41.15:877][186]LogModuleManager: Shutting down and abandoning module Paper2DEditor (292)
[2018.04.21-12.41.15:877][186]LogModuleManager: Shutting down and abandoning module MeshPaint (291)
[2018.04.21-12.41.15:877][186]LogModuleManager: Shutting down and abandoning module RuntimePhysXCooking (288)
[2018.04.21-12.41.15:877][186]LogModuleManager: Shutting down and abandoning module PhysXVehiclesEditor (286)
[2018.04.21-12.41.15:877][186]LogModuleManager: Shutting down and abandoning module PhysXVehicles (284)
[2018.04.21-12.41.15:877][186]LogModuleManager: Shutting down and abandoning module OculusEditor (282)
[2018.04.21-12.41.15:877][186]LogModuleManager: Shutting down and abandoning module LocationServicesBPLibrary (280)
[2018.04.21-12.41.15:877][186]LogModuleManager: Shutting down and abandoning module ImmediatePhysicsEditor (278)
[2018.04.21-12.41.15:877][186]LogModuleManager: Shutting down and abandoning module ImmediatePhysics (276)
[2018.04.21-12.41.15:877][186]LogModuleManager: Shutting down and abandoning module ActorSequence (274)
[2018.04.21-12.41.15:877][186]LogModuleManager: Shutting down and abandoning module UdpMessaging (272)
[2018.04.21-12.41.15:978][186]LogModuleManager: Shutting down and abandoning module TcpMessaging (270)
[2018.04.21-12.41.16:078][186]LogModuleManager: Shutting down and abandoning module GameplayTagsEditor (268)
[2018.04.21-12.41.16:078][186]LogModuleManager: Shutting down and abandoning module FacialAnimationEditor (266)
[2018.04.21-12.41.16:078][186]LogModuleManager: Shutting down and abandoning module FacialAnimation (264)
[2018.04.21-12.41.16:078][186]LogModuleManager: Shutting down and abandoning module DataValidation (262)
[2018.04.21-12.41.16:079][186]LogModuleManager: Shutting down and abandoning module AssetManagerEditor (260)
[2018.04.21-12.41.16:079][186]LogModuleManager: Shutting down and abandoning module LevelEditor (259)
[2018.04.21-12.41.16:081][186]LogModuleManager: Shutting down and abandoning module PixelInspectorModule (258)
[2018.04.21-12.41.16:081][186]LogModuleManager: Shutting down and abandoning module CommonMenuExtensions (256)
[2018.04.21-12.41.16:082][186]LogModuleManager: Shutting down and abandoning module MainFrame (254)
[2018.04.21-12.41.16:082][186]LogModuleManager: Shutting down and abandoning module HotReload (253)
[2018.04.21-12.41.16:083][186]LogModuleManager: Shutting down and abandoning module ContentBrowser (249)
[2018.04.21-12.41.16:086][186]LogModuleManager: Shutting down and abandoning module TreeMap (247)
[2018.04.21-12.41.16:086][186]LogModuleManager: Shutting down and abandoning module LightPropagationVolumeRuntime (244)
[2018.04.21-12.41.16:086][186]LogModuleManager: Shutting down and abandoning module LiveLinkEditor (242)
[2018.04.21-12.41.16:087][186]LogModuleManager: Shutting down and abandoning module LiveLink (240)
[2018.04.21-12.41.16:591][186]LogModuleManager: Shutting down and abandoning module Paper2D (238)
[2018.04.21-12.41.16:591][186]LogModuleManager: Shutting down and abandoning module WindowsMoviePlayer (236)
[2018.04.21-12.41.16:591][186]LogModuleManager: Shutting down and abandoning module WmfMedia (234)
[2018.04.21-12.41.16:591][186]LogModuleManager: Shutting down and abandoning module Media (233)
[2018.04.21-12.41.16:597][186]LogModuleManager: Shutting down and abandoning module PacketHandler (230)
[2018.04.21-12.41.16:597][186]LogModuleManager: Shutting down and abandoning module ClothingSystemEditor (228)
[2018.04.21-12.41.16:597][186]LogModuleManager: Shutting down and abandoning module ClothingSystemRuntime (226)
[2018.04.21-12.41.16:597][186]LogModuleManager: Shutting down and abandoning module MediaAssets (224)
[2018.04.21-12.41.16:597][186]LogModuleManager: Shutting down and abandoning module Overlay (222)
[2018.04.21-12.41.16:597][186]LogModuleManager: Shutting down and abandoning module OverlayEditor (221)
[2018.04.21-12.41.16:597][186]LogModuleManager: Shutting down and abandoning module VREditor (218)
[2018.04.21-12.41.16:597][186]LogModuleManager: Shutting down and abandoning module StringTableEditor (216)
[2018.04.21-12.41.16:597][186]LogModuleManager: Shutting down and abandoning module GameplayTasksEditor (214)
[2018.04.21-12.41.16:597][186]LogModuleManager: Shutting down and abandoning module BehaviorTreeEditor (212)
[2018.04.21-12.41.16:597][186]LogModuleManager: Shutting down and abandoning module FunctionalTesting (210)
[2018.04.21-12.41.16:597][186]LogModuleManager: Shutting down and abandoning module CollisionAnalyzer (208)
[2018.04.21-12.41.16:597][186]LogModuleManager: Shutting down and abandoning module WorkspaceMenuStructure (207)
[2018.04.21-12.41.16:597][186]LogModuleManager: Shutting down and abandoning module UMG (204)
[2018.04.21-12.41.16:597][186]LogModuleManager: Shutting down and abandoning module UMGEditor (203)
[2018.04.21-12.41.16:597][186]LogModuleManager: Shutting down and abandoning module Sequencer (202)
[2018.04.21-12.41.16:597][186]LogModuleManager: Shutting down and abandoning module MessageLog (199)
[2018.04.21-12.41.16:597][186]LogModuleManager: Shutting down and abandoning module SlateReflector (194)
[2018.04.21-12.41.16:597][186]LogModuleManager: Shutting down and abandoning module Slate (192)
[2018.04.21-12.41.16:597][186]LogModuleManager: Shutting down and abandoning module EditorStyle (190)
[2018.04.21-12.41.16:601][186]LogModuleManager: Shutting down and abandoning module MRMesh (188)
[2018.04.21-12.41.16:601][186]LogModuleManager: Shutting down and abandoning module SourceCodeAccess (186)
[2018.04.21-12.41.16:601][186]LogModuleManager: Shutting down and abandoning module HeadMountedDisplay (184)
[2018.04.21-12.41.16:601][186]LogModuleManager: Shutting down and abandoning module XAudio2 (182)
[2018.04.21-12.41.16:601][186]LogModuleManager: Shutting down and abandoning module Networking (180)
[2018.04.21-12.41.16:601][186]LogModuleManager: Shutting down and abandoning module Core (178)
[2018.04.21-12.41.16:601][186]LogModuleManager: Shutting down and abandoning module LevelSequence (176)
[2018.04.21-12.41.16:601][186]LogModuleManager: Shutting down and abandoning module KismetCompiler (174)
[2018.04.21-12.41.16:601][186]LogModuleManager: Shutting down and abandoning module MeshUtilities (172)
[2018.04.21-12.41.16:601][186]LogModuleManager: Shutting down and abandoning module MeshMergeUtilities (171)
[2018.04.21-12.41.16:601][186]LogModuleManager: Shutting down and abandoning module MeshReductionInterface (170)
[2018.04.21-12.41.16:601][186]LogModuleManager: Shutting down and abandoning module SimplygonSwarm (169)
[2018.04.21-12.41.16:602][186]LogModuleManager: Shutting down and abandoning module SimplygonMeshReduction (167)
[2018.04.21-12.41.16:602][186]LogModuleManager: Shutting down and abandoning module QuadricMeshReduction (165)
[2018.04.21-12.41.16:602][186]LogModuleManager: Shutting down and abandoning module MaterialBaking (161)
[2018.04.21-12.41.16:602][186]LogModuleManager: Shutting down and abandoning module DirectoryWatcher (157)
[2018.04.21-12.41.16:603][186]LogModuleManager: Shutting down and abandoning module DerivedDataCache (154)
[2018.04.21-12.41.16:678][186]LogDerivedDataCache: Shutdown
[2018.04.21-12.41.16:678][186]LogModuleManager: Shutting down and abandoning module XGEController (152)
[2018.04.21-12.41.16:678][186]LogModuleManager: Shutting down and abandoning module TargetPlatform (150)
[2018.04.21-12.41.16:678][186]LogModuleManager: Shutting down and abandoning module VulkanShaderFormat (149)
[2018.04.21-12.41.16:678][186]LogModuleManager: Shutting down and abandoning module ShaderFormatVectorVM (147)
[2018.04.21-12.41.16:678][186]LogModuleManager: Shutting down and abandoning module ShaderFormatOpenGL (145)
[2018.04.21-12.41.16:678][186]LogModuleManager: Shutting down and abandoning module ShaderFormatD3D (143)
[2018.04.21-12.41.16:678][186]LogModuleManager: Shutting down and abandoning module MetalShaderFormat (141)
[2018.04.21-12.41.16:678][186]LogModuleManager: Shutting down and abandoning module TextureFormatUncompressed (139)
[2018.04.21-12.41.16:678][186]LogModuleManager: Shutting down and abandoning module TextureFormatPVR (137)
[2018.04.21-12.41.16:678][186]LogModuleManager: Shutting down and abandoning module TextureFormatDXT (135)
[2018.04.21-12.41.16:678][186]LogModuleManager: Shutting down and abandoning module TextureFormatIntelISPCTexComp (133)
[2018.04.21-12.41.16:678][186]LogModuleManager: Shutting down and abandoning module TextureFormatASTC (131)
[2018.04.21-12.41.16:678][186]LogModuleManager: Shutting down and abandoning module ImageWrapper (130)
[2018.04.21-12.41.16:678][186]LogModuleManager: Shutting down and abandoning module TextureFormatAndroid (127)
[2018.04.21-12.41.16:678][186]LogModuleManager: Shutting down and abandoning module AudioFormatOpus (125)
[2018.04.21-12.41.16:678][186]LogModuleManager: Shutting down and abandoning module AudioFormatOgg (123)
[2018.04.21-12.41.16:678][186]LogModuleManager: Shutting down and abandoning module AudioFormatADPCM (121)
[2018.04.21-12.41.16:678][186]LogModuleManager: Shutting down and abandoning module LinuxTargetPlatform (119)
[2018.04.21-12.41.16:678][186]LogModuleManager: Shutting down and abandoning module LinuxServerTargetPlatform (117)
[2018.04.21-12.41.16:678][186]LogModuleManager: Shutting down and abandoning module LinuxNoEditorTargetPlatform (115)
[2018.04.21-12.41.16:678][186]LogModuleManager: Shutting down and abandoning module LinuxClientTargetPlatform (113)
[2018.04.21-12.41.16:678][186]LogModuleManager: Shutting down and abandoning module TVOSTargetPlatform (111)
[2018.04.21-12.41.16:678][186]LogModuleManager: Shutting down and abandoning module Messaging (109)
[2018.04.21-12.41.16:678][186]LogModuleManager: Shutting down and abandoning module IOSTargetPlatform (107)
[2018.04.21-12.41.16:678][186]LogModuleManager: Shutting down and abandoning module HTML5TargetPlatform (105)
[2018.04.21-12.41.16:678][186]LogModuleManager: Shutting down and abandoning module AndroidTargetPlatform (103)
[2018.04.21-12.41.16:678][186]LogModuleManager: Shutting down and abandoning module Android_PVRTCTargetPlatform (101)
[2018.04.21-12.41.16:678][186]LogModuleManager: Shutting down and abandoning module Android_MultiTargetPlatform (99)
[2018.04.21-12.41.16:678][186]LogModuleManager: Shutting down and abandoning module Android_ETC2TargetPlatform (97)
[2018.04.21-12.41.16:678][186]LogModuleManager: Shutting down and abandoning module Android_ETC1TargetPlatform (95)
[2018.04.21-12.41.16:678][186]LogModuleManager: Shutting down and abandoning module Android_ETC1aTargetPlatform (93)
[2018.04.21-12.41.16:678][186]LogModuleManager: Shutting down and abandoning module Android_DXTTargetPlatform (91)
[2018.04.21-12.41.16:678][186]LogModuleManager: Shutting down and abandoning module Android_ATCTargetPlatform (89)
[2018.04.21-12.41.16:679][186]LogModuleManager: Shutting down and abandoning module Android_ASTCTargetPlatform (87)
[2018.04.21-12.41.16:679][186]LogModuleManager: Shutting down and abandoning module WindowsTargetPlatform (85)
[2018.04.21-12.41.16:679][186]LogModuleManager: Shutting down and abandoning module WindowsServerTargetPlatform (83)
[2018.04.21-12.41.16:679][186]LogModuleManager: Shutting down and abandoning module WindowsNoEditorTargetPlatform (81)
[2018.04.21-12.41.16:679][186]LogModuleManager: Shutting down and abandoning module WindowsClientTargetPlatform (79)
[2018.04.21-12.41.16:679][186]LogModuleManager: Shutting down and abandoning module MacTargetPlatform (77)
[2018.04.21-12.41.16:679][186]LogModuleManager: Shutting down and abandoning module MacServerTargetPlatform (75)
[2018.04.21-12.41.16:679][186]LogModuleManager: Shutting down and abandoning module MacNoEditorTargetPlatform (73)
[2018.04.21-12.41.16:679][186]LogModuleManager: Shutting down and abandoning module MacClientTargetPlatform (71)
[2018.04.21-12.41.16:679][186]LogModuleManager: Shutting down and abandoning module AllDesktopTargetPlatform (69)
[2018.04.21-12.41.16:679][186]LogModuleManager: Shutting down and abandoning module InputCore (66)
[2018.04.21-12.41.16:679][186]LogModuleManager: Shutting down and abandoning module Settings (64)
[2018.04.21-12.41.16:679][186]LogModuleManager: Shutting down and abandoning module PhysXCooking (62)
[2018.04.21-12.41.16:679][186]LogModuleManager: Shutting down and abandoning module SteamVR (60)
[2018.04.21-12.41.16:679][186]LogModuleManager: Shutting down and abandoning module OculusHMD (58)
[2018.04.21-12.41.16:679][186]LogModuleManager: Shutting down and abandoning module ExampleDeviceProfileSelector (56)
[2018.04.21-12.41.16:679][186]LogModuleManager: Shutting down and abandoning module AppleARKit (54)
[2018.04.21-12.41.16:679][186]LogModuleManager: Shutting down and abandoning module AugmentedReality (51)
[2018.04.21-12.41.16:679][186]LogModuleManager: Shutting down and abandoning module OnlineBlueprintSupport (48)
[2018.04.21-12.41.16:679][186]LogModuleManager: Shutting down and abandoning module OnlineSubsystem (44)
[2018.04.21-12.41.16:679][186]LogModuleManager: Shutting down and abandoning module XMPP (43)
[2018.04.21-12.41.16:679][186]LogModuleManager: Shutting down and abandoning module HTTP (41)
[2018.04.21-12.41.16:679][186]LogHttp: Display: Http module shutting down, but needs to wait on 1 outstanding Http requests:
[2018.04.21-12.41.16:679][186]LogHttp: Display: 	verb=[POST] url=[https://datarouter.ol.epicgames.com/datarouter/api/v1/public/data?SessionID=%7B5C3D383B-4883-2FCC-AC9B-B280A8030234%7D&AppID=UEEditor.Rocket.Release&AppVersion=4.19.1-3989454%2B%2B%2BUE4%2BRelease-4.19&UserID=cd5fc0fc4d4274b35cee3b930b2f6e2c%7C5de58d5048ab4d5ab5566c9e08dd1b54%7C338a9c4a-9222-4ec8-8b8e-62b8f04a34d0&AppEnvironment=datacollector-binary&UploadType=eteventstream] status=Processing
[2018.04.21-12.41.16:683][186]LogModuleManager: Shutting down and abandoning module SSL (40)
[2018.04.21-12.41.16:685][186]LogModuleManager: Shutting down and abandoning module AnimationModifiers (36)
[2018.04.21-12.41.16:685][186]LogModuleManager: Shutting down and abandoning module PropertyEditor (35)
[2018.04.21-12.41.16:685][186]LogModuleManager: Shutting down and abandoning module AudioEditor (32)
[2018.04.21-12.41.16:685][186]LogModuleManager: Shutting down and abandoning module TextureCompressor (30)
[2018.04.21-12.41.16:685][186]LogModuleManager: Shutting down and abandoning module ShaderCore (28)
[2018.04.21-12.41.16:685][186]LogModuleManager: Shutting down and abandoning module Landscape (26)
[2018.04.21-12.41.16:685][186]LogModuleManager: Shutting down and abandoning module SlateRHIRenderer (24)
[2018.04.21-12.41.16:687][186]LogModuleManager: Shutting down and abandoning module OpenGLDrv (22)
[2018.04.21-12.41.16:687][186]LogModuleManager: Shutting down and abandoning module D3D11RHI (20)
[2018.04.21-12.41.16:687][186]LogModuleManager: Shutting down and abandoning module AnimGraphRuntime (18)
[2018.04.21-12.41.16:687][186]LogModuleManager: Shutting down and abandoning module Renderer (16)
[2018.04.21-12.41.16:687][186]LogModuleManager: Shutting down and abandoning module Engine (14)
[2018.04.21-12.41.16:687][186]LogModuleManager: Shutting down and abandoning module CoreUObject (12)
[2018.04.21-12.41.16:687][186]LogModuleManager: Shutting down and abandoning module NetworkFile (10)
[2018.04.21-12.41.16:687][186]LogModuleManager: Shutting down and abandoning module CookedIterativeFile (8)
[2018.04.21-12.41.16:687][186]LogModuleManager: Shutting down and abandoning module StreamingFile (6)
[2018.04.21-12.41.16:687][186]LogModuleManager: Shutting down and abandoning module SandboxFile (4)
[2018.04.21-12.41.16:687][186]LogModuleManager: Shutting down and abandoning module PakFile (2)
[2018.04.21-12.41.16:690][186]LogExit: Exiting.
[2018.04.21-12.41.16:704][186]Log file closed, 04/21/18 13:41:16
