Log file open, 04/20/18 13:43:16
LogWindows: Failed to load 'aqProf.dll' (GetLastError=126)
LogWindows: File 'aqProf.dll' does not exist
LogWindows: Failed to load 'VtuneApi.dll' (GetLastError=126)
LogWindows: File 'VtuneApi.dll' does not exist
LogWindows: Failed to load 'VtuneApi32e.dll' (GetLastError=126)
LogWindows: File 'VtuneApi32e.dll' does not exist
LogInit: Display: Running engine for game: MyProject
LogPlatformFile: Not using cached read wrapper
LogInit: Display: RandInit(-1334979532) SRandInit(-1334979532).
LogInit: Read version file with build ID '3944462'
LogInit: Overriding engine version to CL 3989454, compatible CL 3944462
LogInit: Registered custom module enumerator with build ID '3944462'
LogTaskGraph: Started task graph with 5 named threads and 23 total threads with 3 sets of task threads.
LogStats: Stats thread started at 0.242708
LogD3D11RHI: Aftermath initialized
LogICUInternationalization: Display: ICU TimeZone Detection - Raw Offset: +0:00, Platform Override: ''
LogModuleManager: Display: Found up-to-date module file ../../../Engine/Plugins/Runtime/PhysXVehicles/Binaries/Win64/UE4Editor-PhysXVehicles.dll (API version 3944462).
LogModuleManager: Display: Found up-to-date module file ../../../Engine/Plugins/Runtime/PhysXVehicles/Binaries/Win64/UE4Editor-PhysXVehiclesEditor.dll (API version 3944462).
LogModuleManager: Display: Found up-to-date module file ../../../Engine/Plugins/Experimental/RawInput/Binaries/Win64/UE4Editor-RawInput.dll (API version 3944462).
LogModuleManager: Display: Found up-to-date module file ../../../Engine/Plugins/2D/Paper2D/Binaries/Win64/UE4Editor-Paper2D.dll (API version 3944462).
LogModuleManager: Display: Found up-to-date module file ../../../Engine/Plugins/2D/Paper2D/Binaries/Win64/UE4Editor-Paper2DEditor.dll (API version 3944462).
LogModuleManager: Display: Found up-to-date module file ../../../Engine/Plugins/2D/Paper2D/Binaries/Win64/UE4Editor-PaperSpriteSheetImporter.dll (API version 3944462).
LogModuleManager: Display: Found up-to-date module file ../../../Engine/Plugins/2D/Paper2D/Binaries/Win64/UE4Editor-PaperTiledImporter.dll (API version 3944462).
LogModuleManager: Display: Found up-to-date module file ../../../Engine/Plugins/2D/Paper2D/Binaries/Win64/UE4Editor-SmartSnapping.dll (API version 3944462).
LogModuleManager: Display: Found up-to-date module file ../../../Engine/Plugins/Blendables/LightPropagationVolume/Binaries/Win64/UE4Editor-LightPropagationVolumeRuntime.dll (API version 3944462).
LogModuleManager: Display: Found up-to-date module file ../../../Engine/Plugins/Blendables/LightPropagationVolume/Binaries/Win64/UE4Editor-LightPropagationVolumeEditor.dll (API version 3944462).
LogModuleManager: Display: Found up-to-date module file ../../../Engine/Plugins/Developer/CLionSourceCodeAccess/Binaries/Win64/UE4Editor-CLionSourceCodeAccess.dll (API version 3944462).
LogModuleManager: Display: Found up-to-date module file ../../../Engine/Plugins/Developer/GitSourceControl/Binaries/Win64/UE4Editor-GitSourceControl.dll (API version 3944462).
LogModuleManager: Display: Found up-to-date module file ../../../Engine/Plugins/Developer/PerforceSourceControl/Binaries/Win64/UE4Editor-PerforceSourceControl.dll (API version 3944462).
LogModuleManager: Display: Found up-to-date module file ../../../Engine/Plugins/Developer/SubversionSourceControl/Binaries/Win64/UE4Editor-SubversionSourceControl.dll (API version 3944462).
LogModuleManager: Display: Found up-to-date module file ../../../Engine/Plugins/Developer/UObjectPlugin/Binaries/Win64/UE4Editor-UObjectPlugin.dll (API version 3944462).
LogModuleManager: Display: Found up-to-date module file ../../../Engine/Plugins/Developer/VisualStudioCodeSourceCodeAccess/Binaries/Win64/UE4Editor-VisualStudioCodeSourceCodeAccess.dll (API version 3944462).
LogModuleManager: Display: Found up-to-date module file ../../../Engine/Plugins/Developer/VisualStudioSourceCodeAccess/Binaries/Win64/UE4Editor-VisualStudioSourceCodeAccess.dll (API version 3944462).
LogModuleManager: Display: Found up-to-date module file ../../../Engine/Plugins/Editor/AssetManagerEditor/Binaries/Win64/UE4Editor-AssetManagerEditor.dll (API version 3944462).
LogModuleManager: Display: Found up-to-date module file ../../../Engine/Plugins/Editor/CryptoKeys/Binaries/Win64/UE4Editor-CryptoKeys.dll (API version 3944462).
LogModuleManager: Display: Found up-to-date module file ../../../Engine/Plugins/Editor/CryptoKeys/Binaries/Win64/UE4Editor-CryptoKeysOpenSSL.dll (API version 3944462).
LogModuleManager: Display: Found up-to-date module file ../../../Engine/Plugins/Editor/DataValidation/Binaries/Win64/UE4Editor-DataValidation.dll (API version 3944462).
LogModuleManager: Display: Found up-to-date module file ../../../Engine/Plugins/Editor/FacialAnimation/Binaries/Win64/UE4Editor-FacialAnimation.dll (API version 3944462).
LogModuleManager: Display: Found up-to-date module file ../../../Engine/Plugins/Editor/FacialAnimation/Binaries/Win64/UE4Editor-FacialAnimationEditor.dll (API version 3944462).
LogModuleManager: Display: Found up-to-date module file ../../../Engine/Plugins/Editor/GameplayTagsEditor/Binaries/Win64/UE4Editor-GameplayTagsEditor.dll (API version 3944462).
LogModuleManager: Display: Found up-to-date module file ../../../Engine/Plugins/Editor/MobileLauncherProfileWizard/Binaries/Win64/UE4Editor-MobileLauncherProfileWizard.dll (API version 3944462).
LogModuleManager: Display: Found up-to-date module file ../../../Engine/Plugins/Editor/PluginBrowser/Binaries/Win64/UE4Editor-PluginBrowser.dll (API version 3944462).
LogModuleManager: Display: Found up-to-date module file ../../../Engine/Plugins/Editor/SpeedTreeImporter/Binaries/Win64/UE4Editor-SpeedTreeImporter.dll (API version 3944462).
LogModuleManager: Display: Found up-to-date module file ../../../Engine/Plugins/Enterprise/DatasmithContent/Binaries/Win64/UE4Editor-DatasmithContent.dll (API version 3944462).
LogModuleManager: Display: Found up-to-date module file ../../../Engine/Plugins/Experimental/AlembicImporter/Binaries/Win64/UE4Editor-AlembicImporter.dll (API version 3944462).
LogModuleManager: Display: Found up-to-date module file ../../../Engine/Plugins/Experimental/AlembicImporter/Binaries/Win64/UE4Editor-AlembicLibrary.dll (API version 3944462).
LogModuleManager: Display: Found up-to-date module file ../../../Engine/Plugins/Experimental/CharacterAI/Binaries/Win64/UE4Editor-CharacterAI.dll (API version 3944462).
LogModuleManager: Display: Found up-to-date module file ../../../Engine/Plugins/Experimental/HTML5Networking/Binaries/Win64/UE4Editor-HTML5Networking.dll (API version 3944462).
LogModuleManager: Display: Found up-to-date module file ../../../Engine/Plugins/Media/AndroidMedia/Binaries/Win64/UE4Editor-AndroidMediaEditor.dll (API version 3944462).
LogModuleManager: Display: Found up-to-date module file ../../../Engine/Plugins/Media/AndroidMedia/Binaries/Win64/UE4Editor-AndroidMediaFactory.dll (API version 3944462).
LogModuleManager: Display: Found up-to-date module file ../../../Engine/Plugins/Media/AvfMedia/Binaries/Win64/UE4Editor-AvfMediaEditor.dll (API version 3944462).
LogModuleManager: Display: Found up-to-date module file ../../../Engine/Plugins/Media/AvfMedia/Binaries/Win64/UE4Editor-AvfMediaFactory.dll (API version 3944462).
LogModuleManager: Display: Found up-to-date module file ../../../Engine/Plugins/Media/AvfMedia/Binaries/Win64/UE4Editor-AvfMediaFactory.dll (API version 3944462).
LogModuleManager: Display: Found up-to-date module file ../../../Engine/Plugins/Media/ImgMedia/Binaries/Win64/UE4Editor-ImgMedia.dll (API version 3944462).
LogModuleManager: Display: Found up-to-date module file ../../../Engine/Plugins/Media/ImgMedia/Binaries/Win64/UE4Editor-ImgMediaEditor.dll (API version 3944462).
LogModuleManager: Display: Found up-to-date module file ../../../Engine/Plugins/Media/ImgMedia/Binaries/Win64/UE4Editor-ImgMediaFactory.dll (API version 3944462).
LogModuleManager: Display: Found up-to-date module file ../../../Engine/Plugins/Media/ImgMedia/Binaries/Win64/UE4Editor-ImgMediaFactory.dll (API version 3944462).
LogModuleManager: Display: Found up-to-date module file ../../../Engine/Plugins/Media/ImgMedia/Binaries/Win64/UE4Editor-OpenExrWrapper.dll (API version 3944462).
LogModuleManager: Display: Found up-to-date module file ../../../Engine/Plugins/Media/LinearTimecode/Binaries/Win64/UE4Editor-LinearTimecode.dll (API version 3944462).
LogModuleManager: Display: Found up-to-date module file ../../../Engine/Plugins/Media/MediaCompositing/Binaries/Win64/UE4Editor-MediaCompositing.dll (API version 3944462).
LogModuleManager: Display: Found up-to-date module file ../../../Engine/Plugins/Media/MediaCompositing/Binaries/Win64/UE4Editor-MediaCompositingEditor.dll (API version 3944462).
LogModuleManager: Display: Found up-to-date module file ../../../Engine/Plugins/Media/MediaPlayerEditor/Binaries/Win64/UE4Editor-MediaPlayerEditor.dll (API version 3944462).
LogModuleManager: Display: Found up-to-date module file ../../../Engine/Plugins/Media/WmfMedia/Binaries/Win64/UE4Editor-WmfMedia.dll (API version 3944462).
LogModuleManager: Display: Found up-to-date module file ../../../Engine/Plugins/Media/WmfMedia/Binaries/Win64/UE4Editor-WmfMediaEditor.dll (API version 3944462).
LogModuleManager: Display: Found up-to-date module file ../../../Engine/Plugins/Media/WmfMedia/Binaries/Win64/UE4Editor-WmfMediaFactory.dll (API version 3944462).
LogModuleManager: Display: Found up-to-date module file ../../../Engine/Plugins/Media/WmfMedia/Binaries/Win64/UE4Editor-WmfMediaFactory.dll (API version 3944462).
LogModuleManager: Display: Found up-to-date module file ../../../Engine/Plugins/Messaging/TcpMessaging/Binaries/Win64/UE4Editor-TcpMessaging.dll (API version 3944462).
LogModuleManager: Display: Found up-to-date module file ../../../Engine/Plugins/Messaging/UdpMessaging/Binaries/Win64/UE4Editor-UdpMessaging.dll (API version 3944462).
LogModuleManager: Display: Found up-to-date module file ../../../Engine/Plugins/MovieScene/ActorSequence/Binaries/Win64/UE4Editor-ActorSequence.dll (API version 3944462).
LogModuleManager: Display: Found up-to-date module file ../../../Engine/Plugins/MovieScene/LevelSequenceEditor/Binaries/Win64/UE4Editor-LevelSequenceEditor.dll (API version 3944462).
LogModuleManager: Display: Found up-to-date module file ../../../Engine/Plugins/MovieScene/MatineeToLevelSequence/Binaries/Win64/UE4Editor-MatineeToLevelSequence.dll (API version 3944462).
LogModuleManager: Display: Found up-to-date module file ../../../Engine/Plugins/NetcodeUnitTest/NetcodeUnitTest/Binaries/Win64/UE4Editor-NetcodeUnitTest.dll (API version 3944462).
LogModuleManager: Display: Found up-to-date module file ../../../Engine/Plugins/NetcodeUnitTest/NUTUnrealEngine4/Binaries/Win64/UE4Editor-NUTUnrealEngine4.dll (API version 3944462).
LogModuleManager: Display: Found up-to-date module file ../../../Engine/Plugins/Online/OnlineSubsystem/Binaries/Win64/UE4Editor-OnlineSubsystem.dll (API version 3944462).
LogModuleManager: Display: Found up-to-date module file ../../../Engine/Plugins/Runtime/AndroidPermission/Binaries/Win64/UE4Editor-AndroidPermission.dll (API version 3944462).
LogModuleManager: Display: Found up-to-date module file ../../../Engine/Plugins/Online/OnlineSubsystemNull/Binaries/Win64/UE4Editor-OnlineSubsystemNull.dll (API version 3944462).
LogModuleManager: Display: Found up-to-date module file ../../../Engine/Plugins/Online/OnlineSubsystemUtils/Binaries/Win64/UE4Editor-OnlineSubsystemUtils.dll (API version 3944462).
LogModuleManager: Display: Found up-to-date module file ../../../Engine/Plugins/Online/OnlineSubsystemUtils/Binaries/Win64/UE4Editor-OnlineBlueprintSupport.dll (API version 3944462).
LogModuleManager: Display: Found up-to-date module file ../../../Engine/Plugins/Runtime/AndroidDeviceProfileSelector/Binaries/Win64/UE4Editor-AndroidDeviceProfileSelector.dll (API version 3944462).
LogModuleManager: Display: Found up-to-date module file ../../../Engine/Plugins/Runtime/AppleARKit/Binaries/Win64/UE4Editor-AppleARKit.dll (API version 3944462).
LogModuleManager: Display: Found up-to-date module file ../../../Engine/Plugins/Runtime/ProceduralMeshComponent/Binaries/Win64/UE4Editor-ProceduralMeshComponent.dll (API version 3944462).
LogModuleManager: Display: Found up-to-date module file ../../../Engine/Plugins/Runtime/ProceduralMeshComponent/Binaries/Win64/UE4Editor-ProceduralMeshComponentEditor.dll (API version 3944462).
LogModuleManager: Display: Found up-to-date module file ../../../Engine/Plugins/Animation/LiveLink/Binaries/Win64/UE4Editor-LiveLink.dll (API version 3944462).
LogModuleManager: Display: Found up-to-date module file ../../../Engine/Plugins/Animation/LiveLink/Binaries/Win64/UE4Editor-LiveLinkEditor.dll (API version 3944462).
LogModuleManager: Display: Found up-to-date module file ../../../Engine/Plugins/Runtime/ArchVisCharacter/Binaries/Win64/UE4Editor-ArchVisCharacter.dll (API version 3944462).
LogModuleManager: Display: Found up-to-date module file ../../../Engine/Plugins/Runtime/AudioCapture/Binaries/Win64/UE4Editor-AudioCapture.dll (API version 3944462).
LogModuleManager: Display: Found up-to-date module file ../../../Engine/Plugins/Runtime/AudioCapture/Binaries/Win64/UE4Editor-AudioCaptureEditor.dll (API version 3944462).
LogModuleManager: Display: Found up-to-date module file ../../../Engine/Plugins/Runtime/CableComponent/Binaries/Win64/UE4Editor-CableComponent.dll (API version 3944462).
LogModuleManager: Display: Found up-to-date module file ../../../Engine/Plugins/Runtime/CustomMeshComponent/Binaries/Win64/UE4Editor-CustomMeshComponent.dll (API version 3944462).
LogModuleManager: Display: Found up-to-date module file ../../../Engine/Plugins/Runtime/ExampleDeviceProfileSelector/Binaries/Win64/UE4Editor-ExampleDeviceProfileSelector.dll (API version 3944462).
LogModuleManager: Display: Found up-to-date module file ../../../Engine/Plugins/Runtime/ImmediatePhysics/Binaries/Win64/UE4Editor-ImmediatePhysics.dll (API version 3944462).
LogModuleManager: Display: Found up-to-date module file ../../../Engine/Plugins/Runtime/ImmediatePhysics/Binaries/Win64/UE4Editor-ImmediatePhysicsEditor.dll (API version 3944462).
LogModuleManager: Display: Found up-to-date module file ../../../Engine/Plugins/Runtime/LocationServicesBPLibrary/Binaries/Win64/UE4Editor-LocationServicesBPLibrary.dll (API version 3944462).
LogModuleManager: Display: Found up-to-date module file ../../../Engine/Plugins/Runtime/MobilePatchingUtils/Binaries/Win64/UE4Editor-MobilePatchingUtils.dll (API version 3944462).
LogModuleManager: Display: Found up-to-date module file ../../../Engine/Plugins/Runtime/Oculus/OculusVR/Binaries/Win64/UE4Editor-OculusHMD.dll (API version 3944462).
LogModuleManager: Display: Found up-to-date module file ../../../Engine/Plugins/Runtime/Oculus/OculusVR/Binaries/Win64/UE4Editor-OculusInput.dll (API version 3944462).
LogModuleManager: Display: Found up-to-date module file ../../../Engine/Plugins/Runtime/Oculus/OculusVR/Binaries/Win64/UE4Editor-OculusEditor.dll (API version 3944462).
LogModuleManager: Display: Found up-to-date module file ../../../Engine/Plugins/Runtime/RuntimePhysXCooking/Binaries/Win64/UE4Editor-RuntimePhysXCooking.dll (API version 3944462).
LogModuleManager: Display: Found up-to-date module file ../../../Engine/Plugins/Runtime/Steam/SteamVR/Binaries/Win64/UE4Editor-SteamVR.dll (API version 3944462).
LogModuleManager: Display: Found up-to-date module file ../../../Engine/Plugins/Runtime/Steam/SteamVR/Binaries/Win64/UE4Editor-SteamVRController.dll (API version 3944462).
LogModuleManager: Display: Found up-to-date module file ../../../Engine/Plugins/Runtime/WindowsMoviePlayer/Binaries/Win64/UE4Editor-WindowsMoviePlayer.dll (API version 3944462).
LogPluginManager: Mounting plugin Paper2D
LogPluginManager: Mounting plugin LiveLink
LogPluginManager: Mounting plugin LightPropagationVolume
LogPluginManager: Mounting plugin CLionSourceCodeAccess
LogPluginManager: Mounting plugin CodeLiteSourceCodeAccess
LogPluginManager: Mounting plugin GitSourceControl
LogPluginManager: Mounting plugin KDevelopSourceCodeAccess
LogPluginManager: Mounting plugin NullSourceCodeAccess
LogPluginManager: Mounting plugin PerforceSourceControl
LogPluginManager: Mounting plugin SubversionSourceControl
LogPluginManager: Mounting plugin UObjectPlugin
LogPluginManager: Mounting plugin VisualStudioCodeSourceCodeAccess
LogPluginManager: Mounting plugin VisualStudioSourceCodeAccess
LogPluginManager: Mounting plugin XCodeSourceCodeAccess
LogPluginManager: Mounting plugin AssetManagerEditor
LogPluginManager: Mounting plugin CryptoKeys
LogPluginManager: Mounting plugin DataValidation
LogPluginManager: Mounting plugin FacialAnimation
LogPluginManager: Mounting plugin GameplayTagsEditor
LogPluginManager: Mounting plugin MobileLauncherProfileWizard
LogPluginManager: Mounting plugin PluginBrowser
LogPluginManager: Mounting plugin SpeedTreeImporter
LogPluginManager: Mounting plugin DatasmithContent
LogPluginManager: Mounting plugin AlembicImporter
LogPluginManager: Mounting plugin CharacterAI
LogPluginManager: Mounting plugin HTML5Networking
LogPluginManager: Mounting plugin RawInput
LogPluginManager: Mounting plugin AndroidMedia
LogPluginManager: Mounting plugin AvfMedia
LogPluginManager: Mounting plugin ImgMedia
LogPluginManager: Mounting plugin LinearTimecode
LogPluginManager: Mounting plugin MediaCompositing
LogPluginManager: Mounting plugin MediaPlayerEditor
LogPluginManager: Mounting plugin WmfMedia
LogPluginManager: Mounting plugin TcpMessaging
LogPluginManager: Mounting plugin UdpMessaging
LogPluginManager: Mounting plugin ActorSequence
LogPluginManager: Mounting plugin LevelSequenceEditor
LogPluginManager: Mounting plugin MatineeToLevelSequence
LogPluginManager: Mounting plugin NetcodeUnitTest
LogPluginManager: Mounting plugin NUTUnrealEngine4
LogPluginManager: Mounting plugin OnlineSubsystemGooglePlay
LogPluginManager: Mounting plugin OnlineSubsystemIOS
LogPluginManager: Mounting plugin OnlineSubsystem
LogPluginManager: Mounting plugin OnlineSubsystemNull
LogPluginManager: Mounting plugin OnlineSubsystemUtils
LogPluginManager: Mounting plugin AndroidDeviceProfileSelector
LogPluginManager: Mounting plugin AndroidMoviePlayer
LogPluginManager: Mounting plugin AndroidPermission
LogPluginManager: Mounting plugin AppleARKit
LogPluginManager: Mounting plugin AppleMoviePlayer
LogPluginManager: Mounting plugin ArchVisCharacter
LogPluginManager: Mounting plugin AudioCapture
LogPluginManager: Mounting plugin CableComponent
LogPluginManager: Mounting plugin CustomMeshComponent
LogPluginManager: Mounting plugin ExampleDeviceProfileSelector
LogPluginManager: Mounting plugin GoogleCloudMessaging
LogPluginManager: Mounting plugin ImmediatePhysics
LogPluginManager: Mounting plugin IOSDeviceProfileSelector
LogPluginManager: Mounting plugin LinuxDeviceProfileSelector
LogPluginManager: Mounting plugin LocationServicesBPLibrary
LogPluginManager: Mounting plugin MobilePatchingUtils
LogPluginManager: Mounting plugin OculusVR
LogPluginManager: Plugin shader directory ../../../Engine/Plugins/Runtime/Oculus/OculusVR/Shaders found
LogPluginManager: Mapping shader source directory ../../../Engine/Plugins/Runtime/Oculus/OculusVR/Shaders to virtual directory /Plugin/OculusVR
LogPluginManager: Mounting plugin PhysXVehicles
LogPluginManager: Mounting plugin ProceduralMeshComponent
LogPluginManager: Mounting plugin RuntimePhysXCooking
LogPluginManager: Mounting plugin SteamVR
LogPluginManager: Mounting plugin WindowsMoviePlayer
LogStreaming: Display: Took  0.567s to configure plugins.
LogInit: Using libcurl 7.47.1
LogInit:  - built for x86_64-pc-win32
LogInit:  - supports SSL with OpenSSL/1.0.2g
LogInit:  - supports HTTP deflate (compression) using libz 1.2.8
LogInit:  - other features:
LogInit:      CURL_VERSION_SSL
LogInit:      CURL_VERSION_LIBZ
LogInit:      CURL_VERSION_IPV6
LogInit:      CURL_VERSION_ASYNCHDNS
LogInit:      CURL_VERSION_LARGEFILE
LogInit:      CURL_VERSION_IDN
LogInit:  CurlRequestOptions (configurable via config and command line):
LogInit:  - bVerifyPeer = false  - Libcurl will NOT verify peer certificate
LogInit:  - bUseHttpProxy = false  - Libcurl will NOT use HTTP proxy
LogInit:  - bDontReuseConnections = false  - Libcurl will reuse connections
LogInit:  - CertBundlePath = nullptr  - Libcurl will use whatever was configured at build time.
LogInit:  - MaxHostConnections = 16  - Libcurl will limit the number of connections to a host
LogInit:  - LocalHostAddr = Default
LogInit: WinSock: version 1.1 (2.2), MaxSocks=32767, MaxUdp=65467
LogInit: WinSock: I am DESKTOP-OUUPGS8 (192.168.56.1:0)
LogInit: Build: ++UE4+Release-4.19-CL-3989454
LogInit: Engine Version: 4.19.1-3989454+++UE4+Release-4.19
LogInit: Compatible Engine Version: 4.19.0-3944462+++UE4+Release-4.19
LogInit: Net CL: 3944462
LogDevObjectVersion: Number of dev versions registered: 18
LogDevObjectVersion:   Dev-Blueprints (B0D832E4-1F89-4F0D-ACCF-7EB736FD4AA2): 10
LogDevObjectVersion:   Dev-Build (E1C64328-A22C-4D53-A36C-8E866417BD8C): 0
LogDevObjectVersion:   Dev-Core (375EC13C-06E4-48FB-B500-84F0262A717E): 2
LogDevObjectVersion:   Dev-Editor (E4B068ED-F494-42E9-A231-DA0B2E46BB41): 23
LogDevObjectVersion:   Dev-Framework (CFFC743F-43B0-4480-9391-14DF171D2073): 33
LogDevObjectVersion:   Dev-Mobile (B02B49B5-BB20-44E9-A304-32B752E40360): 2
LogDevObjectVersion:   Dev-Networking (A4E4105C-59A1-49B5-A7C5-40C4547EDFEE): 0
LogDevObjectVersion:   Dev-Online (39C831C9-5AE6-47DC-9A44-9C173E1C8E7C): 0
LogDevObjectVersion:   Dev-Physics (78F01B33-EBEA-4F98-B9B4-84EACCB95AA2): 0
LogDevObjectVersion:   Dev-Platform (6631380F-2D4D-43E0-8009-CF276956A95A): 0
LogDevObjectVersion:   Dev-Rendering (12F88B9F-8875-4AFC-A67C-D90C383ABD29): 25
LogDevObjectVersion:   Dev-Sequencer (7B5AE74C-D270-4C10-A958-57980B212A5A): 6
LogDevObjectVersion:   Dev-VR (D7296918-1DD6-4BDD-9DE2-64A83CC13884): 1
LogDevObjectVersion:   Dev-LoadTimes (C2A15278-BFE7-4AFE-6C17-90FF531DF755): 1
LogDevObjectVersion:   Private-Geometry (6EACA3D4-40EC-4CC1-B786-8BED09428FC5): 2
LogDevObjectVersion:   Dev-AnimPhys (29E575DD-E0A3-4627-9D10-D276232CDCEA): 16
LogDevObjectVersion:   Dev-ReflectionCapture (6B266CEC-1EC7-4B8F-A30B-E4D90942FC07): 1
LogDevObjectVersion:   Dev-Automation (0DF73D61-A23F-47EA-B727-89E90C41499A): 1
LogInit: Compiled (64-bit): Apr  6 2018 12:26:04
LogInit: Compiled with Visual C++: 19.00.24215.01
LogInit: Build Configuration: Development
LogInit: Branch Name: ++UE4+Release-4.19
LogInit: Command Line:  
LogInit: Base Directory: C:/Program Files/Epic Games/UE_4.19/Engine/Binaries/Win64/
LogInit: Installed Engine Build: 1
LogStreaming: Display: Took  0.000s to delete old logs.
LogInit: Presizing for max 8388607 objects, including 0 objects not considered by GC, pre-allocating 0 bytes for permanent pool.
LogInit: Object subsystem initialized
[2018.04.20-12.43.17:036][  0]LogInit: Selected Device Profile: [Windows]
[2018.04.20-12.43.17:036][  0]LogInit: Applying CVar settings loaded from the selected device profile: [Windows]
[2018.04.20-12.43.17:044][  0]LogInit: Computer: DESKTOP-OUUPGS8
[2018.04.20-12.43.17:044][  0]LogInit: User: benra
[2018.04.20-12.43.17:044][  0]LogInit: CPU Page size=4096, Cores=4
[2018.04.20-12.43.17:044][  0]LogInit: High frequency timer resolution =4.101563 MHz
[2018.04.20-12.43.17:045][  0]LogMemory: Memory total: Physical=16.0GB (16GB approx)
[2018.04.20-12.43.17:045][  0]LogMemory: Platform Memory Stats for Windows
[2018.04.20-12.43.17:045][  0]LogMemory: Process Physical Memory: 276.45 MB used, 276.45 MB peak
[2018.04.20-12.43.17:045][  0]LogMemory: Process Virtual Memory: 264.61 MB used, 264.61 MB peak
[2018.04.20-12.43.17:045][  0]LogMemory: Physical Memory: 5114.98 MB used,  11229.26 MB free, 16344.24 MB total
[2018.04.20-12.43.17:045][  0]LogMemory: Virtual Memory: 698.14 MB used,  11229.26 MB free, 134217728.00 MB total
[2018.04.20-12.43.17:073][  0]LogInit: Using OS detected language (en-GB).
[2018.04.20-12.43.17:073][  0]LogInit: Using OS detected locale (en-GB).
[2018.04.20-12.43.17:075][  0]LogTextLocalizationManager: No specific localization for 'en-GB' exists, so the 'en' localization will be used.
[2018.04.20-12.43.17:364][  0]LogStreaming: Display: Took  0.291s to EndInitTextLocalization.
[2018.04.20-12.43.17:364][  0]LogInit: Setting process to per monitor DPI aware
[2018.04.20-12.43.17:388][  0]LogSlate: New Slate User Created.  User Index 0, Is Virtual User: 0
[2018.04.20-12.43.17:388][  0]LogSlate: Slate User Registered.  User Index 0, Is Virtual User: 0
[2018.04.20-12.43.17:511][  0]LogD3D11RHI: D3D11 adapters:
[2018.04.20-12.43.17:549][  0]LogD3D11RHI:    0. 'NVIDIA GeForce GTX 1070' (Feature Level 11_0)
[2018.04.20-12.43.17:549][  0]LogD3D11RHI:       8096/0/8172 MB DedicatedVideo/DedicatedSystem/SharedSystem, Outputs:1, VendorId:0x10de
[2018.04.20-12.43.17:551][  0]LogD3D11RHI:    1. 'Microsoft Basic Render Driver' (Feature Level 11_0)
[2018.04.20-12.43.17:551][  0]LogD3D11RHI:       0/0/8172 MB DedicatedVideo/DedicatedSystem/SharedSystem, Outputs:0, VendorId:0x1414
[2018.04.20-12.43.17:551][  0]LogD3D11RHI: Chosen D3D11 Adapter: 0
[2018.04.20-12.43.17:555][  0]LogD3D11RHI: Creating new Direct3DDevice
[2018.04.20-12.43.17:555][  0]LogD3D11RHI:     GPU DeviceId: 0x1b81 (for the marketing name, search the web for "GPU Device Id")
[2018.04.20-12.43.17:555][  0]LogWindows: EnumDisplayDevices:
[2018.04.20-12.43.17:555][  0]LogWindows:    0. 'NVIDIA GeForce GTX 1070' (P:1 D:1)
[2018.04.20-12.43.17:555][  0]LogWindows:    1. 'NVIDIA GeForce GTX 1070' (P:0 D:0)
[2018.04.20-12.43.17:556][  0]LogWindows:    2. 'NVIDIA GeForce GTX 1070' (P:0 D:0)
[2018.04.20-12.43.17:556][  0]LogWindows:    3. 'NVIDIA GeForce GTX 1070' (P:0 D:0)
[2018.04.20-12.43.17:556][  0]LogWindows: DebugString: GetVideoDriverDetailsInvalid PrimaryIsNotTheChoosenAdapter GetVideoDriverDetailsInvalid PrimaryIsNotTheChoosenAdapter GetVideoDriverDetailsInvalid PrimaryIsNotTheChoosenAdapter GetVideoDriverDetailsInvalid PrimaryIsNotTheChoosenAdapter FoundDriverCount:0 
[2018.04.20-12.43.17:556][  0]LogD3D11RHI:     Adapter Name: NVIDIA GeForce GTX 1070
[2018.04.20-12.43.17:556][  0]LogD3D11RHI:   Driver Version: Unknown (internal:Unknown, unified:Unknown)
[2018.04.20-12.43.17:556][  0]LogD3D11RHI:      Driver Date: Unknown
[2018.04.20-12.43.17:556][  0]LogRHI: Texture pool is 5667 MB (70% of 8096 MB)
[2018.04.20-12.43.17:575][  0]LogD3D11RHI: [Aftermath] Aftermath enabled but failed to initialize
[2018.04.20-12.43.17:575][  0]LogD3D11RHI: [Aftermath] Aftermath enabled and primed
[2018.04.20-12.43.17:575][  0]LogD3D11RHI: Async texture creation enabled
[2018.04.20-12.43.17:632][  0]LogD3D11RHI: GPU Timing Frequency: 1000.000000 (Debug: 2 1)
[2018.04.20-12.43.17:674][  0]LogShaderCompilers: Guid format shader working directory is -26 characters bigger than the processId version (../../../../../../Users/benra/Documents/GitHub/g54gam-car-game/MyProject/Intermediate/Shaders/WorkingDirectory/5556/).
[2018.04.20-12.43.17:674][  0]LogShaderCompilers: Cleaned the shader compiler working directory 'C:/Users/benra/AppData/Local/Temp/UnrealShaderWorkingDir/4835BE87451D98430F0A15A35CB68E59/'.
[2018.04.20-12.43.17:853][  0]LogTemp: Display: Loaded TP AllDesktopTargetPlatform
[2018.04.20-12.43.17:862][  0]LogTemp: Display: Loaded TP MacClientTargetPlatform
[2018.04.20-12.43.17:871][  0]LogTemp: Display: Loaded TP MacNoEditorTargetPlatform
[2018.04.20-12.43.17:879][  0]LogTemp: Display: Loaded TP MacServerTargetPlatform
[2018.04.20-12.43.17:889][  0]LogTemp: Display: Loaded TP MacTargetPlatform
[2018.04.20-12.43.17:897][  0]LogTemp: Display: Loaded TP WindowsClientTargetPlatform
[2018.04.20-12.43.17:907][  0]LogTemp: Display: Loaded TP WindowsNoEditorTargetPlatform
[2018.04.20-12.43.17:916][  0]LogTemp: Display: Loaded TP WindowsServerTargetPlatform
[2018.04.20-12.43.17:920][  0]LogTemp: Display: Loaded TP WindowsTargetPlatform
[2018.04.20-12.43.17:928][  0]LogTemp: Display: Loaded TP Android_ASTCTargetPlatform
[2018.04.20-12.43.17:936][  0]LogTemp: Display: Loaded TP Android_ATCTargetPlatform
[2018.04.20-12.43.17:944][  0]LogTemp: Display: Loaded TP Android_DXTTargetPlatform
[2018.04.20-12.43.17:952][  0]LogTemp: Display: Loaded TP Android_ETC1aTargetPlatform
[2018.04.20-12.43.17:960][  0]LogTemp: Display: Loaded TP Android_ETC1TargetPlatform
[2018.04.20-12.43.17:968][  0]LogTemp: Display: Loaded TP Android_ETC2TargetPlatform
[2018.04.20-12.43.17:984][  0]LogTemp: Display: Loaded TP Android_MultiTargetPlatform
[2018.04.20-12.43.17:984][  0]LogTemp: Display: Loaded TP Android_PVRTCTargetPlatform
[2018.04.20-12.43.17:992][  0]LogTemp: Display: Loaded TP AndroidTargetPlatform
[2018.04.20-12.43.17:993][  0]LogTemp: Display: Loaded TP HTML5TargetPlatform
[2018.04.20-12.43.18:023][  0]LogTemp: Display: Loaded TP IOSTargetPlatform
[2018.04.20-12.43.18:031][  0]LogTemp: Display: Loaded TP TVOSTargetPlatform
[2018.04.20-12.43.18:039][  0]LogTemp: Display: Loaded TP LinuxClientTargetPlatform
[2018.04.20-12.43.18:047][  0]LogTemp: Display: Loaded TP LinuxNoEditorTargetPlatform
[2018.04.20-12.43.18:055][  0]LogTemp: Display: Loaded TP LinuxServerTargetPlatform
[2018.04.20-12.43.18:063][  0]LogTemp: Display: Loaded TP LinuxTargetPlatform
[2018.04.20-12.43.18:063][  0]LogTargetPlatformManager: Display: Building Assets For Windows
[2018.04.20-12.43.18:128][  0]LogXGEController: Cleaning working directory: C:/Users/benra/AppData/Local/Temp/UnrealXGEWorkingDir/
[2018.04.20-12.43.18:128][  0]LogXGEController: Cannot use XGE Controller as Incredibuild is not installed on this machine.
[2018.04.20-12.43.18:128][  0]LogShaderCompilers: Cannot use XGE Shader Compiler as Incredibuild is not installed on this machine.
[2018.04.20-12.43.18:128][  0]LogShaderCompilers: Display: Using Local Shader Compiler.
[2018.04.20-12.43.18:619][  0]LogDerivedDataCache: Display: Max Cache Size: 512 MB
[2018.04.20-12.43.18:665][  0]LogDerivedDataCache: Loaded boot cache 0.05s 74MB C:/Users/benra/AppData/Local/UnrealEngine/4.19/DerivedDataCache/Boot.ddc.
[2018.04.20-12.43.18:665][  0]LogDerivedDataCache: Display: Loaded Boot cache: C:/Users/benra/AppData/Local/UnrealEngine/4.19/DerivedDataCache/Boot.ddc
[2018.04.20-12.43.18:665][  0]LogDerivedDataCache: FDerivedDataBackendGraph:  Pak pak cache file ../../../../../../Users/benra/Documents/GitHub/g54gam-car-game/MyProject/DerivedDataCache/DDC.ddp not found, will not use a pak cache.
[2018.04.20-12.43.18:665][  0]LogDerivedDataCache: Unable to find inner node Pak for hierarchical cache Hierarchy.
[2018.04.20-12.43.18:665][  0]LogDerivedDataCache: FDerivedDataBackendGraph:  CompressedPak pak cache file ../../../../../../Users/benra/Documents/GitHub/g54gam-car-game/MyProject/DerivedDataCache/Compressed.ddp not found, will not use a pak cache.
[2018.04.20-12.43.18:665][  0]LogDerivedDataCache: Unable to find inner node CompressedPak for hierarchical cache Hierarchy.
[2018.04.20-12.43.18:676][  0]LogDerivedDataCache: Display: Pak cache opened for reading ../../../Engine/DerivedDataCache/Compressed.ddp.
[2018.04.20-12.43.18:688][  0]LogDerivedDataCache: Using Local data cache path C:/Users/benra/AppData/Local/UnrealEngine/Common/DerivedDataCache: Writable
[2018.04.20-12.43.18:695][  0]LogMaterial: Verifying Global Shaders for PCD3D_SM5
[2018.04.20-12.43.18:696][  0]LogSlate: Using Freetype 2.6.0
[2018.04.20-12.43.18:696][  0]LogSlate: SlateFontCache - WITH_FREETYPE: 1, WITH_HARFBUZZ: 1
[2018.04.20-12.43.18:696][  0]LogSlate: SlateFontCache - WITH_FREETYPE: 1, WITH_HARFBUZZ: 1
[2018.04.20-12.43.18:783][  0]LogAssetRegistry: FAssetRegistry took 0.0239 seconds to start up
[2018.04.20-12.43.18:987][  0]LogInit: Selected Device Profile: [Windows]
[2018.04.20-12.43.19:083][  0]LogSimplygon: Simplygon DLL not present - disabling.
[2018.04.20-12.43.19:086][  0]LogMeshReduction: Using SimplygonSwarm for distributed automatic mesh merging
[2018.04.20-12.43.19:086][  0]LogMeshReduction: Using QuadricMeshReduction for automatic static mesh reduction
[2018.04.20-12.43.19:086][  0]LogMeshReduction: No automatic skeletal mesh reduction module available
[2018.04.20-12.43.19:086][  0]LogMeshReduction: No automatic mesh merging module available
[2018.04.20-12.43.19:086][  0]LogMeshMerging: No automatic mesh merging module available
[2018.04.20-12.43.19:104][  0]LogNetVersion: MyProject , NetCL: 3944462, EngineNetVer: 2, GameNetVer: 0 (Checksum: 2475486345)
[2018.04.20-12.43.19:387][  0]LogPackageLocalizationCache: Processed 9 localized package path(s) for 2 prioritized culture(s) in 0.054162 seconds
[2018.04.20-12.43.19:390][  0]LogUObjectArray: 36728 objects as part of root set at end of initial load.
[2018.04.20-12.43.19:390][  0]LogUObjectAllocator: 7314304 out of 0 bytes used by permanent object pool.
[2018.04.20-12.43.19:390][  0]LogUObjectArray: CloseDisregardForGC: 0/0 objects in disregard for GC pool
[2018.04.20-12.43.20:435][  0]LogTcpMessaging: Initializing TcpMessaging bridge
[2018.04.20-12.43.20:456][  0]LogUdpMessaging: Initializing bridge on interface 0.0.0.0:0 to multicast group 230.0.0.1:6666.
[2018.04.20-12.43.20:681][  0]SourceControl: Source control is disabled
[2018.04.20-12.43.20:681][  0]SourceControl: Source control is disabled
[2018.04.20-12.43.20:691][  0]SourceControl: Source control is disabled
[2018.04.20-12.43.20:701][  0]SourceControl: Source control is disabled
[2018.04.20-12.43.21:036][  0]LogAndroidPermission: UAndroidPermissionCallbackProxy::GetInstance
[2018.04.20-12.43.21:124][  0]LogOcInput: OculusInput pre-init called
[2018.04.20-12.43.21:192][  0]LogEngine: Initializing Engine...
[2018.04.20-12.43.21:193][  0]LogHMD: Failed to initialize OpenVR with code 110
[2018.04.20-12.43.21:194][  0]LogStats: UGameplayTagsManager::ConstructGameplayTagTree: Construct from data asset -  0.000 s
[2018.04.20-12.43.21:194][  0]LogStats: UGameplayTagsManager::ConstructGameplayTagTree: GameplayTagTreeChangedEvent.Broadcast -  0.000 s
[2018.04.20-12.43.21:333][  0]LogAIModule: Creating AISystem for world Untitled
[2018.04.20-12.43.21:340][  0]LogInit: XAudio2 using 'Realtek Digital Output (Realtek High Definition Audio)' : 2 channels at 48 kHz using 16 bits per sample (channel mask 0x3)
[2018.04.20-12.43.21:363][  0]LogInit: FAudioDevice initialized.
[2018.04.20-12.43.21:401][  0]LogDerivedDataCache: Saved boot cache 0.04s 74MB C:/Users/benra/AppData/Local/UnrealEngine/4.19/DerivedDataCache/Boot.ddc.
[2018.04.20-12.43.21:409][  0]LogInit: Texture streaming: Enabled
[2018.04.20-12.43.21:419][  0]LogEngineSessionManager: EngineSessionManager initialized
[2018.04.20-12.43.21:427][  0]LogInit: Transaction tracking system initialized
[2018.04.20-12.43.21:441][  0]BlueprintLog: New page: Editor Load
[2018.04.20-12.43.21:485][  0]LocalizationService: Localization service is disabled
[2018.04.20-12.43.21:545][  0]LogConsoleResponse: Display: 
[2018.04.20-12.43.21:643][  0]LogCook: Display: Max memory allowance for cook 16384mb min free memory 0mb
[2018.04.20-12.43.21:643][  0]LogCook: Display: Mobile HDR setting 1
[2018.04.20-12.43.21:643][  0]LogGameplayTags: Display: UGameplayTagsManager::DoneAddingNativeTags. DelegateIsBound: 0
[2018.04.20-12.43.21:643][  0]LogStats: UGameplayTagsManager::ConstructGameplayTagTree: Construct from data asset -  0.000 s
[2018.04.20-12.43.21:643][  0]LogStats: UGameplayTagsManager::ConstructGameplayTagTree: GameplayTagTreeChangedEvent.Broadcast -  0.000 s
[2018.04.20-12.43.21:849][  0]LogFileCache: Scanning file cache for directory 'C:/Users/benra/Documents/GitHub/g54gam-car-game/MyProject/Content/' took 0.01s
[2018.04.20-12.43.21:849][  0]SourceControl: Source control is disabled
[2018.04.20-12.43.21:849][  0]Cmd: MAP LOAD FILE="../../../../../../Users/benra/Documents/GitHub/g54gam-car-game/MyProject/Content/VehicleBP/Maps/VehicleExampleMap.umap" TEMPLATE=0 SHOWPROGRESS=1 FEATURELEVEL=3
[2018.04.20-12.43.21:849][  0]LightingResults: New page: Lighting Build
[2018.04.20-12.43.21:851][  0]MapCheck: New page: Map Check
[2018.04.20-12.43.21:851][  0]LightingResults: New page: Lighting Build
[2018.04.20-12.43.22:087][  0]LogSkeletalMesh: Skeletal Mesh found in DDC [5.267016ms] /Game/Vehicle/Sedan/Sedan_SkelMesh.Sedan_SkelMesh
[2018.04.20-12.43.22:127][  0]LogAIModule: Creating AISystem for world VehicleExampleMap
[2018.04.20-12.43.22:136][  0]LogEditorServer: Finished looking for orphan Actors (0.000 secs)
[2018.04.20-12.43.22:148][  0]Cmd: MAP CHECKDEP NOCLEARLOG
[2018.04.20-12.43.22:183][  0]MapCheck: Map check complete: 0 Error(s), 0 Warning(s), took 34.433ms to complete.
[2018.04.20-12.43.22:183][  0]LogFileHelpers: Loading map 'VehicleExampleMap' took 0.334
[2018.04.20-12.43.22:281][  0]LogCollectionManager: Loaded 0 collections in 0.001102 seconds
[2018.04.20-12.43.22:319][  0]LogFileCache: Scanning file cache for directory 'C:/Users/benra/Documents/GitHub/g54gam-car-game/MyProject/Saved/Collections/' took 0.01s
[2018.04.20-12.43.22:319][  0]LogFileCache: Scanning file cache for directory 'C:/Users/benra/Documents/GitHub/g54gam-car-game/MyProject/Content/Developers/benra/Collections/' took 0.01s
[2018.04.20-12.43.22:319][  0]LogFileCache: Scanning file cache for directory 'C:/Users/benra/Documents/GitHub/g54gam-car-game/MyProject/Content/Collections/' took 0.01s
[2018.04.20-12.43.22:319][  0]LogCollectionManager: Rebuilt the GUID cache for 0 collections in 0.000000 seconds
[2018.04.20-12.43.22:325][  0]LogContentBrowser: Native class hierarchy populated in 0.0060 seconds. Added 2454 classes and 561 folders.
[2018.04.20-12.43.22:329][  0]LogContentBrowser: Native class hierarchy updated for 'WidgetCarousel' in 0.0001 seconds. Added 0 classes and 0 folders.
[2018.04.20-12.43.22:354][  0]LogContentBrowser: Native class hierarchy updated for 'AddContentDialog' in 0.0001 seconds. Added 0 classes and 0 folders.
[2018.04.20-12.43.22:357][  0]LogContentBrowser: Native class hierarchy updated for 'SceneOutliner' in 0.0001 seconds. Added 1 classes and 2 folders.
[2018.04.20-12.43.22:368][  0]LogSlate: Took 0.000128 seconds to synchronously load lazily loaded font '../../../Engine/Content/Slate/Fonts/Roboto-Regular.ttf' (155K)
[2018.04.20-12.43.22:370][  0]LogSlate: Took 0.000116 seconds to synchronously load lazily loaded font '../../../Engine/Content/Slate/Fonts/Roboto-Bold.ttf' (160K)
[2018.04.20-12.43.22:373][  0]LogSlate: Took 0.000132 seconds to synchronously load lazily loaded font '../../../Engine/Content/Editor/Slate/Fonts/FontAwesome.ttf' (139K)
[2018.04.20-12.43.22:438][  0]LogRenderer: Reallocating scene render targets to support 1616x812 Format 10 NumSamples 1 (Frame:1).
[2018.04.20-12.43.22:549][  0]LogContentBrowser: Native class hierarchy updated for 'HierarchicalLODOutliner' in 0.0001 seconds. Added 0 classes and 0 folders.
[2018.04.20-12.43.22:550][  0]LogLoad: (Engine Initialization) Total time: 7.05 seconds
[2018.04.20-12.43.22:550][  0]LogLoad: (Engine Initialization) Total Blueprint compile time: 0.00 seconds
[2018.04.20-12.43.22:558][  0]LogWindowsTextInputMethodSystem: Display: IME system now deactivated.
[2018.04.20-12.43.22:559][  0]LogRawInputWindows: Warning: Found device 0 devices
[2018.04.20-12.43.22:559][  0]LogRawInputWindows: Warning: Found device 0 devices
[2018.04.20-12.43.22:559][  0]LogRawInputWindows: Warning: Device was registered succesfully but not connected (Usage:4 UsagePage:1)
[2018.04.20-12.43.22:559][  0]LogRawInputWindows: Warning: Found device 1 devices
[2018.04.20-12.43.22:559][  0]LogRawInputWindows: Warning: Device was registered succesfully but not connected (Usage:5 UsagePage:1)
[2018.04.20-12.43.22:571][  0]LogAssetRegistry: Asset discovery search completed in 3.8090 seconds
[2018.04.20-12.43.22:572][  0]LogCollectionManager: Rebuilt the object cache for 0 collections in 0.000000 seconds (found 0 objects)
[2018.04.20-12.43.22:572][  0]LogCollectionManager: Fixed up redirectors for 0 collections in 0.000032 seconds (updated 0 objects)
[2018.04.20-12.43.22:574][  0]LogContentStreaming: Texture pool size now 1000 MB
[2018.04.20-12.43.27:585][566]LogSlate: FSceneViewport::OnFocusLost() reason 0
[2018.04.20-12.43.32:728][ 83]LogSlate: Took 0.000107 seconds to synchronously load lazily loaded font '../../../Engine/Content/Slate/Fonts/Roboto-Light.ttf' (167K)
[2018.04.20-12.43.32:748][ 83]LogAIModule: Creating AISystem for world Level1
[2018.04.20-12.43.32:761][ 83]Cmd: MAP LOAD FILE="../../../../../../Users/benra/Documents/GitHub/g54gam-car-game/MyProject/Content/Maps/Level1.umap" TEMPLATE=0 SHOWPROGRESS=1 FEATURELEVEL=3
[2018.04.20-12.43.32:761][ 83]LightingResults: New page: Lighting Build
[2018.04.20-12.43.32:762][ 83]LoadErrors: New page: Loading map: Level1.umap
[2018.04.20-12.43.32:762][ 83]MapCheck: New page: Map Check
[2018.04.20-12.43.32:762][ 83]LightingResults: New page: Lighting Build
[2018.04.20-12.43.32:772][ 83]LogEditorServer: Finished looking for orphan Actors (0.000 secs)
[2018.04.20-12.43.32:795][ 83]Cmd: MAP CHECKDEP NOCLEARLOG
[2018.04.20-12.43.32:830][ 83]MapCheck: Map check complete: 0 Error(s), 0 Warning(s), took 34.478ms to complete.
[2018.04.20-12.43.32:830][ 83]LogFileHelpers: Loading map 'Level1' took 0.070
[2018.04.20-12.43.34:657][291]LogTemp: Repeating last play command: Selected Viewport
[2018.04.20-12.43.34:669][291]LogPlayLevel: PlayLevel: No blueprints needed recompiling
[2018.04.20-12.43.34:669][291]PIE: New page: PIE session: Level1 (20 Apr 2018 14:43:34)
[2018.04.20-12.43.34:669][291]LogPlayLevel: Creating play world package: /Game/Maps/UEDPIE_0_Level1
[2018.04.20-12.43.34:671][291]LogPlayLevel: PIE: StaticDuplicateObject took: (0.001630s)
[2018.04.20-12.43.34:671][291]LogAIModule: Creating AISystem for world Level1
[2018.04.20-12.43.34:671][291]LogPlayLevel: PIE: World Init took: (0.000435s)
[2018.04.20-12.43.34:671][291]LogPlayLevel: PIE: Created PIE world by copying editor world from /Game/Maps/Level1.Level1 to /Game/Maps/UEDPIE_0_Level1.Level1 (0.002157s)
[2018.04.20-12.43.34:682][291]LogInit: XAudio2 using 'Realtek Digital Output (Realtek High Definition Audio)' : 2 channels at 48 kHz using 16 bits per sample (channel mask 0x3)
[2018.04.20-12.43.34:701][291]LogInit: FAudioDevice initialized.
[2018.04.20-12.43.34:743][291]LogLoad: Game class is 'VehicleGameMode_C'
[2018.04.20-12.43.34:745][291]LogWorld: Bringing World /Game/Maps/UEDPIE_0_Level1.Level1 up for play (max tick rate 0) at 2018.04.20-13.43.34
[2018.04.20-12.43.34:745][291]LogWorld: Bringing up level for play took: 0.000374
[2018.04.20-12.43.34:747][291]LogContentBrowser: Native class hierarchy updated for 'MovieSceneCapture' in 0.0002 seconds. Added 11 classes and 0 folders.
[2018.04.20-12.43.34:748][291]PIE: Play in editor start time for /Game/Maps/UEDPIE_0_Level1 0.104
[2018.04.20-12.43.38:450][692]LogEditorViewport: Clicking on Actor (LMB): StaticMeshActor (Floor)
[2018.04.20-12.43.50:264][243]LogSlate: FSceneViewport::OnFocusLost() reason 0
[2018.04.20-12.43.55:857][771]LogActorFactory: Actor Factory created TemplateFloor
[2018.04.20-12.43.57:258][937]LogActorFactory: Actor Factory created TemplateFloor
[2018.04.20-12.43.57:968][ 17]Cmd: TRANSACTION UNDO
[2018.04.20-12.43.57:968][ 17]LogEditorTransaction: Undo Create Actors
[2018.04.20-12.43.58:496][ 63]LogEditorViewport: Clicking on Actor (LMB): StaticMeshActor (Floor)
[2018.04.20-12.43.59:115][116]Cmd: DELETE
[2018.04.20-12.43.59:115][116]Cmd: ACTOR DELETE
[2018.04.20-12.43.59:116][116]LogEditorActor: Deleted Actor: StaticMeshActor
[2018.04.20-12.43.59:131][116]LogEditorActor: Deleted 1 Actors (0.015 secs)
[2018.04.20-12.44.00:102][206]LogSlate: FSceneViewport::OnFocusLost() reason 0
[2018.04.20-12.44.00:253][219]LogActorFactory: Actor Factory created TemplateFloor
[2018.04.20-12.44.01:889][414]LogActorFactory: Actor Factory created TemplateFloor
[2018.04.20-12.44.02:818][521]Cmd: TRANSACTION UNDO
[2018.04.20-12.44.02:818][521]LogEditorTransaction: Undo Create Actors
[2018.04.20-12.44.03:019][544]Cmd: TRANSACTION UNDO
[2018.04.20-12.44.03:019][544]LogEditorTransaction: Undo Delete Actors
[2018.04.20-12.44.04:282][639]LogSlate: FSceneViewport::OnFocusLost() reason 0
[2018.04.20-12.44.06:927][722]LogActorFactory: Actor Factory created 1M_Cube_Chamfer
[2018.04.20-12.44.07:908][838]LogActorFactory: Actor Factory created 1M_Cube_Chamfer
[2018.04.20-12.44.09:323][998]Cmd: DELETE
[2018.04.20-12.44.09:324][998]Cmd: ACTOR DELETE
[2018.04.20-12.44.09:324][998]LogEditorActor: Deleted Actor: StaticMeshActor
[2018.04.20-12.44.09:332][998]LogEditorActor: Deleted 1 Actors (0.008 secs)
[2018.04.20-12.44.10:446][126]LogSlate: FSceneViewport::OnFocusLost() reason 0
[2018.04.20-12.44.17:825][301]LogSlate: Window 'Delete Assets' being destroyed
[2018.04.20-12.44.38:228][805]LogAIModule: Creating AISystem for world VehicleExampleMap
[2018.04.20-12.44.41:618][805]LogSlate: Window 'Delete Assets' being destroyed
[2018.04.20-12.44.46:494][  3]LogSlate: Window 'Delete Assets' being destroyed
[2018.04.20-12.44.48:886][246]Cmd: OBJ SAVEPACKAGE PACKAGE="/Game/Maps/Level1" FILE="../../../../../../Users/benra/Documents/GitHub/g54gam-car-game/MyProject/Content/Maps/Level1.umap" SILENT=true AUTOSAVING=false KEEPDIRTY=false
[2018.04.20-12.44.48:913][246]LogSavePackage: Save=14.71ms
[2018.04.20-12.44.48:913][246]LogSavePackage: Moving '../../../../../../Users/benra/Documents/GitHub/g54gam-car-game/MyProject/Saved/Level13F98323B43BEAF926C8B3F97664A2D48.tmp' to '../../../../../../Users/benra/Documents/GitHub/g54gam-car-game/MyProject/Content/Maps/Level1.umap'
[2018.04.20-12.44.48:916][246]LogSavePackage: Display: Finished SavePackage ../../../../../../Users/benra/Documents/GitHub/g54gam-car-game/MyProject/Content/Maps/Level1.umap
[2018.04.20-12.44.48:933][246]Cmd: OBJ SAVEPACKAGE PACKAGE="/Game/Maps/Level1_BuiltData" FILE="../../../../../../Users/benra/Documents/GitHub/g54gam-car-game/MyProject/Content/Maps/Level1_BuiltData.uasset" SILENT=true
[2018.04.20-12.44.48:950][246]LogSavePackage: Save=12.04ms
[2018.04.20-12.44.48:950][246]LogSavePackage: Moving '../../../../../../Users/benra/Documents/GitHub/g54gam-car-game/MyProject/Saved/Level1_BuiltData2876ECB94BAB3C7D57560580BFF13B8B.tmp' to '../../../../../../Users/benra/Documents/GitHub/g54gam-car-game/MyProject/Content/Maps/Level1_BuiltData.uasset'
[2018.04.20-12.44.48:951][246]LogSavePackage: Display: Finished SavePackage ../../../../../../Users/benra/Documents/GitHub/g54gam-car-game/MyProject/Content/Maps/Level1_BuiltData.uasset
[2018.04.20-12.44.50:319][379]LogTemp: Repeating last play command: Selected Viewport
[2018.04.20-12.44.50:329][379]LogPlayLevel: PlayLevel: No blueprints needed recompiling
[2018.04.20-12.44.50:329][379]PIE: New page: PIE session: Level1 (20 Apr 2018 14:44:50)
[2018.04.20-12.44.50:329][379]LogPlayLevel: Creating play world package: /Game/Maps/UEDPIE_0_Level1
[2018.04.20-12.44.50:330][379]LogPlayLevel: PIE: StaticDuplicateObject took: (0.001067s)
[2018.04.20-12.44.50:330][379]LogAIModule: Creating AISystem for world Level1
[2018.04.20-12.44.50:330][379]LogPlayLevel: PIE: World Init took: (0.000373s)
[2018.04.20-12.44.50:330][379]LogPlayLevel: PIE: Created PIE world by copying editor world from /Game/Maps/Level1.Level1 to /Game/Maps/UEDPIE_0_Level1.Level1 (0.001516s)
[2018.04.20-12.44.50:360][379]LogInit: XAudio2 using 'Realtek Digital Output (Realtek High Definition Audio)' : 2 channels at 48 kHz using 16 bits per sample (channel mask 0x3)
[2018.04.20-12.44.50:379][379]LogInit: FAudioDevice initialized.
[2018.04.20-12.44.50:410][379]LogLoad: Game class is 'VehicleGameMode_C'
[2018.04.20-12.44.50:413][379]LogWorld: Bringing World /Game/Maps/UEDPIE_0_Level1.Level1 up for play (max tick rate 0) at 2018.04.20-13.44.50
[2018.04.20-12.44.50:413][379]LogWorld: Bringing up level for play took: 0.000363
[2018.04.20-12.44.50:414][379]PIE: Play in editor start time for /Game/Maps/UEDPIE_0_Level1 -0.23
[2018.04.20-12.44.53:386][630]LogSlate: FSceneViewport::OnFocusLost() reason 0
[2018.04.20-12.44.55:834][799]Cmd: SELECT NONE
[2018.04.20-12.45.07:414][ 97]LogFactory: FactoryCreateFile: StaticMesh with FbxFactory (0 0 ../../../../../../Users/benra/Downloads/Prototyping Kit SE/GenericGasStation/SM_GenericGasStation_01.fbx)
[2018.04.20-12.45.07:421][ 97]LogFbx: ItemName: Model, ItemCount : 43
[2018.04.20-12.45.07:421][ 97]LogFbx: ItemName: Material, ItemCount : 4
[2018.04.20-12.45.07:421][ 97]LogFbx: ItemName: Texture, ItemCount : 1
[2018.04.20-12.45.07:421][ 97]LogFbx: ItemName: Video, ItemCount : 1
[2018.04.20-12.45.07:421][ 97]LogFbx: ItemName: SceneInfo, ItemCount : 1
[2018.04.20-12.45.07:421][ 97]LogFbx: ItemName: GlobalSettings, ItemCount : 1
[2018.04.20-12.45.07:421][ 97]LogFbx: ItemName: CollectionExclusive, ItemCount : 3
[2018.04.20-12.45.07:424][ 97]LogFbx: Loading FBX Scene from ../../../../../../Users/benra/Downloads/Prototyping Kit SE/GenericGasStation/SM_GenericGasStation_01.fbx
[2018.04.20-12.45.07:442][ 97]LogFbx: FBX Scene Loaded Succesfully
[2018.04.20-12.45.09:994][ 97]LogSlate: Window 'FBX Import Options' being destroyed
[2018.04.20-12.45.10:058][ 97]LogFbx: Loading FBX Scene from ../../../../../../Users/benra/Downloads/Prototyping Kit SE/GenericGasStation/SM_GenericGasStation_01.fbx
[2018.04.20-12.45.10:074][ 97]LogFbx: FBX Scene Loaded Succesfully
[2018.04.20-12.45.10:084][ 97]LogMaterial: Missing cached shader map for material lambert7, compiling. 
[2018.04.20-12.45.10:109][ 97]LogShaderCompilers: Display: Shaders left to compile 22
[2018.04.20-12.45.10:109][ 97]LogShaderCompilers: Display: Shaders left to compile 12
[2018.04.20-12.45.10:109][ 97]LogShaderCompilers: Display: Shaders left to compile 2
[2018.04.20-12.45.10:109][ 97]LogMaterial: Missing cached shader map for material lambert6, compiling. 
[2018.04.20-12.45.10:117][ 97]LogMaterial: Missing cached shader map for material lambert1, compiling. 
[2018.04.20-12.45.10:124][ 97]LogLinker: Can't find file '/Game/T_Glass_01_albedo'
[2018.04.20-12.45.10:124][ 97]LogLinker: Can't find file '/Game/T_Glass_01_albedo'
[2018.04.20-12.45.10:124][ 97]LogFbxMaterialImport: Warning: Unable to find Texture file C:/Users/aaron.kaminer/Desktop/T_Glass_01_albedo.tga
[2018.04.20-12.45.10:126][ 97]LogMaterial: Missing cached shader map for material lambert5, compiling. 
[2018.04.20-12.45.10:131][ 97]LogFbx: Warning: Triangulating static mesh polySurface19
[2018.04.20-12.45.10:181][ 97]LogShaderCompilers: Display: Shaders left to compile 66
[2018.04.20-12.45.10:181][ 97]LogStaticMesh: Building static mesh SM_GenericGasStation_01...
[2018.04.20-12.45.10:202][ 97]LogStaticMesh: Built static mesh [0.02s] /Game/SM_GenericGasStation_01.SM_GenericGasStation_01
[2018.04.20-12.45.10:213][ 97]FBXImport: Warning: No smoothing group information was found in this FBX scene.  Please make sure to enable the 'Export Smoothing Groups' option in the FBX Exporter plug-in before exporting the file.  Even for tools that don't support smoothing groups, the FBX Exporter will generate appropriate smoothing data at export-time so that correct vertex normals can be inferred while importing. 
[2018.04.20-12.45.10:642][107]LogShaderCompilers: Display: Shaders left to compile 56
[2018.04.20-12.45.11:539][124]LogShaderCompilers: Display: Shaders left to compile 46
[2018.04.20-12.45.11:562][125]LogShaderCompilers: Display: Shaders left to compile 36
[2018.04.20-12.45.12:074][133]LogSlate: Window 'Message Log' being destroyed
[2018.04.20-12.45.12:142][133]LogSlate: Window 'Message Log' being destroyed
[2018.04.20-12.45.12:209][136]LogShaderCompilers: Display: Shaders left to compile 26
[2018.04.20-12.45.12:423][140]LogShaderCompilers: Display: Shaders left to compile 16
[2018.04.20-12.45.12:540][142]LogShaderCompilers: Display: Shaders left to compile 6
[2018.04.20-12.45.17:215][419]LogActorFactory: Actor Factory created SM_GenericGasStation_01
[2018.04.20-12.45.18:076][519]LogActorFactory: Actor Factory created SM_GenericGasStation_01
[2018.04.20-12.45.20:817][842]Cmd: TRANSACTION UNDO
[2018.04.20-12.45.20:817][842]LogEditorTransaction: Undo Create Actors
[2018.04.20-12.45.21:318][874]Cmd: TRANSACTION UNDO
[2018.04.20-12.45.21:318][874]LogEditorTransaction: Undo Select None
[2018.04.20-12.45.23:891][953]LogSlate: FSceneViewport::OnFocusLost() reason 0
[2018.04.20-12.45.27:494][ 18]LogSlate: Window 'Delete Assets' being destroyed
[2018.04.20-12.45.28:745][109]Cmd: OBJ SAVEPACKAGE PACKAGE="/Game/Maps/Level1" FILE="../../../../../../Users/benra/Documents/GitHub/g54gam-car-game/MyProject/Content/Maps/Level1.umap" SILENT=true AUTOSAVING=false KEEPDIRTY=false
[2018.04.20-12.45.28:768][109]LogSavePackage: Save=14.49ms
[2018.04.20-12.45.28:768][109]LogSavePackage: Moving '../../../../../../Users/benra/Documents/GitHub/g54gam-car-game/MyProject/Saved/Level1A0A5B5224C310D4FB28C80996EA5766F.tmp' to '../../../../../../Users/benra/Documents/GitHub/g54gam-car-game/MyProject/Content/Maps/Level1.umap'
[2018.04.20-12.45.28:770][109]LogSavePackage: Display: Finished SavePackage ../../../../../../Users/benra/Documents/GitHub/g54gam-car-game/MyProject/Content/Maps/Level1.umap
[2018.04.20-12.45.28:788][109]Cmd: OBJ SAVEPACKAGE PACKAGE="/Game/Maps/Level1_BuiltData" FILE="../../../../../../Users/benra/Documents/GitHub/g54gam-car-game/MyProject/Content/Maps/Level1_BuiltData.uasset" SILENT=true
[2018.04.20-12.45.28:799][109]LogSavePackage: Save=9.28ms
[2018.04.20-12.45.28:799][109]LogSavePackage: Moving '../../../../../../Users/benra/Documents/GitHub/g54gam-car-game/MyProject/Saved/Level1_BuiltData804EFB72484AE483443CC7BCCBE6EFDA.tmp' to '../../../../../../Users/benra/Documents/GitHub/g54gam-car-game/MyProject/Content/Maps/Level1_BuiltData.uasset'
[2018.04.20-12.45.28:800][109]LogSavePackage: Display: Finished SavePackage ../../../../../../Users/benra/Documents/GitHub/g54gam-car-game/MyProject/Content/Maps/Level1_BuiltData.uasset
[2018.04.20-12.45.31:388][126]LogFactory: FactoryCreateFile: StaticMesh with FbxFactory (0 0 ../../../../../../Users/benra/Downloads/Prototyping Kit SE/GenericGasStation/SM_GenericGasStation_01.fbx)
[2018.04.20-12.45.31:391][126]LogFbx: ItemName: Model, ItemCount : 43
[2018.04.20-12.45.31:391][126]LogFbx: ItemName: Material, ItemCount : 4
[2018.04.20-12.45.31:391][126]LogFbx: ItemName: Texture, ItemCount : 1
[2018.04.20-12.45.31:391][126]LogFbx: ItemName: Video, ItemCount : 1
[2018.04.20-12.45.31:391][126]LogFbx: ItemName: SceneInfo, ItemCount : 1
[2018.04.20-12.45.31:391][126]LogFbx: ItemName: GlobalSettings, ItemCount : 1
[2018.04.20-12.45.31:391][126]LogFbx: ItemName: CollectionExclusive, ItemCount : 3
[2018.04.20-12.45.31:395][126]LogFbx: Loading FBX Scene from ../../../../../../Users/benra/Downloads/Prototyping Kit SE/GenericGasStation/SM_GenericGasStation_01.fbx
[2018.04.20-12.45.31:410][126]LogFbx: FBX Scene Loaded Succesfully
[2018.04.20-12.46.05:304][126]LogSlate: Window 'FBX Import Options' being destroyed
[2018.04.20-12.46.32:807][330]LogFactory: FactoryCreateFile: StaticMesh with FbxFactory (0 0 ../../../../../../Users/benra/Downloads/Prototyping Kit SE/GenericGasStation/SM_GenericGasStation_01.fbx)
[2018.04.20-12.46.32:812][330]LogFbx: ItemName: Model, ItemCount : 43
[2018.04.20-12.46.32:812][330]LogFbx: ItemName: Material, ItemCount : 4
[2018.04.20-12.46.32:812][330]LogFbx: ItemName: Texture, ItemCount : 1
[2018.04.20-12.46.32:812][330]LogFbx: ItemName: Video, ItemCount : 1
[2018.04.20-12.46.32:812][330]LogFbx: ItemName: SceneInfo, ItemCount : 1
[2018.04.20-12.46.32:812][330]LogFbx: ItemName: GlobalSettings, ItemCount : 1
[2018.04.20-12.46.32:812][330]LogFbx: ItemName: CollectionExclusive, ItemCount : 3
[2018.04.20-12.46.32:815][330]LogFbx: Loading FBX Scene from ../../../../../../Users/benra/Downloads/Prototyping Kit SE/GenericGasStation/SM_GenericGasStation_01.fbx
[2018.04.20-12.46.32:830][330]LogFbx: FBX Scene Loaded Succesfully
[2018.04.20-12.46.37:221][330]LogSlate: Window 'FBX Import Options' being destroyed
[2018.04.20-12.46.37:246][330]LogFbx: Loading FBX Scene from ../../../../../../Users/benra/Downloads/Prototyping Kit SE/GenericGasStation/SM_GenericGasStation_01.fbx
[2018.04.20-12.46.37:261][330]LogFbx: FBX Scene Loaded Succesfully
[2018.04.20-12.46.37:265][330]LogMaterial: Missing cached shader map for material lambert7, compiling. 
[2018.04.20-12.46.37:274][330]LogMaterial: Missing cached shader map for material lambert6, compiling. 
[2018.04.20-12.46.37:278][330]LogShaderCompilers: Display: Shaders left to compile 22
[2018.04.20-12.46.37:278][330]LogShaderCompilers: Display: Shaders left to compile 12
[2018.04.20-12.46.37:278][330]LogShaderCompilers: Display: Shaders left to compile 2
[2018.04.20-12.46.37:282][330]LogMaterial: Missing cached shader map for material lambert1, compiling. 
[2018.04.20-12.46.37:289][330]LogLinker: Can't find file '/Game/Geometry/GasStation/T_Glass_01_albedo'
[2018.04.20-12.46.37:289][330]LogLinker: Can't find file '/Game/Geometry/GasStation/T_Glass_01_albedo'
[2018.04.20-12.46.37:289][330]LogFbxMaterialImport: Warning: Unable to find Texture file C:/Users/aaron.kaminer/Desktop/T_Glass_01_albedo.tga
[2018.04.20-12.46.37:291][330]LogMaterial: Missing cached shader map for material lambert5, compiling. 
[2018.04.20-12.46.37:297][330]LogShaderCompilers: Display: Shaders left to compile 66
[2018.04.20-12.46.37:297][330]LogFbx: Warning: Triangulating static mesh polySurface19
[2018.04.20-12.46.37:341][330]LogStaticMesh: Building static mesh SM_GenericGasStation_01...
[2018.04.20-12.46.37:360][330]LogStaticMesh: Built static mesh [0.02s] /Game/Geometry/GasStation/SM_GenericGasStation_01.SM_GenericGasStation_01
[2018.04.20-12.46.37:371][330]FBXImport: Warning: No smoothing group information was found in this FBX scene.  Please make sure to enable the 'Export Smoothing Groups' option in the FBX Exporter plug-in before exporting the file.  Even for tools that don't support smoothing groups, the FBX Exporter will generate appropriate smoothing data at export-time so that correct vertex normals can be inferred while importing. 
[2018.04.20-12.46.37:778][338]LogShaderCompilers: Display: Shaders left to compile 56
[2018.04.20-12.46.38:712][360]LogShaderCompilers: Display: Shaders left to compile 46
[2018.04.20-12.46.38:713][360]LogShaderCompilers: Display: Shaders left to compile 36
[2018.04.20-12.46.39:316][373]LogShaderCompilers: Display: Shaders left to compile 26
[2018.04.20-12.46.39:546][377]LogShaderCompilers: Display: Shaders left to compile 16
[2018.04.20-12.46.39:691][380]LogShaderCompilers: Display: Shaders left to compile 6
[2018.04.20-12.46.40:371][393]LogSlate: Window 'Message Log' being destroyed
[2018.04.20-12.46.40:425][393]LogSlate: Window 'Message Log' being destroyed
[2018.04.20-12.46.47:040][798]LogActorFactory: Actor Factory created SM_GenericGasStation_01
[2018.04.20-12.46.47:854][894]LogActorFactory: Actor Factory created SM_GenericGasStation_01
[2018.04.20-12.46.52:522][437]Cmd: TRANSACTION UNDO
[2018.04.20-12.46.52:522][437]LogEditorTransaction: Undo Create Actors
[2018.04.20-12.46.58:871][ 49]LogEditorViewport: Clicking on Actor (LMB): StaticMeshActor (Floor)
[2018.04.20-12.47.00:194][175]LogSlate: FSceneViewport::OnFocusLost() reason 0
[2018.04.20-12.47.05:228][634]LogSlate: FSceneViewport::OnFocusLost() reason 0
[2018.04.20-12.47.05:368][642]LogActorFactory: Actor Factory created SM_GenericGasStation_01
[2018.04.20-12.47.06:995][835]LogActorFactory: Actor Factory created SM_GenericGasStation_01
[2018.04.20-12.47.18:867][236]LogSlate: FSceneViewport::OnFocusLost() reason 0
[2018.04.20-12.47.27:685][246]Cmd: TRANSACTION UNDO
[2018.04.20-12.47.27:685][246]LogEditorTransaction: Undo Move Actors
[2018.04.20-12.47.37:321][271]LogSlate: FSceneViewport::OnFocusLost() reason 0
[2018.04.20-12.47.37:389][277]LogTemp: Repeating last play command: Selected Viewport
[2018.04.20-12.47.37:400][277]LogPlayLevel: PlayLevel: No blueprints needed recompiling
[2018.04.20-12.47.37:400][277]PIE: New page: PIE session: Level1 (20 Apr 2018 14:47:37)
[2018.04.20-12.47.37:400][277]LogPlayLevel: Creating play world package: /Game/Maps/UEDPIE_0_Level1
[2018.04.20-12.47.37:401][277]LogPlayLevel: PIE: StaticDuplicateObject took: (0.001281s)
[2018.04.20-12.47.37:402][277]LogAIModule: Creating AISystem for world Level1
[2018.04.20-12.47.37:402][277]LogPlayLevel: PIE: World Init took: (0.000510s)
[2018.04.20-12.47.37:402][277]LogPlayLevel: PIE: Created PIE world by copying editor world from /Game/Maps/Level1.Level1 to /Game/Maps/UEDPIE_0_Level1.Level1 (0.001879s)
[2018.04.20-12.47.37:413][277]LogInit: XAudio2 using 'Realtek Digital Output (Realtek High Definition Audio)' : 2 channels at 48 kHz using 16 bits per sample (channel mask 0x3)
[2018.04.20-12.47.37:433][277]LogInit: FAudioDevice initialized.
[2018.04.20-12.47.37:465][277]LogLoad: Game class is 'VehicleGameMode_C'
[2018.04.20-12.47.37:467][277]LogWorld: Bringing World /Game/Maps/UEDPIE_0_Level1.Level1 up for play (max tick rate 0) at 2018.04.20-13.47.37
[2018.04.20-12.47.37:467][277]LogWorld: Bringing up level for play took: 0.000364
[2018.04.20-12.47.37:468][277]PIE: Play in editor start time for /Game/Maps/UEDPIE_0_Level1 0.824
[2018.04.20-12.47.48:327][550]LogSlate: FSceneViewport::OnFocusLost() reason 2
[2018.04.20-12.47.48:336][550]Cmd: OBJ SAVEPACKAGE PACKAGE="/Game/Maps/Level1" FILE="../../../../../../Users/benra/Documents/GitHub/g54gam-car-game/MyProject/Content/Maps/Level1.umap" SILENT=true AUTOSAVING=false KEEPDIRTY=false
[2018.04.20-12.47.48:360][550]LogSavePackage: Save=15.30ms
[2018.04.20-12.47.48:360][550]LogSavePackage: Moving '../../../../../../Users/benra/Documents/GitHub/g54gam-car-game/MyProject/Saved/Level1340C67EF4AC1C4FEB03495BB3138A519.tmp' to '../../../../../../Users/benra/Documents/GitHub/g54gam-car-game/MyProject/Content/Maps/Level1.umap'
[2018.04.20-12.47.48:362][550]LogSavePackage: Display: Finished SavePackage ../../../../../../Users/benra/Documents/GitHub/g54gam-car-game/MyProject/Content/Maps/Level1.umap
[2018.04.20-12.47.48:390][550]Cmd: OBJ SAVEPACKAGE PACKAGE="/Game/Maps/Level1_BuiltData" FILE="../../../../../../Users/benra/Documents/GitHub/g54gam-car-game/MyProject/Content/Maps/Level1_BuiltData.uasset" SILENT=true
[2018.04.20-12.47.48:401][550]LogSavePackage: Save=9.44ms
[2018.04.20-12.47.48:401][550]LogSavePackage: Moving '../../../../../../Users/benra/Documents/GitHub/g54gam-car-game/MyProject/Saved/Level1_BuiltData989132EF4FD057EDF8B8B2B42A4CA91F.tmp' to '../../../../../../Users/benra/Documents/GitHub/g54gam-car-game/MyProject/Content/Maps/Level1_BuiltData.uasset'
[2018.04.20-12.47.48:402][550]LogSavePackage: Display: Finished SavePackage ../../../../../../Users/benra/Documents/GitHub/g54gam-car-game/MyProject/Content/Maps/Level1_BuiltData.uasset
[2018.04.20-12.47.50:077][749]LogSlate: FSceneViewport::OnFocusLost() reason 0
[2018.04.20-12.47.59:037][ 98]LogTemp: Repeating last play command: Selected Viewport
[2018.04.20-12.47.59:048][ 98]LogPlayLevel: PlayLevel: No blueprints needed recompiling
[2018.04.20-12.47.59:048][ 98]PIE: New page: PIE session: Level1 (20 Apr 2018 14:47:59)
[2018.04.20-12.47.59:048][ 98]LogPlayLevel: Creating play world package: /Game/Maps/UEDPIE_0_Level1
[2018.04.20-12.47.59:049][ 98]LogPlayLevel: PIE: StaticDuplicateObject took: (0.001121s)
[2018.04.20-12.47.59:049][ 98]LogAIModule: Creating AISystem for world Level1
[2018.04.20-12.47.59:050][ 98]LogPlayLevel: PIE: World Init took: (0.000400s)
[2018.04.20-12.47.59:050][ 98]LogPlayLevel: PIE: Created PIE world by copying editor world from /Game/Maps/Level1.Level1 to /Game/Maps/UEDPIE_0_Level1.Level1 (0.001624s)
[2018.04.20-12.47.59:061][ 98]LogInit: XAudio2 using 'Realtek Digital Output (Realtek High Definition Audio)' : 2 channels at 48 kHz using 16 bits per sample (channel mask 0x3)
[2018.04.20-12.47.59:079][ 98]LogInit: FAudioDevice initialized.
[2018.04.20-12.47.59:111][ 98]LogLoad: Game class is 'VehicleGameMode_C'
[2018.04.20-12.47.59:114][ 98]LogWorld: Bringing World /Game/Maps/UEDPIE_0_Level1.Level1 up for play (max tick rate 0) at 2018.04.20-13.47.59
[2018.04.20-12.47.59:114][ 98]LogWorld: Bringing up level for play took: 0.000383
[2018.04.20-12.47.59:116][ 98]PIE: Play in editor start time for /Game/Maps/UEDPIE_0_Level1 0.471
